<?xml version="1.0" encoding="UTF-8"?>
<robot generator="Rebot 6.1.1 (Python 3.10.12 on linux)" generated="20231012 18:55:25.281" rpa="false" schemaversion="4">
<suite id="s1" name="Advarisk-assignment" source="/home/tushars/PycharmProjects/assign/Advarisk-assignment">
<suite id="s1-s1" name="Facebook" source="/home/tushars/PycharmProjects/assign/Advarisk-assignment/facebook.robot">
<test id="s1-s1-t1" name="facebook page" line="9">
<kw name="Open Browser" library="SeleniumLibrary" type="SETUP">
<arg>browser=Chrome</arg>
<doc>Opens a new browser instance to the optional ``url``.</doc>
<msg timestamp="20231012 18:51:19.753" level="INFO">Opening browser 'Chrome' to base url 'None'.</msg>
<status status="PASS" starttime="20231012 18:51:19.753" endtime="20231012 18:51:23.101"/>
</kw>
<kw name="sign in" library="Keywords">
<arg>standard_user</arg>
<kw name="open login page" library="Keywords">
<kw name="Open Browser" library="SeleniumLibrary">
<arg>${URL}</arg>
<arg>${Browser}</arg>
<arg>${chromedriver}</arg>
<doc>Opens a new browser instance to the optional ``url``.</doc>
<msg timestamp="20231012 18:51:23.113" level="INFO">Opening browser 'Chrome' to base url 'https://www.saucedemo.com/'.</msg>
<status status="PASS" starttime="20231012 18:51:23.111" endtime="20231012 18:51:27.995"/>
</kw>
<status status="PASS" starttime="20231012 18:51:23.111" endtime="20231012 18:51:27.995"/>
</kw>
<kw name="Input Text" library="SeleniumLibrary">
<arg>${username}</arg>
<arg>${user}</arg>
<doc>Types the given ``text`` into the text field identified by ``locator``.</doc>
<msg timestamp="20231012 18:51:27.997" level="INFO">Typing text 'standard_user' into text field '//*[@id="user-name"]'.</msg>
<status status="PASS" starttime="20231012 18:51:27.996" endtime="20231012 18:51:28.564"/>
</kw>
<kw name="Input Text" library="SeleniumLibrary">
<arg>${password}</arg>
<arg>secret_sauce</arg>
<doc>Types the given ``text`` into the text field identified by ``locator``.</doc>
<msg timestamp="20231012 18:51:28.567" level="INFO">Typing text 'secret_sauce' into text field '//*[@id="password"]'.</msg>
<status status="PASS" starttime="20231012 18:51:28.565" endtime="20231012 18:51:28.964"/>
</kw>
<kw name="Click Button" library="SeleniumLibrary">
<arg>login-button</arg>
<doc>Clicks the button identified by ``locator``.</doc>
<msg timestamp="20231012 18:51:28.965" level="INFO">Clicking button 'login-button'.</msg>
<status status="PASS" starttime="20231012 18:51:28.964" endtime="20231012 18:51:29.313"/>
</kw>
<status status="PASS" starttime="20231012 18:51:23.101" endtime="20231012 18:51:29.314"/>
</kw>
<kw name="Sleep" library="BuiltIn">
<arg>2s</arg>
<doc>Pauses the test executed for the given time.</doc>
<msg timestamp="20231012 18:51:31.315" level="INFO">Slept 2 seconds</msg>
<status status="PASS" starttime="20231012 18:51:29.314" endtime="20231012 18:51:31.316"/>
</kw>
<kw name="facebook" library="Keywords">
<kw name="Scroll Element Into View" library="SeleniumLibrary">
<arg>//*[@class="social"]</arg>
<doc>Scrolls the element identified by ``locator`` into view.</doc>
<status status="PASS" starttime="20231012 18:51:31.317" endtime="20231012 18:51:31.637"/>
</kw>
<kw name="Click Element" library="SeleniumLibrary">
<arg>//*[@class="social_facebook"]</arg>
<doc>Click the element identified by ``locator``.</doc>
<msg timestamp="20231012 18:51:31.638" level="INFO">Clicking element '//*[@class="social_facebook"]'.</msg>
<status status="PASS" starttime="20231012 18:51:31.637" endtime="20231012 18:51:31.845"/>
</kw>
<status status="PASS" starttime="20231012 18:51:31.317" endtime="20231012 18:51:31.845"/>
</kw>
<kw name="Sleep" library="BuiltIn">
<arg>3s</arg>
<doc>Pauses the test executed for the given time.</doc>
<msg timestamp="20231012 18:51:34.849" level="INFO">Slept 3 seconds</msg>
<status status="PASS" starttime="20231012 18:51:31.846" endtime="20231012 18:51:34.849"/>
</kw>
<kw name="Close Browser" library="SeleniumLibrary" type="TEARDOWN">
<doc>Closes the current browser.</doc>
<status status="PASS" starttime="20231012 18:51:34.850" endtime="20231012 18:51:35.005"/>
</kw>
<doc>facebook page</doc>
<status status="PASS" starttime="20231012 18:51:19.752" endtime="20231012 18:51:35.006"/>
</test>
<status status="PASS" starttime="20231012 18:51:19.439" endtime="20231012 18:51:35.102"/>
</suite>
<suite id="s1-s2" name="Linkedin" source="/home/tushars/PycharmProjects/assign/Advarisk-assignment/linkedin.robot">
<test id="s1-s2-t1" name="linkedin page" line="9">
<kw name="Open Browser" library="SeleniumLibrary" type="SETUP">
<arg>browser=Chrome</arg>
<doc>Opens a new browser instance to the optional ``url``.</doc>
<msg timestamp="20231012 18:51:19.707" level="INFO">Opening browser 'Chrome' to base url 'None'.</msg>
<status status="PASS" starttime="20231012 18:51:19.706" endtime="20231012 18:51:22.842"/>
</kw>
<kw name="sign in" library="Keywords">
<arg>standard_user</arg>
<kw name="open login page" library="Keywords">
<kw name="Open Browser" library="SeleniumLibrary">
<arg>${URL}</arg>
<arg>${Browser}</arg>
<arg>${chromedriver}</arg>
<doc>Opens a new browser instance to the optional ``url``.</doc>
<msg timestamp="20231012 18:51:22.896" level="INFO">Opening browser 'Chrome' to base url 'https://www.saucedemo.com/'.</msg>
<status status="PASS" starttime="20231012 18:51:22.886" endtime="20231012 18:51:27.690"/>
</kw>
<status status="PASS" starttime="20231012 18:51:22.886" endtime="20231012 18:51:27.691"/>
</kw>
<kw name="Input Text" library="SeleniumLibrary">
<arg>${username}</arg>
<arg>${user}</arg>
<doc>Types the given ``text`` into the text field identified by ``locator``.</doc>
<msg timestamp="20231012 18:51:27.692" level="INFO">Typing text 'standard_user' into text field '//*[@id="user-name"]'.</msg>
<status status="PASS" starttime="20231012 18:51:27.691" endtime="20231012 18:51:28.488"/>
</kw>
<kw name="Input Text" library="SeleniumLibrary">
<arg>${password}</arg>
<arg>secret_sauce</arg>
<doc>Types the given ``text`` into the text field identified by ``locator``.</doc>
<msg timestamp="20231012 18:51:28.489" level="INFO">Typing text 'secret_sauce' into text field '//*[@id="password"]'.</msg>
<status status="PASS" starttime="20231012 18:51:28.488" endtime="20231012 18:51:28.991"/>
</kw>
<kw name="Click Button" library="SeleniumLibrary">
<arg>login-button</arg>
<doc>Clicks the button identified by ``locator``.</doc>
<msg timestamp="20231012 18:51:28.997" level="INFO">Clicking button 'login-button'.</msg>
<status status="PASS" starttime="20231012 18:51:28.992" endtime="20231012 18:51:29.400"/>
</kw>
<status status="PASS" starttime="20231012 18:51:22.843" endtime="20231012 18:51:29.400"/>
</kw>
<kw name="Sleep" library="BuiltIn">
<arg>2s</arg>
<doc>Pauses the test executed for the given time.</doc>
<msg timestamp="20231012 18:51:31.401" level="INFO">Slept 2 seconds</msg>
<status status="PASS" starttime="20231012 18:51:29.401" endtime="20231012 18:51:31.401"/>
</kw>
<kw name=" linkedin" library="Keywords">
<kw name="Scroll Element Into View" library="SeleniumLibrary">
<arg>//*[@class="social"]</arg>
<doc>Scrolls the element identified by ``locator`` into view.</doc>
<status status="PASS" starttime="20231012 18:51:31.403" endtime="20231012 18:51:31.705"/>
</kw>
<kw name="Click Element" library="SeleniumLibrary">
<arg>//*[@class="social_linkedin"]</arg>
<doc>Click the element identified by ``locator``.</doc>
<msg timestamp="20231012 18:51:31.707" level="INFO">Clicking element '//*[@class="social_linkedin"]'.</msg>
<status status="PASS" starttime="20231012 18:51:31.706" endtime="20231012 18:51:31.975"/>
</kw>
<status status="PASS" starttime="20231012 18:51:31.402" endtime="20231012 18:51:31.975"/>
</kw>
<kw name="Sleep" library="BuiltIn">
<arg>3s</arg>
<doc>Pauses the test executed for the given time.</doc>
<msg timestamp="20231012 18:51:34.976" level="INFO">Slept 3 seconds</msg>
<status status="PASS" starttime="20231012 18:51:31.975" endtime="20231012 18:51:34.976"/>
</kw>
<kw name="Close Browser" library="SeleniumLibrary" type="TEARDOWN">
<doc>Closes the current browser.</doc>
<status status="PASS" starttime="20231012 18:51:34.977" endtime="20231012 18:51:35.188"/>
</kw>
<doc>linkedin page</doc>
<status status="PASS" starttime="20231012 18:51:19.705" endtime="20231012 18:51:35.189"/>
</test>
<status status="PASS" starttime="20231012 18:51:19.376" endtime="20231012 18:51:35.229"/>
</suite>
<suite id="s1-s3" name="Login-Password-Valication-Check" source="/home/tushars/PycharmProjects/assign/Advarisk-assignment/login-password-valication-check.robot">
<test id="s1-s3-t1" name="login-password-valication-check" line="8">
<kw name="Open Browser" library="SeleniumLibrary" type="SETUP">
<arg>browser=Chrome</arg>
<doc>Opens a new browser instance to the optional ``url``.</doc>
<msg timestamp="20231012 18:51:19.715" level="INFO">Opening browser 'Chrome' to base url 'None'.</msg>
<status status="PASS" starttime="20231012 18:51:19.715" endtime="20231012 18:51:23.042"/>
</kw>
<kw name="open login page" library="Keywords">
<kw name="Open Browser" library="SeleniumLibrary">
<arg>${URL}</arg>
<arg>${Browser}</arg>
<arg>${chromedriver}</arg>
<doc>Opens a new browser instance to the optional ``url``.</doc>
<msg timestamp="20231012 18:51:23.052" level="INFO">Opening browser 'Chrome' to base url 'https://www.saucedemo.com/'.</msg>
<status status="PASS" starttime="20231012 18:51:23.050" endtime="20231012 18:51:27.966"/>
</kw>
<status status="PASS" starttime="20231012 18:51:23.043" endtime="20231012 18:51:27.966"/>
</kw>
<kw name="sign in with invalid password" library="Keywords">
<kw name="Input Text" library="SeleniumLibrary">
<arg>${username}</arg>
<arg>standard_user</arg>
<doc>Types the given ``text`` into the text field identified by ``locator``.</doc>
<msg timestamp="20231012 18:51:27.970" level="INFO">Typing text 'standard_user' into text field '//*[@id="user-name"]'.</msg>
<status status="PASS" starttime="20231012 18:51:27.968" endtime="20231012 18:51:28.665"/>
</kw>
<kw name="Input Text" library="SeleniumLibrary">
<arg>${password}</arg>
<arg>secret</arg>
<doc>Types the given ``text`` into the text field identified by ``locator``.</doc>
<msg timestamp="20231012 18:51:28.667" level="INFO">Typing text 'secret' into text field '//*[@id="password"]'.</msg>
<status status="PASS" starttime="20231012 18:51:28.666" endtime="20231012 18:51:29.064"/>
</kw>
<kw name="Click Button" library="SeleniumLibrary">
<arg>login-button</arg>
<doc>Clicks the button identified by ``locator``.</doc>
<msg timestamp="20231012 18:51:29.066" level="INFO">Clicking button 'login-button'.</msg>
<status status="PASS" starttime="20231012 18:51:29.065" endtime="20231012 18:51:29.368"/>
</kw>
<kw name="Wait Until Element Is Enabled" library="SeleniumLibrary">
<arg>${validation_error}</arg>
<doc>Waits until the element ``locator`` is enabled.</doc>
<status status="PASS" starttime="20231012 18:51:29.368" endtime="20231012 18:51:29.488"/>
</kw>
<kw name="Capture Page Screenshot" library="SeleniumLibrary">
<doc>Takes a screenshot of the current page and embeds it into a log file.</doc>
<msg timestamp="20231012 18:51:29.639" level="INFO" html="true">&lt;/td&gt;&lt;/tr&gt;&lt;tr&gt;&lt;td colspan="3"&gt;&lt;a href="2-selenium-screenshot-1.png"&gt;&lt;img src="2-selenium-screenshot-1.png" width="800px"&gt;&lt;/a&gt;</msg>
<status status="PASS" starttime="20231012 18:51:29.488" endtime="20231012 18:51:29.639"/>
</kw>
<status status="PASS" starttime="20231012 18:51:27.967" endtime="20231012 18:51:29.639"/>
</kw>
<kw name="Close Browser" library="SeleniumLibrary" type="TEARDOWN">
<doc>Closes the current browser.</doc>
<status status="PASS" starttime="20231012 18:51:29.640" endtime="20231012 18:51:30.777"/>
</kw>
<doc>login-password-valication-check</doc>
<status status="PASS" starttime="20231012 18:51:19.714" endtime="20231012 18:51:30.777"/>
</test>
<status status="PASS" starttime="20231012 18:51:19.396" endtime="20231012 18:51:30.779"/>
</suite>
<suite id="s1-s4" name="Login-Username-Valication-Check" source="/home/tushars/PycharmProjects/assign/Advarisk-assignment/login-username-valication-check.robot">
<test id="s1-s4-t1" name="login-username-valication-check" line="8">
<kw name="Open Browser" library="SeleniumLibrary" type="SETUP">
<arg>browser=Chrome</arg>
<doc>Opens a new browser instance to the optional ``url``.</doc>
<msg timestamp="20231012 18:51:19.672" level="INFO">Opening browser 'Chrome' to base url 'None'.</msg>
<status status="PASS" starttime="20231012 18:51:19.672" endtime="20231012 18:51:22.479"/>
</kw>
<kw name="open login page" library="Keywords">
<kw name="Open Browser" library="SeleniumLibrary">
<arg>${URL}</arg>
<arg>${Browser}</arg>
<arg>${chromedriver}</arg>
<doc>Opens a new browser instance to the optional ``url``.</doc>
<msg timestamp="20231012 18:51:22.491" level="INFO">Opening browser 'Chrome' to base url 'https://www.saucedemo.com/'.</msg>
<status status="PASS" starttime="20231012 18:51:22.484" endtime="20231012 18:51:26.148"/>
</kw>
<status status="PASS" starttime="20231012 18:51:22.481" endtime="20231012 18:51:26.149"/>
</kw>
<kw name="sign in" library="Keywords">
<arg>standard</arg>
<kw name="open login page" library="Keywords">
<kw name="Open Browser" library="SeleniumLibrary">
<arg>${URL}</arg>
<arg>${Browser}</arg>
<arg>${chromedriver}</arg>
<doc>Opens a new browser instance to the optional ``url``.</doc>
<msg timestamp="20231012 18:51:26.152" level="INFO">Using existing browser from index 2.</msg>
<msg timestamp="20231012 18:51:26.152" level="INFO">Opening url 'https://www.saucedemo.com/'</msg>
<status status="PASS" starttime="20231012 18:51:26.151" endtime="20231012 18:51:26.523"/>
</kw>
<status status="PASS" starttime="20231012 18:51:26.150" endtime="20231012 18:51:26.523"/>
</kw>
<kw name="Input Text" library="SeleniumLibrary">
<arg>${username}</arg>
<arg>${user}</arg>
<doc>Types the given ``text`` into the text field identified by ``locator``.</doc>
<msg timestamp="20231012 18:51:26.525" level="INFO">Typing text 'standard' into text field '//*[@id="user-name"]'.</msg>
<status status="PASS" starttime="20231012 18:51:26.524" endtime="20231012 18:51:27.047"/>
</kw>
<kw name="Input Text" library="SeleniumLibrary">
<arg>${password}</arg>
<arg>secret_sauce</arg>
<doc>Types the given ``text`` into the text field identified by ``locator``.</doc>
<msg timestamp="20231012 18:51:27.048" level="INFO">Typing text 'secret_sauce' into text field '//*[@id="password"]'.</msg>
<status status="PASS" starttime="20231012 18:51:27.047" endtime="20231012 18:51:27.390"/>
</kw>
<kw name="Click Button" library="SeleniumLibrary">
<arg>login-button</arg>
<doc>Clicks the button identified by ``locator``.</doc>
<msg timestamp="20231012 18:51:27.391" level="INFO">Clicking button 'login-button'.</msg>
<status status="PASS" starttime="20231012 18:51:27.390" endtime="20231012 18:51:27.602"/>
</kw>
<status status="PASS" starttime="20231012 18:51:26.149" endtime="20231012 18:51:27.603"/>
</kw>
<kw name="Close Browser" library="SeleniumLibrary" type="TEARDOWN">
<doc>Closes the current browser.</doc>
<status status="PASS" starttime="20231012 18:51:27.603" endtime="20231012 18:51:27.780"/>
</kw>
<doc>login-username-valication-check</doc>
<status status="PASS" starttime="20231012 18:51:19.670" endtime="20231012 18:51:27.780"/>
</test>
<status status="PASS" starttime="20231012 18:51:19.384" endtime="20231012 18:51:27.782"/>
</suite>
<suite id="s1-s5" name="Login-With-Locked-User" source="/home/tushars/PycharmProjects/assign/Advarisk-assignment/login-with-locked-user.robot">
<test id="s1-s5-t1" name="login-with-locked-user" line="8">
<kw name="Open Browser" library="SeleniumLibrary" type="SETUP">
<arg>browser=Chrome</arg>
<doc>Opens a new browser instance to the optional ``url``.</doc>
<msg timestamp="20231012 18:51:30.093" level="INFO">Opening browser 'Chrome' to base url 'None'.</msg>
<status status="PASS" starttime="20231012 18:51:30.092" endtime="20231012 18:51:31.893"/>
</kw>
<kw name="open login page" library="Keywords">
<kw name="Open Browser" library="SeleniumLibrary">
<arg>${URL}</arg>
<arg>${Browser}</arg>
<arg>${chromedriver}</arg>
<doc>Opens a new browser instance to the optional ``url``.</doc>
<msg timestamp="20231012 18:51:31.899" level="INFO">Opening browser 'Chrome' to base url 'https://www.saucedemo.com/'.</msg>
<status status="PASS" starttime="20231012 18:51:31.898" endtime="20231012 18:51:36.541"/>
</kw>
<status status="PASS" starttime="20231012 18:51:31.896" endtime="20231012 18:51:36.542"/>
</kw>
<kw name="sign in" library="Keywords">
<arg>locked_out_user</arg>
<kw name="open login page" library="Keywords">
<kw name="Open Browser" library="SeleniumLibrary">
<arg>${URL}</arg>
<arg>${Browser}</arg>
<arg>${chromedriver}</arg>
<doc>Opens a new browser instance to the optional ``url``.</doc>
<msg timestamp="20231012 18:51:36.548" level="INFO">Using existing browser from index 2.</msg>
<msg timestamp="20231012 18:51:36.548" level="INFO">Opening url 'https://www.saucedemo.com/'</msg>
<status status="PASS" starttime="20231012 18:51:36.544" endtime="20231012 18:51:36.752"/>
</kw>
<status status="PASS" starttime="20231012 18:51:36.543" endtime="20231012 18:51:36.752"/>
</kw>
<kw name="Input Text" library="SeleniumLibrary">
<arg>${username}</arg>
<arg>${user}</arg>
<doc>Types the given ``text`` into the text field identified by ``locator``.</doc>
<msg timestamp="20231012 18:51:36.753" level="INFO">Typing text 'locked_out_user' into text field '//*[@id="user-name"]'.</msg>
<status status="PASS" starttime="20231012 18:51:36.752" endtime="20231012 18:51:37.293"/>
</kw>
<kw name="Input Text" library="SeleniumLibrary">
<arg>${password}</arg>
<arg>secret_sauce</arg>
<doc>Types the given ``text`` into the text field identified by ``locator``.</doc>
<msg timestamp="20231012 18:51:37.297" level="INFO">Typing text 'secret_sauce' into text field '//*[@id="password"]'.</msg>
<status status="PASS" starttime="20231012 18:51:37.293" endtime="20231012 18:51:37.516"/>
</kw>
<kw name="Click Button" library="SeleniumLibrary">
<arg>login-button</arg>
<doc>Clicks the button identified by ``locator``.</doc>
<msg timestamp="20231012 18:51:37.518" level="INFO">Clicking button 'login-button'.</msg>
<status status="PASS" starttime="20231012 18:51:37.517" endtime="20231012 18:51:37.652"/>
</kw>
<status status="PASS" starttime="20231012 18:51:36.542" endtime="20231012 18:51:37.652"/>
</kw>
<kw name="Close Browser" library="SeleniumLibrary" type="TEARDOWN">
<doc>Closes the current browser.</doc>
<status status="PASS" starttime="20231012 18:51:37.652" endtime="20231012 18:51:37.898"/>
</kw>
<doc>login-with-locked-user</doc>
<status status="PASS" starttime="20231012 18:51:30.091" endtime="20231012 18:51:37.899"/>
</test>
<status status="PASS" starttime="20231012 18:51:29.837" endtime="20231012 18:51:37.900"/>
</suite>
<suite id="s1-s6" name="Logout" source="/home/tushars/PycharmProjects/assign/Advarisk-assignment/logout.robot">
<test id="s1-s6-t1" name="Logout" line="9">
<kw name="Open Browser" library="SeleniumLibrary" type="SETUP">
<arg>browser=Chrome</arg>
<doc>Opens a new browser instance to the optional ``url``.</doc>
<msg timestamp="20231012 18:51:32.310" level="INFO">Opening browser 'Chrome' to base url 'None'.</msg>
<status status="PASS" starttime="20231012 18:51:32.309" endtime="20231012 18:51:36.363"/>
</kw>
<kw name="sign in" library="Keywords">
<arg>standard_user</arg>
<kw name="open login page" library="Keywords">
<kw name="Open Browser" library="SeleniumLibrary">
<arg>${URL}</arg>
<arg>${Browser}</arg>
<arg>${chromedriver}</arg>
<doc>Opens a new browser instance to the optional ``url``.</doc>
<msg timestamp="20231012 18:51:36.369" level="INFO">Opening browser 'Chrome' to base url 'https://www.saucedemo.com/'.</msg>
<status status="PASS" starttime="20231012 18:51:36.367" endtime="20231012 18:51:39.910"/>
</kw>
<status status="PASS" starttime="20231012 18:51:36.366" endtime="20231012 18:51:39.911"/>
</kw>
<kw name="Input Text" library="SeleniumLibrary">
<arg>${username}</arg>
<arg>${user}</arg>
<doc>Types the given ``text`` into the text field identified by ``locator``.</doc>
<msg timestamp="20231012 18:51:39.912" level="INFO">Typing text 'standard_user' into text field '//*[@id="user-name"]'.</msg>
<status status="PASS" starttime="20231012 18:51:39.911" endtime="20231012 18:51:40.426"/>
</kw>
<kw name="Input Text" library="SeleniumLibrary">
<arg>${password}</arg>
<arg>secret_sauce</arg>
<doc>Types the given ``text`` into the text field identified by ``locator``.</doc>
<msg timestamp="20231012 18:51:40.431" level="INFO">Typing text 'secret_sauce' into text field '//*[@id="password"]'.</msg>
<status status="PASS" starttime="20231012 18:51:40.427" endtime="20231012 18:51:40.819"/>
</kw>
<kw name="Click Button" library="SeleniumLibrary">
<arg>login-button</arg>
<doc>Clicks the button identified by ``locator``.</doc>
<msg timestamp="20231012 18:51:40.820" level="INFO">Clicking button 'login-button'.</msg>
<status status="PASS" starttime="20231012 18:51:40.819" endtime="20231012 18:51:41.056"/>
</kw>
<status status="PASS" starttime="20231012 18:51:36.364" endtime="20231012 18:51:41.056"/>
</kw>
<kw name="Sleep" library="BuiltIn">
<arg>2s</arg>
<doc>Pauses the test executed for the given time.</doc>
<msg timestamp="20231012 18:51:43.056" level="INFO">Slept 2 seconds</msg>
<status status="PASS" starttime="20231012 18:51:41.056" endtime="20231012 18:51:43.057"/>
</kw>
<kw name="Logout" library="Keywords">
<kw name="Click Button" library="SeleniumLibrary">
<arg>Open Menu</arg>
<doc>Clicks the button identified by ``locator``.</doc>
<msg timestamp="20231012 18:51:43.059" level="INFO">Clicking button 'Open Menu'.</msg>
<status status="PASS" starttime="20231012 18:51:43.058" endtime="20231012 18:51:43.305"/>
</kw>
<kw name="Wait Until Element Is Enabled" library="SeleniumLibrary">
<arg>${all_items}</arg>
<doc>Waits until the element ``locator`` is enabled.</doc>
<status status="PASS" starttime="20231012 18:51:43.306" endtime="20231012 18:51:43.630"/>
</kw>
<kw name="Click Element" library="SeleniumLibrary">
<arg>//*[@id="logout_sidebar_link"]</arg>
<doc>Click the element identified by ``locator``.</doc>
<msg timestamp="20231012 18:51:43.631" level="INFO">Clicking element '//*[@id="logout_sidebar_link"]'.</msg>
<status status="PASS" starttime="20231012 18:51:43.630" endtime="20231012 18:51:43.928"/>
</kw>
<status status="PASS" starttime="20231012 18:51:43.058" endtime="20231012 18:51:43.929"/>
</kw>
<kw name="Sleep" library="BuiltIn">
<arg>3s</arg>
<doc>Pauses the test executed for the given time.</doc>
<msg timestamp="20231012 18:51:46.930" level="INFO">Slept 3 seconds</msg>
<status status="PASS" starttime="20231012 18:51:43.929" endtime="20231012 18:51:46.930"/>
</kw>
<kw name="Close Browser" library="SeleniumLibrary" type="TEARDOWN">
<doc>Closes the current browser.</doc>
<status status="PASS" starttime="20231012 18:51:46.930" endtime="20231012 18:51:47.198"/>
</kw>
<doc>User logged out</doc>
<status status="PASS" starttime="20231012 18:51:32.308" endtime="20231012 18:51:47.199"/>
</test>
<status status="PASS" starttime="20231012 18:51:32.050" endtime="20231012 18:51:47.235"/>
</suite>
<suite id="s1-s7" name="Performance Glitch User-Suite" source="/home/tushars/PycharmProjects/assign/Advarisk-assignment/performance_glitch_user-suite">
<suite id="s1-s7-s1" name="Glitch-User--Delivery-Details-Firstname-Validation-Check" source="/home/tushars/PycharmProjects/assign/Advarisk-assignment/performance_glitch_user-suite/glitch-user--delivery-details-firstname-validation-check.robot">
<test id="s1-s7-s1-t1" name="delivery-details-firstname-validation-check-performance_glitch_user" line="8">
<kw name="Open Browser" library="SeleniumLibrary" type="SETUP">
<arg>browser=Chrome</arg>
<doc>Opens a new browser instance to the optional ``url``.</doc>
<msg timestamp="20231012 18:51:37.342" level="INFO">Opening browser 'Chrome' to base url 'None'.</msg>
<status status="PASS" starttime="20231012 18:51:37.342" endtime="20231012 18:51:40.549"/>
</kw>
<kw name="open login page" library="Keywords">
<kw name="Open Browser" library="SeleniumLibrary">
<arg>${URL}</arg>
<arg>${Browser}</arg>
<arg>${chromedriver}</arg>
<doc>Opens a new browser instance to the optional ``url``.</doc>
<msg timestamp="20231012 18:51:40.563" level="INFO">Opening browser 'Chrome' to base url 'https://www.saucedemo.com/'.</msg>
<status status="PASS" starttime="20231012 18:51:40.560" endtime="20231012 18:51:43.329"/>
</kw>
<status status="PASS" starttime="20231012 18:51:40.550" endtime="20231012 18:51:43.330"/>
</kw>
<kw name="sign in" library="Keywords">
<arg>performance_glitch_user</arg>
<kw name="open login page" library="Keywords">
<kw name="Open Browser" library="SeleniumLibrary">
<arg>${URL}</arg>
<arg>${Browser}</arg>
<arg>${chromedriver}</arg>
<doc>Opens a new browser instance to the optional ``url``.</doc>
<msg timestamp="20231012 18:51:43.333" level="INFO">Using existing browser from index 2.</msg>
<msg timestamp="20231012 18:51:43.339" level="INFO">Opening url 'https://www.saucedemo.com/'</msg>
<status status="PASS" starttime="20231012 18:51:43.331" endtime="20231012 18:51:43.846"/>
</kw>
<status status="PASS" starttime="20231012 18:51:43.331" endtime="20231012 18:51:43.847"/>
</kw>
<kw name="Input Text" library="SeleniumLibrary">
<arg>${username}</arg>
<arg>${user}</arg>
<doc>Types the given ``text`` into the text field identified by ``locator``.</doc>
<msg timestamp="20231012 18:51:43.848" level="INFO">Typing text 'performance_glitch_user' into text field '//*[@id="user-name"]'.</msg>
<status status="PASS" starttime="20231012 18:51:43.847" endtime="20231012 18:51:44.555"/>
</kw>
<kw name="Input Text" library="SeleniumLibrary">
<arg>${password}</arg>
<arg>secret_sauce</arg>
<doc>Types the given ``text`` into the text field identified by ``locator``.</doc>
<msg timestamp="20231012 18:51:44.557" level="INFO">Typing text 'secret_sauce' into text field '//*[@id="password"]'.</msg>
<status status="PASS" starttime="20231012 18:51:44.556" endtime="20231012 18:51:45.005"/>
</kw>
<kw name="Click Button" library="SeleniumLibrary">
<arg>login-button</arg>
<doc>Clicks the button identified by ``locator``.</doc>
<msg timestamp="20231012 18:51:45.007" level="INFO">Clicking button 'login-button'.</msg>
<status status="PASS" starttime="20231012 18:51:45.006" endtime="20231012 18:51:50.296"/>
</kw>
<status status="PASS" starttime="20231012 18:51:43.330" endtime="20231012 18:51:50.296"/>
</kw>
<kw name="Add to cart from Product page" library="add-to-cart">
<kw name="Click Element" library="SeleniumLibrary">
<arg>//*[@id="item_4_title_link"]</arg>
<doc>Click the element identified by ``locator``.</doc>
<msg timestamp="20231012 18:51:50.298" level="INFO">Clicking element '//*[@id="item_4_title_link"]'.</msg>
<status status="PASS" starttime="20231012 18:51:50.297" endtime="20231012 18:51:50.450"/>
</kw>
<kw name="Click Button" library="SeleniumLibrary">
<arg>add-to-cart-sauce-labs-backpack</arg>
<doc>Clicks the button identified by ``locator``.</doc>
<msg timestamp="20231012 18:51:50.451" level="INFO">Clicking button 'add-to-cart-sauce-labs-backpack'.</msg>
<status status="PASS" starttime="20231012 18:51:50.450" endtime="20231012 18:51:50.638"/>
</kw>
<kw name="Sleep" library="BuiltIn">
<arg>1s</arg>
<doc>Pauses the test executed for the given time.</doc>
<msg timestamp="20231012 18:51:51.639" level="INFO">Slept 1 second</msg>
<status status="PASS" starttime="20231012 18:51:50.638" endtime="20231012 18:51:51.639"/>
</kw>
<status status="PASS" starttime="20231012 18:51:50.297" endtime="20231012 18:51:51.639"/>
</kw>
<kw name="check cart" library="Keywords">
<kw name="Click Element" library="SeleniumLibrary">
<arg>${cart_button}</arg>
<doc>Click the element identified by ``locator``.</doc>
<msg timestamp="20231012 18:51:51.640" level="INFO">Clicking element '//*[@id="shopping_cart_container"]'.</msg>
<status status="PASS" starttime="20231012 18:51:51.640" endtime="20231012 18:51:51.809"/>
</kw>
<status status="PASS" starttime="20231012 18:51:51.639" endtime="20231012 18:51:51.810"/>
</kw>
<kw name="Product checkout" library="Keywords">
<kw name="Click Button" library="SeleniumLibrary">
<arg>checkout</arg>
<doc>Clicks the button identified by ``locator``.</doc>
<msg timestamp="20231012 18:51:51.812" level="INFO">Clicking button 'checkout'.</msg>
<status status="PASS" starttime="20231012 18:51:51.811" endtime="20231012 18:51:52.050"/>
</kw>
<status status="PASS" starttime="20231012 18:51:51.810" endtime="20231012 18:51:52.051"/>
</kw>
<kw name=" Enter Delivery details without firstname" library="Keywords">
<kw name="Input Text" library="SeleniumLibrary">
<arg>lastName</arg>
<arg>assignment</arg>
<doc>Types the given ``text`` into the text field identified by ``locator``.</doc>
<msg timestamp="20231012 18:51:52.053" level="INFO">Typing text 'assignment' into text field 'lastName'.</msg>
<status status="PASS" starttime="20231012 18:51:52.052" endtime="20231012 18:51:52.245"/>
</kw>
<kw name="Input Text" library="SeleniumLibrary">
<arg>postalCode</arg>
<arg>4000011</arg>
<doc>Types the given ``text`` into the text field identified by ``locator``.</doc>
<msg timestamp="20231012 18:51:52.246" level="INFO">Typing text '4000011' into text field 'postalCode'.</msg>
<status status="PASS" starttime="20231012 18:51:52.246" endtime="20231012 18:51:52.406"/>
</kw>
<kw name="Click Button" library="SeleniumLibrary">
<arg>continue</arg>
<doc>Clicks the button identified by ``locator``.</doc>
<msg timestamp="20231012 18:51:52.415" level="INFO">Clicking button 'continue'.</msg>
<status status="PASS" starttime="20231012 18:51:52.407" endtime="20231012 18:51:52.542"/>
</kw>
<kw name="Sleep" library="BuiltIn">
<arg>2s</arg>
<doc>Pauses the test executed for the given time.</doc>
<msg timestamp="20231012 18:51:54.543" level="INFO">Slept 2 seconds</msg>
<status status="PASS" starttime="20231012 18:51:52.543" endtime="20231012 18:51:54.544"/>
</kw>
<kw name="Wait Until Element Is Enabled" library="SeleniumLibrary">
<arg>${validation_error}</arg>
<doc>Waits until the element ``locator`` is enabled.</doc>
<status status="PASS" starttime="20231012 18:51:54.544" endtime="20231012 18:51:54.657"/>
</kw>
<kw name="Log" library="BuiltIn">
<arg>Error: First Name is required</arg>
<doc>Logs the given message with the given level.</doc>
<msg timestamp="20231012 18:51:54.658" level="INFO">Error: First Name is required</msg>
<status status="PASS" starttime="20231012 18:51:54.657" endtime="20231012 18:51:54.658"/>
</kw>
<kw name="Capture Page Screenshot" library="SeleniumLibrary">
<doc>Takes a screenshot of the current page and embeds it into a log file.</doc>
<msg timestamp="20231012 18:51:54.893" level="INFO" html="true">&lt;/td&gt;&lt;/tr&gt;&lt;tr&gt;&lt;td colspan="3"&gt;&lt;a href="6-selenium-screenshot-1.png"&gt;&lt;img src="6-selenium-screenshot-1.png" width="800px"&gt;&lt;/a&gt;</msg>
<status status="PASS" starttime="20231012 18:51:54.658" endtime="20231012 18:51:54.894"/>
</kw>
<kw name="Sleep" library="BuiltIn">
<arg>2s</arg>
<doc>Pauses the test executed for the given time.</doc>
<msg timestamp="20231012 18:51:56.895" level="INFO">Slept 2 seconds</msg>
<status status="PASS" starttime="20231012 18:51:54.894" endtime="20231012 18:51:56.895"/>
</kw>
<status status="PASS" starttime="20231012 18:51:52.051" endtime="20231012 18:51:56.895"/>
</kw>
<kw name="Close Browser" library="SeleniumLibrary" type="TEARDOWN">
<doc>Closes the current browser.</doc>
<status status="PASS" starttime="20231012 18:51:56.896" endtime="20231012 18:51:56.968"/>
</kw>
<doc>delivery-details-firstname-validation-check-performance_glitch_user</doc>
<status status="PASS" starttime="20231012 18:51:37.340" endtime="20231012 18:51:56.969"/>
</test>
<status status="PASS" starttime="20231012 18:51:36.858" endtime="20231012 18:51:56.970"/>
</suite>
<suite id="s1-s7-s2" name="Glitch-User--Delivery-Details-Lastname-Validation-Check" source="/home/tushars/PycharmProjects/assign/Advarisk-assignment/performance_glitch_user-suite/glitch-user--delivery-details-lastname-validation-check.robot">
<test id="s1-s7-s2-t1" name="delivery-details-lastname-validation-check-performance_glitch_user" line="8">
<kw name="Open Browser" library="SeleniumLibrary" type="SETUP">
<arg>browser=Chrome</arg>
<doc>Opens a new browser instance to the optional ``url``.</doc>
<msg timestamp="20231012 18:51:37.430" level="INFO">Opening browser 'Chrome' to base url 'None'.</msg>
<status status="PASS" starttime="20231012 18:51:37.429" endtime="20231012 18:51:40.787"/>
</kw>
<kw name="open login page" library="Keywords">
<kw name="Open Browser" library="SeleniumLibrary">
<arg>${URL}</arg>
<arg>${Browser}</arg>
<arg>${chromedriver}</arg>
<doc>Opens a new browser instance to the optional ``url``.</doc>
<msg timestamp="20231012 18:51:40.793" level="INFO">Opening browser 'Chrome' to base url 'https://www.saucedemo.com/'.</msg>
<status status="PASS" starttime="20231012 18:51:40.791" endtime="20231012 18:51:44.961"/>
</kw>
<status status="PASS" starttime="20231012 18:51:40.788" endtime="20231012 18:51:44.961"/>
</kw>
<kw name="sign in" library="Keywords">
<arg>performance_glitch_user</arg>
<kw name="open login page" library="Keywords">
<kw name="Open Browser" library="SeleniumLibrary">
<arg>${URL}</arg>
<arg>${Browser}</arg>
<arg>${chromedriver}</arg>
<doc>Opens a new browser instance to the optional ``url``.</doc>
<msg timestamp="20231012 18:51:44.965" level="INFO">Using existing browser from index 2.</msg>
<msg timestamp="20231012 18:51:44.965" level="INFO">Opening url 'https://www.saucedemo.com/'</msg>
<status status="PASS" starttime="20231012 18:51:44.963" endtime="20231012 18:51:45.283"/>
</kw>
<status status="PASS" starttime="20231012 18:51:44.963" endtime="20231012 18:51:45.283"/>
</kw>
<kw name="Input Text" library="SeleniumLibrary">
<arg>${username}</arg>
<arg>${user}</arg>
<doc>Types the given ``text`` into the text field identified by ``locator``.</doc>
<msg timestamp="20231012 18:51:45.285" level="INFO">Typing text 'performance_glitch_user' into text field '//*[@id="user-name"]'.</msg>
<status status="PASS" starttime="20231012 18:51:45.284" endtime="20231012 18:51:45.724"/>
</kw>
<kw name="Input Text" library="SeleniumLibrary">
<arg>${password}</arg>
<arg>secret_sauce</arg>
<doc>Types the given ``text`` into the text field identified by ``locator``.</doc>
<msg timestamp="20231012 18:51:45.726" level="INFO">Typing text 'secret_sauce' into text field '//*[@id="password"]'.</msg>
<status status="PASS" starttime="20231012 18:51:45.725" endtime="20231012 18:51:45.894"/>
</kw>
<kw name="Click Button" library="SeleniumLibrary">
<arg>login-button</arg>
<doc>Clicks the button identified by ``locator``.</doc>
<msg timestamp="20231012 18:51:45.896" level="INFO">Clicking button 'login-button'.</msg>
<status status="PASS" starttime="20231012 18:51:45.895" endtime="20231012 18:51:51.118"/>
</kw>
<status status="PASS" starttime="20231012 18:51:44.962" endtime="20231012 18:51:51.118"/>
</kw>
<kw name="Add to cart from Product page" library="add-to-cart">
<kw name="Click Element" library="SeleniumLibrary">
<arg>//*[@id="item_4_title_link"]</arg>
<doc>Click the element identified by ``locator``.</doc>
<msg timestamp="20231012 18:51:51.120" level="INFO">Clicking element '//*[@id="item_4_title_link"]'.</msg>
<status status="PASS" starttime="20231012 18:51:51.119" endtime="20231012 18:51:51.260"/>
</kw>
<kw name="Click Button" library="SeleniumLibrary">
<arg>add-to-cart-sauce-labs-backpack</arg>
<doc>Clicks the button identified by ``locator``.</doc>
<msg timestamp="20231012 18:51:51.261" level="INFO">Clicking button 'add-to-cart-sauce-labs-backpack'.</msg>
<status status="PASS" starttime="20231012 18:51:51.260" endtime="20231012 18:51:51.538"/>
</kw>
<kw name="Sleep" library="BuiltIn">
<arg>1s</arg>
<doc>Pauses the test executed for the given time.</doc>
<msg timestamp="20231012 18:51:52.539" level="INFO">Slept 1 second</msg>
<status status="PASS" starttime="20231012 18:51:51.538" endtime="20231012 18:51:52.539"/>
</kw>
<status status="PASS" starttime="20231012 18:51:51.118" endtime="20231012 18:51:52.539"/>
</kw>
<kw name="check cart" library="Keywords">
<kw name="Click Element" library="SeleniumLibrary">
<arg>${cart_button}</arg>
<doc>Click the element identified by ``locator``.</doc>
<msg timestamp="20231012 18:51:52.544" level="INFO">Clicking element '//*[@id="shopping_cart_container"]'.</msg>
<status status="PASS" starttime="20231012 18:51:52.543" endtime="20231012 18:51:52.676"/>
</kw>
<status status="PASS" starttime="20231012 18:51:52.540" endtime="20231012 18:51:52.677"/>
</kw>
<kw name="Product checkout" library="Keywords">
<kw name="Click Button" library="SeleniumLibrary">
<arg>checkout</arg>
<doc>Clicks the button identified by ``locator``.</doc>
<msg timestamp="20231012 18:51:52.679" level="INFO">Clicking button 'checkout'.</msg>
<status status="PASS" starttime="20231012 18:51:52.678" endtime="20231012 18:51:52.821"/>
</kw>
<status status="PASS" starttime="20231012 18:51:52.677" endtime="20231012 18:51:52.821"/>
</kw>
<kw name=" Enter Delivery details without lastname" library="Keywords">
<kw name="Input Text" library="SeleniumLibrary">
<arg>firstName</arg>
<arg>Demo</arg>
<doc>Types the given ``text`` into the text field identified by ``locator``.</doc>
<msg timestamp="20231012 18:51:52.823" level="INFO">Typing text 'Demo' into text field 'firstName'.</msg>
<status status="PASS" starttime="20231012 18:51:52.822" endtime="20231012 18:51:53.056"/>
</kw>
<kw name="Input Text" library="SeleniumLibrary">
<arg>postalCode</arg>
<arg>4000011</arg>
<doc>Types the given ``text`` into the text field identified by ``locator``.</doc>
<msg timestamp="20231012 18:51:53.057" level="INFO">Typing text '4000011' into text field 'postalCode'.</msg>
<status status="PASS" starttime="20231012 18:51:53.056" endtime="20231012 18:51:53.584"/>
</kw>
<kw name="Click Button" library="SeleniumLibrary">
<arg>continue</arg>
<doc>Clicks the button identified by ``locator``.</doc>
<msg timestamp="20231012 18:51:53.586" level="INFO">Clicking button 'continue'.</msg>
<status status="PASS" starttime="20231012 18:51:53.585" endtime="20231012 18:51:53.980"/>
</kw>
<kw name="Sleep" library="BuiltIn">
<arg>2s</arg>
<doc>Pauses the test executed for the given time.</doc>
<msg timestamp="20231012 18:51:55.981" level="INFO">Slept 2 seconds</msg>
<status status="PASS" starttime="20231012 18:51:53.981" endtime="20231012 18:51:55.982"/>
</kw>
<kw name="Wait Until Element Is Enabled" library="SeleniumLibrary">
<arg>${validation_error}</arg>
<doc>Waits until the element ``locator`` is enabled.</doc>
<status status="PASS" starttime="20231012 18:51:55.982" endtime="20231012 18:51:56.046"/>
</kw>
<kw name="Log" library="BuiltIn">
<arg>Error: Last Name is required</arg>
<doc>Logs the given message with the given level.</doc>
<msg timestamp="20231012 18:51:56.047" level="INFO">Error: Last Name is required</msg>
<status status="PASS" starttime="20231012 18:51:56.046" endtime="20231012 18:51:56.047"/>
</kw>
<kw name="Capture Page Screenshot" library="SeleniumLibrary">
<doc>Takes a screenshot of the current page and embeds it into a log file.</doc>
<msg timestamp="20231012 18:51:56.193" level="INFO" html="true">&lt;/td&gt;&lt;/tr&gt;&lt;tr&gt;&lt;td colspan="3"&gt;&lt;a href="7-selenium-screenshot-1.png"&gt;&lt;img src="7-selenium-screenshot-1.png" width="800px"&gt;&lt;/a&gt;</msg>
<status status="PASS" starttime="20231012 18:51:56.047" endtime="20231012 18:51:56.194"/>
</kw>
<kw name="Sleep" library="BuiltIn">
<arg>2s</arg>
<doc>Pauses the test executed for the given time.</doc>
<msg timestamp="20231012 18:51:58.195" level="INFO">Slept 2 seconds</msg>
<status status="PASS" starttime="20231012 18:51:56.194" endtime="20231012 18:51:58.195"/>
</kw>
<status status="PASS" starttime="20231012 18:51:52.821" endtime="20231012 18:51:58.196"/>
</kw>
<kw name="Close Browser" library="SeleniumLibrary" type="TEARDOWN">
<doc>Closes the current browser.</doc>
<status status="PASS" starttime="20231012 18:51:58.196" endtime="20231012 18:51:58.310"/>
</kw>
<doc>delivery-details-lastname-validation-check-performance_glitch_user</doc>
<status status="PASS" starttime="20231012 18:51:37.427" endtime="20231012 18:51:58.310"/>
</test>
<status status="PASS" starttime="20231012 18:51:36.788" endtime="20231012 18:51:58.312"/>
</suite>
<suite id="s1-s7-s3" name="Glitch-User--Delivery-Details-Postalcode-Validation-Check" source="/home/tushars/PycharmProjects/assign/Advarisk-assignment/performance_glitch_user-suite/glitch-user--delivery-details-postalcode-validation-check.robot">
<test id="s1-s7-s3-t1" name="delivery-details-postalcode-validation-check-performance_glitch_user" line="8">
<kw name="Open Browser" library="SeleniumLibrary" type="SETUP">
<arg>browser=Chrome</arg>
<doc>Opens a new browser instance to the optional ``url``.</doc>
<msg timestamp="20231012 18:51:41.082" level="INFO">Opening browser 'Chrome' to base url 'None'.</msg>
<status status="PASS" starttime="20231012 18:51:41.082" endtime="20231012 18:51:44.797"/>
</kw>
<kw name="open login page" library="Keywords">
<kw name="Open Browser" library="SeleniumLibrary">
<arg>${URL}</arg>
<arg>${Browser}</arg>
<arg>${chromedriver}</arg>
<doc>Opens a new browser instance to the optional ``url``.</doc>
<msg timestamp="20231012 18:51:44.801" level="INFO">Opening browser 'Chrome' to base url 'https://www.saucedemo.com/'.</msg>
<status status="PASS" starttime="20231012 18:51:44.799" endtime="20231012 18:51:47.672"/>
</kw>
<status status="PASS" starttime="20231012 18:51:44.798" endtime="20231012 18:51:47.673"/>
</kw>
<kw name="sign in" library="Keywords">
<arg>performance_glitch_user</arg>
<kw name="open login page" library="Keywords">
<kw name="Open Browser" library="SeleniumLibrary">
<arg>${URL}</arg>
<arg>${Browser}</arg>
<arg>${chromedriver}</arg>
<doc>Opens a new browser instance to the optional ``url``.</doc>
<msg timestamp="20231012 18:51:47.677" level="INFO">Using existing browser from index 2.</msg>
<msg timestamp="20231012 18:51:47.677" level="INFO">Opening url 'https://www.saucedemo.com/'</msg>
<status status="PASS" starttime="20231012 18:51:47.675" endtime="20231012 18:51:47.884"/>
</kw>
<status status="PASS" starttime="20231012 18:51:47.674" endtime="20231012 18:51:47.884"/>
</kw>
<kw name="Input Text" library="SeleniumLibrary">
<arg>${username}</arg>
<arg>${user}</arg>
<doc>Types the given ``text`` into the text field identified by ``locator``.</doc>
<msg timestamp="20231012 18:51:47.888" level="INFO">Typing text 'performance_glitch_user' into text field '//*[@id="user-name"]'.</msg>
<status status="PASS" starttime="20231012 18:51:47.884" endtime="20231012 18:51:48.771"/>
</kw>
<kw name="Input Text" library="SeleniumLibrary">
<arg>${password}</arg>
<arg>secret_sauce</arg>
<doc>Types the given ``text`` into the text field identified by ``locator``.</doc>
<msg timestamp="20231012 18:51:48.772" level="INFO">Typing text 'secret_sauce' into text field '//*[@id="password"]'.</msg>
<status status="PASS" starttime="20231012 18:51:48.771" endtime="20231012 18:51:48.976"/>
</kw>
<kw name="Click Button" library="SeleniumLibrary">
<arg>login-button</arg>
<doc>Clicks the button identified by ``locator``.</doc>
<msg timestamp="20231012 18:51:48.977" level="INFO">Clicking button 'login-button'.</msg>
<status status="PASS" starttime="20231012 18:51:48.976" endtime="20231012 18:51:54.534"/>
</kw>
<status status="PASS" starttime="20231012 18:51:47.673" endtime="20231012 18:51:54.534"/>
</kw>
<kw name="Add to cart from Product page" library="add-to-cart">
<kw name="Click Element" library="SeleniumLibrary">
<arg>//*[@id="item_4_title_link"]</arg>
<doc>Click the element identified by ``locator``.</doc>
<msg timestamp="20231012 18:51:54.536" level="INFO">Clicking element '//*[@id="item_4_title_link"]'.</msg>
<status status="PASS" starttime="20231012 18:51:54.535" endtime="20231012 18:51:54.866"/>
</kw>
<kw name="Click Button" library="SeleniumLibrary">
<arg>add-to-cart-sauce-labs-backpack</arg>
<doc>Clicks the button identified by ``locator``.</doc>
<msg timestamp="20231012 18:51:54.867" level="INFO">Clicking button 'add-to-cart-sauce-labs-backpack'.</msg>
<status status="PASS" starttime="20231012 18:51:54.867" endtime="20231012 18:51:54.999"/>
</kw>
<kw name="Sleep" library="BuiltIn">
<arg>1s</arg>
<doc>Pauses the test executed for the given time.</doc>
<msg timestamp="20231012 18:51:56.000" level="INFO">Slept 1 second</msg>
<status status="PASS" starttime="20231012 18:51:54.999" endtime="20231012 18:51:56.000"/>
</kw>
<status status="PASS" starttime="20231012 18:51:54.535" endtime="20231012 18:51:56.000"/>
</kw>
<kw name="check cart" library="Keywords">
<kw name="Click Element" library="SeleniumLibrary">
<arg>${cart_button}</arg>
<doc>Click the element identified by ``locator``.</doc>
<msg timestamp="20231012 18:51:56.003" level="INFO">Clicking element '//*[@id="shopping_cart_container"]'.</msg>
<status status="PASS" starttime="20231012 18:51:56.002" endtime="20231012 18:51:56.176"/>
</kw>
<status status="PASS" starttime="20231012 18:51:56.001" endtime="20231012 18:51:56.176"/>
</kw>
<kw name="Product checkout" library="Keywords">
<kw name="Click Button" library="SeleniumLibrary">
<arg>checkout</arg>
<doc>Clicks the button identified by ``locator``.</doc>
<msg timestamp="20231012 18:51:56.178" level="INFO">Clicking button 'checkout'.</msg>
<status status="PASS" starttime="20231012 18:51:56.177" endtime="20231012 18:51:56.323"/>
</kw>
<status status="PASS" starttime="20231012 18:51:56.176" endtime="20231012 18:51:56.323"/>
</kw>
<kw name=" Enter Delivery details without postalcode" library="Keywords">
<kw name="Input Text" library="SeleniumLibrary">
<arg>firstName</arg>
<arg>Demo</arg>
<doc>Types the given ``text`` into the text field identified by ``locator``.</doc>
<msg timestamp="20231012 18:51:56.325" level="INFO">Typing text 'Demo' into text field 'firstName'.</msg>
<status status="PASS" starttime="20231012 18:51:56.324" endtime="20231012 18:51:56.467"/>
</kw>
<kw name="Input Text" library="SeleniumLibrary">
<arg>lastName</arg>
<arg>assignment</arg>
<doc>Types the given ``text`` into the text field identified by ``locator``.</doc>
<msg timestamp="20231012 18:51:56.469" level="INFO">Typing text 'assignment' into text field 'lastName'.</msg>
<status status="PASS" starttime="20231012 18:51:56.468" endtime="20231012 18:51:56.651"/>
</kw>
<kw name="Click Button" library="SeleniumLibrary">
<arg>continue</arg>
<doc>Clicks the button identified by ``locator``.</doc>
<msg timestamp="20231012 18:51:56.652" level="INFO">Clicking button 'continue'.</msg>
<status status="PASS" starttime="20231012 18:51:56.651" endtime="20231012 18:51:56.766"/>
</kw>
<kw name="Sleep" library="BuiltIn">
<arg>2s</arg>
<doc>Pauses the test executed for the given time.</doc>
<msg timestamp="20231012 18:51:58.767" level="INFO">Slept 2 seconds</msg>
<status status="PASS" starttime="20231012 18:51:56.766" endtime="20231012 18:51:58.767"/>
</kw>
<kw name="Wait Until Element Is Enabled" library="SeleniumLibrary">
<arg>${validation_error}</arg>
<doc>Waits until the element ``locator`` is enabled.</doc>
<status status="PASS" starttime="20231012 18:51:58.767" endtime="20231012 18:51:58.826"/>
</kw>
<kw name="Log" library="BuiltIn">
<arg>Error: Postal Code is required</arg>
<doc>Logs the given message with the given level.</doc>
<msg timestamp="20231012 18:51:58.826" level="INFO">Error: Postal Code is required</msg>
<status status="PASS" starttime="20231012 18:51:58.826" endtime="20231012 18:51:58.826"/>
</kw>
<kw name="Capture Page Screenshot" library="SeleniumLibrary">
<doc>Takes a screenshot of the current page and embeds it into a log file.</doc>
<msg timestamp="20231012 18:51:58.946" level="INFO" html="true">&lt;/td&gt;&lt;/tr&gt;&lt;tr&gt;&lt;td colspan="3"&gt;&lt;a href="8-selenium-screenshot-1.png"&gt;&lt;img src="8-selenium-screenshot-1.png" width="800px"&gt;&lt;/a&gt;</msg>
<status status="PASS" starttime="20231012 18:51:58.826" endtime="20231012 18:51:58.946"/>
</kw>
<kw name="Sleep" library="BuiltIn">
<arg>2s</arg>
<doc>Pauses the test executed for the given time.</doc>
<msg timestamp="20231012 18:52:00.949" level="INFO">Slept 2 seconds</msg>
<status status="PASS" starttime="20231012 18:51:58.947" endtime="20231012 18:52:00.949"/>
</kw>
<status status="PASS" starttime="20231012 18:51:56.323" endtime="20231012 18:52:00.950"/>
</kw>
<kw name="Close Browser" library="SeleniumLibrary" type="TEARDOWN">
<doc>Closes the current browser.</doc>
<status status="PASS" starttime="20231012 18:52:00.950" endtime="20231012 18:52:01.114"/>
</kw>
<doc>delivery-details-postalcode-validation-check-performance_glitch_user</doc>
<status status="PASS" starttime="20231012 18:51:41.080" endtime="20231012 18:52:01.115"/>
</test>
<status status="PASS" starttime="20231012 18:51:40.245" endtime="20231012 18:52:01.116"/>
</suite>
<suite id="s1-s7-s4" name="Glitch-User-Cancel-From-Checkout-Page" source="/home/tushars/PycharmProjects/assign/Advarisk-assignment/performance_glitch_user-suite/glitch-user-cancel-from-checkout-page.robot">
<test id="s1-s7-s4-t1" name="cancel-from-checkout-page-performance_glitch_user" line="8">
<kw name="Open Browser" library="SeleniumLibrary" type="SETUP">
<arg>browser=Chrome</arg>
<doc>Opens a new browser instance to the optional ``url``.</doc>
<msg timestamp="20231012 18:51:49.490" level="INFO">Opening browser 'Chrome' to base url 'None'.</msg>
<status status="PASS" starttime="20231012 18:51:49.489" endtime="20231012 18:51:51.910"/>
</kw>
<kw name="open login page" library="Keywords">
<kw name="Open Browser" library="SeleniumLibrary">
<arg>${URL}</arg>
<arg>${Browser}</arg>
<arg>${chromedriver}</arg>
<doc>Opens a new browser instance to the optional ``url``.</doc>
<msg timestamp="20231012 18:51:51.915" level="INFO">Opening browser 'Chrome' to base url 'https://www.saucedemo.com/'.</msg>
<status status="PASS" starttime="20231012 18:51:51.912" endtime="20231012 18:51:55.549"/>
</kw>
<status status="PASS" starttime="20231012 18:51:51.910" endtime="20231012 18:51:55.549"/>
</kw>
<kw name="sign in" library="Keywords">
<arg>performance_glitch_user</arg>
<kw name="open login page" library="Keywords">
<kw name="Open Browser" library="SeleniumLibrary">
<arg>${URL}</arg>
<arg>${Browser}</arg>
<arg>${chromedriver}</arg>
<doc>Opens a new browser instance to the optional ``url``.</doc>
<msg timestamp="20231012 18:51:55.552" level="INFO">Using existing browser from index 2.</msg>
<msg timestamp="20231012 18:51:55.552" level="INFO">Opening url 'https://www.saucedemo.com/'</msg>
<status status="PASS" starttime="20231012 18:51:55.551" endtime="20231012 18:51:55.648"/>
</kw>
<status status="PASS" starttime="20231012 18:51:55.550" endtime="20231012 18:51:55.648"/>
</kw>
<kw name="Input Text" library="SeleniumLibrary">
<arg>${username}</arg>
<arg>${user}</arg>
<doc>Types the given ``text`` into the text field identified by ``locator``.</doc>
<msg timestamp="20231012 18:51:55.650" level="INFO">Typing text 'performance_glitch_user' into text field '//*[@id="user-name"]'.</msg>
<status status="PASS" starttime="20231012 18:51:55.649" endtime="20231012 18:51:55.959"/>
</kw>
<kw name="Input Text" library="SeleniumLibrary">
<arg>${password}</arg>
<arg>secret_sauce</arg>
<doc>Types the given ``text`` into the text field identified by ``locator``.</doc>
<msg timestamp="20231012 18:51:55.960" level="INFO">Typing text 'secret_sauce' into text field '//*[@id="password"]'.</msg>
<status status="PASS" starttime="20231012 18:51:55.959" endtime="20231012 18:51:56.191"/>
</kw>
<kw name="Click Button" library="SeleniumLibrary">
<arg>login-button</arg>
<doc>Clicks the button identified by ``locator``.</doc>
<msg timestamp="20231012 18:51:56.192" level="INFO">Clicking button 'login-button'.</msg>
<status status="PASS" starttime="20231012 18:51:56.191" endtime="20231012 18:52:01.551"/>
</kw>
<status status="PASS" starttime="20231012 18:51:55.549" endtime="20231012 18:52:01.551"/>
</kw>
<kw name="Add to cart from Product page" library="add-to-cart">
<kw name="Click Element" library="SeleniumLibrary">
<arg>//*[@id="item_4_title_link"]</arg>
<doc>Click the element identified by ``locator``.</doc>
<msg timestamp="20231012 18:52:01.554" level="INFO">Clicking element '//*[@id="item_4_title_link"]'.</msg>
<status status="PASS" starttime="20231012 18:52:01.552" endtime="20231012 18:52:01.703"/>
</kw>
<kw name="Click Button" library="SeleniumLibrary">
<arg>add-to-cart-sauce-labs-backpack</arg>
<doc>Clicks the button identified by ``locator``.</doc>
<msg timestamp="20231012 18:52:01.705" level="INFO">Clicking button 'add-to-cart-sauce-labs-backpack'.</msg>
<status status="PASS" starttime="20231012 18:52:01.704" endtime="20231012 18:52:01.850"/>
</kw>
<kw name="Sleep" library="BuiltIn">
<arg>1s</arg>
<doc>Pauses the test executed for the given time.</doc>
<msg timestamp="20231012 18:52:02.851" level="INFO">Slept 1 second</msg>
<status status="PASS" starttime="20231012 18:52:01.850" endtime="20231012 18:52:02.851"/>
</kw>
<status status="PASS" starttime="20231012 18:52:01.552" endtime="20231012 18:52:02.851"/>
</kw>
<kw name="check cart" library="Keywords">
<kw name="Click Element" library="SeleniumLibrary">
<arg>${cart_button}</arg>
<doc>Click the element identified by ``locator``.</doc>
<msg timestamp="20231012 18:52:02.852" level="INFO">Clicking element '//*[@id="shopping_cart_container"]'.</msg>
<status status="PASS" starttime="20231012 18:52:02.852" endtime="20231012 18:52:03.076"/>
</kw>
<status status="PASS" starttime="20231012 18:52:02.851" endtime="20231012 18:52:03.077"/>
</kw>
<kw name="Product checkout" library="Keywords">
<kw name="Click Button" library="SeleniumLibrary">
<arg>checkout</arg>
<doc>Clicks the button identified by ``locator``.</doc>
<msg timestamp="20231012 18:52:03.078" level="INFO">Clicking button 'checkout'.</msg>
<status status="PASS" starttime="20231012 18:52:03.077" endtime="20231012 18:52:03.375"/>
</kw>
<status status="PASS" starttime="20231012 18:52:03.077" endtime="20231012 18:52:03.375"/>
</kw>
<kw name="Enter Delivery details" library="Keywords">
<kw name="Input Text" library="SeleniumLibrary">
<arg>firstName</arg>
<arg>tushar</arg>
<doc>Types the given ``text`` into the text field identified by ``locator``.</doc>
<msg timestamp="20231012 18:52:03.377" level="INFO">Typing text 'tushar' into text field 'firstName'.</msg>
<status status="PASS" starttime="20231012 18:52:03.376" endtime="20231012 18:52:03.869"/>
</kw>
<kw name="Input Text" library="SeleniumLibrary">
<arg>lastName</arg>
<arg>shinde</arg>
<doc>Types the given ``text`` into the text field identified by ``locator``.</doc>
<msg timestamp="20231012 18:52:03.870" level="INFO">Typing text 'shinde' into text field 'lastName'.</msg>
<status status="PASS" starttime="20231012 18:52:03.869" endtime="20231012 18:52:04.179"/>
</kw>
<kw name="Input Text" library="SeleniumLibrary">
<arg>postalCode</arg>
<arg>4000001</arg>
<doc>Types the given ``text`` into the text field identified by ``locator``.</doc>
<msg timestamp="20231012 18:52:04.180" level="INFO">Typing text '4000001' into text field 'postalCode'.</msg>
<status status="PASS" starttime="20231012 18:52:04.179" endtime="20231012 18:52:04.454"/>
</kw>
<kw name="Click Button" library="SeleniumLibrary">
<arg>continue</arg>
<doc>Clicks the button identified by ``locator``.</doc>
<msg timestamp="20231012 18:52:04.455" level="INFO">Clicking button 'continue'.</msg>
<status status="PASS" starttime="20231012 18:52:04.454" endtime="20231012 18:52:04.782"/>
</kw>
<kw name="Sleep" library="BuiltIn">
<arg>2s</arg>
<doc>Pauses the test executed for the given time.</doc>
<msg timestamp="20231012 18:52:06.783" level="INFO">Slept 2 seconds</msg>
<status status="PASS" starttime="20231012 18:52:04.782" endtime="20231012 18:52:06.783"/>
</kw>
<status status="PASS" starttime="20231012 18:52:03.375" endtime="20231012 18:52:06.783"/>
</kw>
<kw name=" cancel button" library="Keywords">
<kw name="Click Button" library="SeleniumLibrary">
<arg>cancel</arg>
<doc>Clicks the button identified by ``locator``.</doc>
<msg timestamp="20231012 18:52:06.785" level="INFO">Clicking button 'cancel'.</msg>
<status status="PASS" starttime="20231012 18:52:06.784" endtime="20231012 18:52:11.978"/>
</kw>
<status status="PASS" starttime="20231012 18:52:06.784" endtime="20231012 18:52:11.978"/>
</kw>
<kw name="Close Browser" library="SeleniumLibrary" type="TEARDOWN">
<doc>Closes the current browser.</doc>
<status status="PASS" starttime="20231012 18:52:11.979" endtime="20231012 18:52:12.136"/>
</kw>
<doc>cancel-from-checkout-page-performance_glitch_user</doc>
<status status="PASS" starttime="20231012 18:51:49.487" endtime="20231012 18:52:12.137"/>
</test>
<status status="PASS" starttime="20231012 18:51:49.150" endtime="20231012 18:52:12.138"/>
</suite>
<suite id="s1-s7-s5" name="glitch-user-Add-to-cart-and-remove-from-homepage" source="/home/tushars/PycharmProjects/assign/Advarisk-assignment/performance_glitch_user-suite/glitch-user-Add-to-cart-and-remove-from-homepage.robot">
<test id="s1-s7-s5-t1" name="Add-to-cart-and-remove-from-homepage-performance_glitch_user" line="8">
<kw name="Open Browser" library="SeleniumLibrary" type="SETUP">
<arg>browser=Chrome</arg>
<doc>Opens a new browser instance to the optional ``url``.</doc>
<msg timestamp="20231012 18:51:58.532" level="INFO">Opening browser 'Chrome' to base url 'None'.</msg>
<status status="PASS" starttime="20231012 18:51:58.532" endtime="20231012 18:52:00.079"/>
</kw>
<kw name="open login page" library="Keywords">
<kw name="Open Browser" library="SeleniumLibrary">
<arg>${URL}</arg>
<arg>${Browser}</arg>
<arg>${chromedriver}</arg>
<doc>Opens a new browser instance to the optional ``url``.</doc>
<msg timestamp="20231012 18:52:00.083" level="INFO">Opening browser 'Chrome' to base url 'https://www.saucedemo.com/'.</msg>
<status status="PASS" starttime="20231012 18:52:00.081" endtime="20231012 18:52:02.951"/>
</kw>
<status status="PASS" starttime="20231012 18:52:00.079" endtime="20231012 18:52:02.951"/>
</kw>
<kw name="sign in" library="Keywords">
<arg>performance_glitch_user</arg>
<kw name="open login page" library="Keywords">
<kw name="Open Browser" library="SeleniumLibrary">
<arg>${URL}</arg>
<arg>${Browser}</arg>
<arg>${chromedriver}</arg>
<doc>Opens a new browser instance to the optional ``url``.</doc>
<msg timestamp="20231012 18:52:02.963" level="INFO">Using existing browser from index 2.</msg>
<msg timestamp="20231012 18:52:02.963" level="INFO">Opening url 'https://www.saucedemo.com/'</msg>
<status status="PASS" starttime="20231012 18:52:02.960" endtime="20231012 18:52:03.297"/>
</kw>
<status status="PASS" starttime="20231012 18:52:02.952" endtime="20231012 18:52:03.297"/>
</kw>
<kw name="Input Text" library="SeleniumLibrary">
<arg>${username}</arg>
<arg>${user}</arg>
<doc>Types the given ``text`` into the text field identified by ``locator``.</doc>
<msg timestamp="20231012 18:52:03.299" level="INFO">Typing text 'performance_glitch_user' into text field '//*[@id="user-name"]'.</msg>
<status status="PASS" starttime="20231012 18:52:03.298" endtime="20231012 18:52:04.023"/>
</kw>
<kw name="Input Text" library="SeleniumLibrary">
<arg>${password}</arg>
<arg>secret_sauce</arg>
<doc>Types the given ``text`` into the text field identified by ``locator``.</doc>
<msg timestamp="20231012 18:52:04.024" level="INFO">Typing text 'secret_sauce' into text field '//*[@id="password"]'.</msg>
<status status="PASS" starttime="20231012 18:52:04.023" endtime="20231012 18:52:04.363"/>
</kw>
<kw name="Click Button" library="SeleniumLibrary">
<arg>login-button</arg>
<doc>Clicks the button identified by ``locator``.</doc>
<msg timestamp="20231012 18:52:04.365" level="INFO">Clicking button 'login-button'.</msg>
<status status="PASS" starttime="20231012 18:52:04.363" endtime="20231012 18:52:09.608"/>
</kw>
<status status="PASS" starttime="20231012 18:52:02.952" endtime="20231012 18:52:09.609"/>
</kw>
<kw name="Add to cart from homepage" library="add-to-cart">
<kw name="Click Button" library="SeleniumLibrary">
<arg>add-to-cart-sauce-labs-backpack</arg>
<doc>Clicks the button identified by ``locator``.</doc>
<msg timestamp="20231012 18:52:09.612" level="INFO">Clicking button 'add-to-cart-sauce-labs-backpack'.</msg>
<status status="PASS" starttime="20231012 18:52:09.611" endtime="20231012 18:52:09.798"/>
</kw>
<kw name="Sleep" library="BuiltIn">
<arg>1s</arg>
<doc>Pauses the test executed for the given time.</doc>
<msg timestamp="20231012 18:52:10.798" level="INFO">Slept 1 second</msg>
<status status="PASS" starttime="20231012 18:52:09.798" endtime="20231012 18:52:10.799"/>
</kw>
<status status="PASS" starttime="20231012 18:52:09.609" endtime="20231012 18:52:10.799"/>
</kw>
<kw name="remove from cart" library="Keywords">
<kw name="Click Button" library="SeleniumLibrary">
<arg>Remove</arg>
<doc>Clicks the button identified by ``locator``.</doc>
<msg timestamp="20231012 18:52:10.801" level="INFO">Clicking button 'Remove'.</msg>
<status status="PASS" starttime="20231012 18:52:10.800" endtime="20231012 18:52:10.883"/>
</kw>
<status status="PASS" starttime="20231012 18:52:10.799" endtime="20231012 18:52:10.884"/>
</kw>
<kw name="Close Browser" library="SeleniumLibrary" type="TEARDOWN">
<doc>Closes the current browser.</doc>
<status status="PASS" starttime="20231012 18:52:10.884" endtime="20231012 18:52:11.029"/>
</kw>
<doc>Add-to-cart-and-remove-from-homepage-performance_glitch_user</doc>
<status status="PASS" starttime="20231012 18:51:58.531" endtime="20231012 18:52:11.030"/>
</test>
<status status="PASS" starttime="20231012 18:51:58.097" endtime="20231012 18:52:11.056"/>
</suite>
<suite id="s1-s7-s6" name="glitch-user-Add-to-cart-from-homepage-remove-from-Cart-page" source="/home/tushars/PycharmProjects/assign/Advarisk-assignment/performance_glitch_user-suite/glitch-user-Add-to-cart-from-homepage-remove-from-Cart-page.robot">
<test id="s1-s7-s6-t1" name="Add-to-cart-from-homepage-remove-from-Cart-page-performance_glitch_user" line="8">
<kw name="Open Browser" library="SeleniumLibrary" type="SETUP">
<arg>browser=Chrome</arg>
<doc>Opens a new browser instance to the optional ``url``.</doc>
<msg timestamp="20231012 18:51:59.304" level="INFO">Opening browser 'Chrome' to base url 'None'.</msg>
<status status="PASS" starttime="20231012 18:51:59.303" endtime="20231012 18:52:01.361"/>
</kw>
<kw name="open login page" library="Keywords">
<kw name="Open Browser" library="SeleniumLibrary">
<arg>${URL}</arg>
<arg>${Browser}</arg>
<arg>${chromedriver}</arg>
<doc>Opens a new browser instance to the optional ``url``.</doc>
<msg timestamp="20231012 18:52:01.365" level="INFO">Opening browser 'Chrome' to base url 'https://www.saucedemo.com/'.</msg>
<status status="PASS" starttime="20231012 18:52:01.363" endtime="20231012 18:52:05.511"/>
</kw>
<status status="PASS" starttime="20231012 18:52:01.361" endtime="20231012 18:52:05.511"/>
</kw>
<kw name="sign in" library="Keywords">
<arg>performance_glitch_user</arg>
<kw name="open login page" library="Keywords">
<kw name="Open Browser" library="SeleniumLibrary">
<arg>${URL}</arg>
<arg>${Browser}</arg>
<arg>${chromedriver}</arg>
<doc>Opens a new browser instance to the optional ``url``.</doc>
<msg timestamp="20231012 18:52:05.515" level="INFO">Using existing browser from index 2.</msg>
<msg timestamp="20231012 18:52:05.515" level="INFO">Opening url 'https://www.saucedemo.com/'</msg>
<status status="PASS" starttime="20231012 18:52:05.513" endtime="20231012 18:52:05.831"/>
</kw>
<status status="PASS" starttime="20231012 18:52:05.513" endtime="20231012 18:52:05.831"/>
</kw>
<kw name="Input Text" library="SeleniumLibrary">
<arg>${username}</arg>
<arg>${user}</arg>
<doc>Types the given ``text`` into the text field identified by ``locator``.</doc>
<msg timestamp="20231012 18:52:05.833" level="INFO">Typing text 'performance_glitch_user' into text field '//*[@id="user-name"]'.</msg>
<status status="PASS" starttime="20231012 18:52:05.831" endtime="20231012 18:52:06.387"/>
</kw>
<kw name="Input Text" library="SeleniumLibrary">
<arg>${password}</arg>
<arg>secret_sauce</arg>
<doc>Types the given ``text`` into the text field identified by ``locator``.</doc>
<msg timestamp="20231012 18:52:06.388" level="INFO">Typing text 'secret_sauce' into text field '//*[@id="password"]'.</msg>
<status status="PASS" starttime="20231012 18:52:06.387" endtime="20231012 18:52:06.672"/>
</kw>
<kw name="Click Button" library="SeleniumLibrary">
<arg>login-button</arg>
<doc>Clicks the button identified by ``locator``.</doc>
<msg timestamp="20231012 18:52:06.674" level="INFO">Clicking button 'login-button'.</msg>
<status status="PASS" starttime="20231012 18:52:06.673" endtime="20231012 18:52:11.926"/>
</kw>
<status status="PASS" starttime="20231012 18:52:05.512" endtime="20231012 18:52:11.926"/>
</kw>
<kw name="Add to cart from homepage" library="add-to-cart">
<kw name="Click Button" library="SeleniumLibrary">
<arg>add-to-cart-sauce-labs-backpack</arg>
<doc>Clicks the button identified by ``locator``.</doc>
<msg timestamp="20231012 18:52:11.928" level="INFO">Clicking button 'add-to-cart-sauce-labs-backpack'.</msg>
<status status="PASS" starttime="20231012 18:52:11.927" endtime="20231012 18:52:12.192"/>
</kw>
<kw name="Sleep" library="BuiltIn">
<arg>1s</arg>
<doc>Pauses the test executed for the given time.</doc>
<msg timestamp="20231012 18:52:13.194" level="INFO">Slept 1 second</msg>
<status status="PASS" starttime="20231012 18:52:12.193" endtime="20231012 18:52:13.194"/>
</kw>
<status status="PASS" starttime="20231012 18:52:11.927" endtime="20231012 18:52:13.194"/>
</kw>
<kw name="check cart" library="Keywords">
<kw name="Click Element" library="SeleniumLibrary">
<arg>${cart_button}</arg>
<doc>Click the element identified by ``locator``.</doc>
<msg timestamp="20231012 18:52:13.197" level="INFO">Clicking element '//*[@id="shopping_cart_container"]'.</msg>
<status status="PASS" starttime="20231012 18:52:13.195" endtime="20231012 18:52:13.363"/>
</kw>
<status status="PASS" starttime="20231012 18:52:13.195" endtime="20231012 18:52:13.363"/>
</kw>
<kw name="Sleep" library="BuiltIn">
<arg>2s</arg>
<doc>Pauses the test executed for the given time.</doc>
<msg timestamp="20231012 18:52:15.368" level="INFO">Slept 2 seconds</msg>
<status status="PASS" starttime="20231012 18:52:13.363" endtime="20231012 18:52:15.368"/>
</kw>
<kw name="remove from cart" library="Keywords">
<kw name="Click Button" library="SeleniumLibrary">
<arg>Remove</arg>
<doc>Clicks the button identified by ``locator``.</doc>
<msg timestamp="20231012 18:52:15.373" level="INFO">Clicking button 'Remove'.</msg>
<status status="PASS" starttime="20231012 18:52:15.371" endtime="20231012 18:52:15.545"/>
</kw>
<status status="PASS" starttime="20231012 18:52:15.369" endtime="20231012 18:52:15.545"/>
</kw>
<kw name="Close Browser" library="SeleniumLibrary" type="TEARDOWN">
<doc>Closes the current browser.</doc>
<status status="PASS" starttime="20231012 18:52:15.546" endtime="20231012 18:52:15.732"/>
</kw>
<doc>Add-to-cart-from-homepage-remove-from-Cart-page-performance_glitch_user</doc>
<status status="PASS" starttime="20231012 18:51:59.303" endtime="20231012 18:52:15.732"/>
</test>
<status status="PASS" starttime="20231012 18:51:59.033" endtime="20231012 18:52:15.733"/>
</suite>
<suite id="s1-s7-s7" name="glitch-user-Add-to-cart-from-product-page-from-problem user" source="/home/tushars/PycharmProjects/assign/Advarisk-assignment/performance_glitch_user-suite/glitch-user-Add-to-cart-from-product-page-from-problem_user.robot">
<test id="s1-s7-s7-t1" name="Add-to-cart-from-product-page-from-performance_glitch_user" line="8">
<kw name="Open Browser" library="SeleniumLibrary" type="SETUP">
<arg>browser=Chrome</arg>
<doc>Opens a new browser instance to the optional ``url``.</doc>
<msg timestamp="20231012 18:52:03.692" level="INFO">Opening browser 'Chrome' to base url 'None'.</msg>
<status status="PASS" starttime="20231012 18:52:03.692" endtime="20231012 18:52:06.566"/>
</kw>
<kw name="open login page" library="Keywords">
<kw name="Open Browser" library="SeleniumLibrary">
<arg>${URL}</arg>
<arg>${Browser}</arg>
<arg>${chromedriver}</arg>
<doc>Opens a new browser instance to the optional ``url``.</doc>
<msg timestamp="20231012 18:52:06.570" level="INFO">Opening browser 'Chrome' to base url 'https://www.saucedemo.com/'.</msg>
<status status="PASS" starttime="20231012 18:52:06.568" endtime="20231012 18:52:10.224"/>
</kw>
<status status="PASS" starttime="20231012 18:52:06.566" endtime="20231012 18:52:10.224"/>
</kw>
<kw name="sign in" library="Keywords">
<arg>performance_glitch_user</arg>
<kw name="open login page" library="Keywords">
<kw name="Open Browser" library="SeleniumLibrary">
<arg>${URL}</arg>
<arg>${Browser}</arg>
<arg>${chromedriver}</arg>
<doc>Opens a new browser instance to the optional ``url``.</doc>
<msg timestamp="20231012 18:52:10.229" level="INFO">Using existing browser from index 2.</msg>
<msg timestamp="20231012 18:52:10.230" level="INFO">Opening url 'https://www.saucedemo.com/'</msg>
<status status="PASS" starttime="20231012 18:52:10.228" endtime="20231012 18:52:10.371"/>
</kw>
<status status="PASS" starttime="20231012 18:52:10.228" endtime="20231012 18:52:10.371"/>
</kw>
<kw name="Input Text" library="SeleniumLibrary">
<arg>${username}</arg>
<arg>${user}</arg>
<doc>Types the given ``text`` into the text field identified by ``locator``.</doc>
<msg timestamp="20231012 18:52:10.372" level="INFO">Typing text 'performance_glitch_user' into text field '//*[@id="user-name"]'.</msg>
<status status="PASS" starttime="20231012 18:52:10.371" endtime="20231012 18:52:10.736"/>
</kw>
<kw name="Input Text" library="SeleniumLibrary">
<arg>${password}</arg>
<arg>secret_sauce</arg>
<doc>Types the given ``text`` into the text field identified by ``locator``.</doc>
<msg timestamp="20231012 18:52:10.737" level="INFO">Typing text 'secret_sauce' into text field '//*[@id="password"]'.</msg>
<status status="PASS" starttime="20231012 18:52:10.736" endtime="20231012 18:52:10.912"/>
</kw>
<kw name="Click Button" library="SeleniumLibrary">
<arg>login-button</arg>
<doc>Clicks the button identified by ``locator``.</doc>
<msg timestamp="20231012 18:52:10.913" level="INFO">Clicking button 'login-button'.</msg>
<status status="PASS" starttime="20231012 18:52:10.912" endtime="20231012 18:52:16.231"/>
</kw>
<status status="PASS" starttime="20231012 18:52:10.225" endtime="20231012 18:52:16.231"/>
</kw>
<kw name="Add to cart from Product page" library="add-to-cart">
<kw name="Click Element" library="SeleniumLibrary">
<arg>//*[@id="item_4_title_link"]</arg>
<doc>Click the element identified by ``locator``.</doc>
<msg timestamp="20231012 18:52:16.244" level="INFO">Clicking element '//*[@id="item_4_title_link"]'.</msg>
<status status="PASS" starttime="20231012 18:52:16.243" endtime="20231012 18:52:16.581"/>
</kw>
<kw name="Click Button" library="SeleniumLibrary">
<arg>add-to-cart-sauce-labs-backpack</arg>
<doc>Clicks the button identified by ``locator``.</doc>
<msg timestamp="20231012 18:52:16.582" level="INFO">Clicking button 'add-to-cart-sauce-labs-backpack'.</msg>
<status status="PASS" starttime="20231012 18:52:16.581" endtime="20231012 18:52:16.841"/>
</kw>
<kw name="Sleep" library="BuiltIn">
<arg>1s</arg>
<doc>Pauses the test executed for the given time.</doc>
<msg timestamp="20231012 18:52:17.844" level="INFO">Slept 1 second</msg>
<status status="PASS" starttime="20231012 18:52:16.841" endtime="20231012 18:52:17.844"/>
</kw>
<status status="PASS" starttime="20231012 18:52:16.232" endtime="20231012 18:52:17.845"/>
</kw>
<kw name="check cart" library="Keywords">
<kw name="Click Element" library="SeleniumLibrary">
<arg>${cart_button}</arg>
<doc>Click the element identified by ``locator``.</doc>
<msg timestamp="20231012 18:52:17.846" level="INFO">Clicking element '//*[@id="shopping_cart_container"]'.</msg>
<status status="PASS" starttime="20231012 18:52:17.845" endtime="20231012 18:52:18.166"/>
</kw>
<status status="PASS" starttime="20231012 18:52:17.845" endtime="20231012 18:52:18.166"/>
</kw>
<kw name="Product checkout" library="Keywords">
<kw name="Click Button" library="SeleniumLibrary">
<arg>checkout</arg>
<doc>Clicks the button identified by ``locator``.</doc>
<msg timestamp="20231012 18:52:18.168" level="INFO">Clicking button 'checkout'.</msg>
<status status="PASS" starttime="20231012 18:52:18.167" endtime="20231012 18:52:18.522"/>
</kw>
<status status="PASS" starttime="20231012 18:52:18.166" endtime="20231012 18:52:18.522"/>
</kw>
<kw name="Enter Delivery details" library="Keywords">
<kw name="Input Text" library="SeleniumLibrary">
<arg>firstName</arg>
<arg>tushar</arg>
<doc>Types the given ``text`` into the text field identified by ``locator``.</doc>
<msg timestamp="20231012 18:52:18.525" level="INFO">Typing text 'tushar' into text field 'firstName'.</msg>
<status status="PASS" starttime="20231012 18:52:18.523" endtime="20231012 18:52:18.854"/>
</kw>
<kw name="Input Text" library="SeleniumLibrary">
<arg>lastName</arg>
<arg>shinde</arg>
<doc>Types the given ``text`` into the text field identified by ``locator``.</doc>
<msg timestamp="20231012 18:52:18.855" level="INFO">Typing text 'shinde' into text field 'lastName'.</msg>
<status status="PASS" starttime="20231012 18:52:18.854" endtime="20231012 18:52:19.505"/>
</kw>
<kw name="Input Text" library="SeleniumLibrary">
<arg>postalCode</arg>
<arg>4000001</arg>
<doc>Types the given ``text`` into the text field identified by ``locator``.</doc>
<msg timestamp="20231012 18:52:19.516" level="INFO">Typing text '4000001' into text field 'postalCode'.</msg>
<status status="PASS" starttime="20231012 18:52:19.506" endtime="20231012 18:52:20.166"/>
</kw>
<kw name="Click Button" library="SeleniumLibrary">
<arg>continue</arg>
<doc>Clicks the button identified by ``locator``.</doc>
<msg timestamp="20231012 18:52:20.168" level="INFO">Clicking button 'continue'.</msg>
<status status="PASS" starttime="20231012 18:52:20.167" endtime="20231012 18:52:20.661"/>
</kw>
<kw name="Sleep" library="BuiltIn">
<arg>2s</arg>
<doc>Pauses the test executed for the given time.</doc>
<msg timestamp="20231012 18:52:22.663" level="INFO">Slept 2 seconds</msg>
<status status="PASS" starttime="20231012 18:52:20.662" endtime="20231012 18:52:22.663"/>
</kw>
<status status="PASS" starttime="20231012 18:52:18.522" endtime="20231012 18:52:22.663"/>
</kw>
<kw name="finish button" library="Keywords">
<kw name="Click Button" library="SeleniumLibrary">
<arg>finish</arg>
<doc>Clicks the button identified by ``locator``.</doc>
<msg timestamp="20231012 18:52:22.665" level="INFO">Clicking button 'finish'.</msg>
<status status="PASS" starttime="20231012 18:52:22.664" endtime="20231012 18:52:23.027"/>
</kw>
<status status="PASS" starttime="20231012 18:52:22.663" endtime="20231012 18:52:23.028"/>
</kw>
<kw name="Back to homepage" library="Keywords">
<kw name="Click Button" library="SeleniumLibrary">
<arg>back-to-products</arg>
<doc>Clicks the button identified by ``locator``.</doc>
<msg timestamp="20231012 18:52:23.029" level="INFO">Clicking button 'back-to-products'.</msg>
<status status="PASS" starttime="20231012 18:52:23.029" endtime="20231012 18:52:28.406"/>
</kw>
<status status="PASS" starttime="20231012 18:52:23.028" endtime="20231012 18:52:28.406"/>
</kw>
<kw name="Close All Browsers" library="SeleniumLibrary">
<doc>Closes all open browsers and resets the browser cache.</doc>
<status status="PASS" starttime="20231012 18:52:28.406" endtime="20231012 18:52:28.651"/>
</kw>
<kw name="Close Browser" library="SeleniumLibrary" type="TEARDOWN">
<doc>Closes the current browser.</doc>
<status status="PASS" starttime="20231012 18:52:28.653" endtime="20231012 18:52:28.654"/>
</kw>
<doc>Add-to-cart-from-product-page-from-performance_glitch_user</doc>
<status status="PASS" starttime="20231012 18:52:03.690" endtime="20231012 18:52:28.655"/>
</test>
<status status="PASS" starttime="20231012 18:52:02.640" endtime="20231012 18:52:28.657"/>
</suite>
<suite id="s1-s7-s8" name="glitch-user-Add-to-cart-from-productpage-remove-from-Cart-page" source="/home/tushars/PycharmProjects/assign/Advarisk-assignment/performance_glitch_user-suite/glitch-user-Add-to-cart-from-productpage-remove-from-Cart-page.robot">
<test id="s1-s7-s8-t1" name="Add-to-cart-from-productpage-remove-from-Cart-page-performance_glitch_user" line="11">
<kw name="Open Browser" library="SeleniumLibrary" type="SETUP">
<arg>browser=Chrome</arg>
<doc>Opens a new browser instance to the optional ``url``.</doc>
<msg timestamp="20231012 18:52:12.393" level="INFO">Opening browser 'Chrome' to base url 'None'.</msg>
<status status="PASS" starttime="20231012 18:52:12.391" endtime="20231012 18:52:14.722"/>
</kw>
<kw name="open login page" library="Keywords">
<kw name="Open Browser" library="SeleniumLibrary">
<arg>${URL}</arg>
<arg>${Browser}</arg>
<arg>${chromedriver}</arg>
<doc>Opens a new browser instance to the optional ``url``.</doc>
<msg timestamp="20231012 18:52:14.729" level="INFO">Opening browser 'Chrome' to base url 'https://www.saucedemo.com/'.</msg>
<status status="PASS" starttime="20231012 18:52:14.724" endtime="20231012 18:52:18.892"/>
</kw>
<status status="PASS" starttime="20231012 18:52:14.723" endtime="20231012 18:52:18.893"/>
</kw>
<kw name="sign in" library="Keywords">
<arg>performance_glitch_user</arg>
<kw name="open login page" library="Keywords">
<kw name="Open Browser" library="SeleniumLibrary">
<arg>${URL}</arg>
<arg>${Browser}</arg>
<arg>${chromedriver}</arg>
<doc>Opens a new browser instance to the optional ``url``.</doc>
<msg timestamp="20231012 18:52:18.896" level="INFO">Using existing browser from index 2.</msg>
<msg timestamp="20231012 18:52:18.896" level="INFO">Opening url 'https://www.saucedemo.com/'</msg>
<status status="PASS" starttime="20231012 18:52:18.894" endtime="20231012 18:52:19.692"/>
</kw>
<status status="PASS" starttime="20231012 18:52:18.894" endtime="20231012 18:52:19.693"/>
</kw>
<kw name="Input Text" library="SeleniumLibrary">
<arg>${username}</arg>
<arg>${user}</arg>
<doc>Types the given ``text`` into the text field identified by ``locator``.</doc>
<msg timestamp="20231012 18:52:19.694" level="INFO">Typing text 'performance_glitch_user' into text field '//*[@id="user-name"]'.</msg>
<status status="PASS" starttime="20231012 18:52:19.693" endtime="20231012 18:52:20.303"/>
</kw>
<kw name="Input Text" library="SeleniumLibrary">
<arg>${password}</arg>
<arg>secret_sauce</arg>
<doc>Types the given ``text`` into the text field identified by ``locator``.</doc>
<msg timestamp="20231012 18:52:20.305" level="INFO">Typing text 'secret_sauce' into text field '//*[@id="password"]'.</msg>
<status status="PASS" starttime="20231012 18:52:20.304" endtime="20231012 18:52:20.759"/>
</kw>
<kw name="Click Button" library="SeleniumLibrary">
<arg>login-button</arg>
<doc>Clicks the button identified by ``locator``.</doc>
<msg timestamp="20231012 18:52:20.762" level="INFO">Clicking button 'login-button'.</msg>
<status status="PASS" starttime="20231012 18:52:20.760" endtime="20231012 18:52:25.992"/>
</kw>
<status status="PASS" starttime="20231012 18:52:18.893" endtime="20231012 18:52:25.992"/>
</kw>
<kw name="Add to cart from Product page" library="add-to-cart">
<kw name="Click Element" library="SeleniumLibrary">
<arg>//*[@id="item_4_title_link"]</arg>
<doc>Click the element identified by ``locator``.</doc>
<msg timestamp="20231012 18:52:25.994" level="INFO">Clicking element '//*[@id="item_4_title_link"]'.</msg>
<status status="PASS" starttime="20231012 18:52:25.993" endtime="20231012 18:52:26.288"/>
</kw>
<kw name="Click Button" library="SeleniumLibrary">
<arg>add-to-cart-sauce-labs-backpack</arg>
<doc>Clicks the button identified by ``locator``.</doc>
<msg timestamp="20231012 18:52:26.294" level="INFO">Clicking button 'add-to-cart-sauce-labs-backpack'.</msg>
[...]
</kw>
<status status="PASS" starttime="20231012 18:54:56.709" endtime="20231012 18:55:19.757"/>
</test>
<status status="PASS" starttime="20231012 18:54:54.032" endtime="20231012 18:55:19.762"/>
</suite>
<suite id="s1-s9-s18" name="return-to-homepage-from-product-page-from-leftside-Menu-All-Items-option" source="/home/tushars/PycharmProjects/assign/Advarisk-assignment/Standard_user-suite/return-to-homepage-from-product-page-from-leftside-Menu-All-Items-option.robot">
<test id="s1-s9-s18-t1" name="return to homepage from product page from leftside Menu All Items option" line="8">
<kw name="Open Browser" library="SeleniumLibrary" type="SETUP">
<arg>browser=Chrome</arg>
<doc>Opens a new browser instance to the optional ``url``.</doc>
<msg timestamp="20231012 18:55:02.645" level="INFO">Opening browser 'Chrome' to base url 'None'.</msg>
<status status="PASS" starttime="20231012 18:55:02.643" endtime="20231012 18:55:07.870"/>
</kw>
<kw name="sign in" library="Keywords">
<arg>standard_user</arg>
<kw name="open login page" library="Keywords">
<kw name="Open Browser" library="SeleniumLibrary">
<arg>${URL}</arg>
<arg>${Browser}</arg>
<arg>${chromedriver}</arg>
<doc>Opens a new browser instance to the optional ``url``.</doc>
<msg timestamp="20231012 18:55:07.952" level="INFO">Opening browser 'Chrome' to base url 'https://www.saucedemo.com/'.</msg>
<status status="PASS" starttime="20231012 18:55:07.934" endtime="20231012 18:55:13.206"/>
</kw>
<status status="PASS" starttime="20231012 18:55:07.933" endtime="20231012 18:55:13.206"/>
</kw>
<kw name="Input Text" library="SeleniumLibrary">
<arg>${username}</arg>
<arg>${user}</arg>
<doc>Types the given ``text`` into the text field identified by ``locator``.</doc>
<msg timestamp="20231012 18:55:13.208" level="INFO">Typing text 'standard_user' into text field '//*[@id="user-name"]'.</msg>
<status status="PASS" starttime="20231012 18:55:13.207" endtime="20231012 18:55:13.846"/>
</kw>
<kw name="Input Text" library="SeleniumLibrary">
<arg>${password}</arg>
<arg>secret_sauce</arg>
<doc>Types the given ``text`` into the text field identified by ``locator``.</doc>
<msg timestamp="20231012 18:55:13.848" level="INFO">Typing text 'secret_sauce' into text field '//*[@id="password"]'.</msg>
<status status="PASS" starttime="20231012 18:55:13.846" endtime="20231012 18:55:14.556"/>
</kw>
<kw name="Click Button" library="SeleniumLibrary">
<arg>login-button</arg>
<doc>Clicks the button identified by ``locator``.</doc>
<msg timestamp="20231012 18:55:14.560" level="INFO">Clicking button 'login-button'.</msg>
<status status="PASS" starttime="20231012 18:55:14.556" endtime="20231012 18:55:15.370"/>
</kw>
<status status="PASS" starttime="20231012 18:55:07.870" endtime="20231012 18:55:15.370"/>
</kw>
<kw name="Add to cart from homepage" library="add-to-cart">
<kw name="Click Button" library="SeleniumLibrary">
<arg>add-to-cart-sauce-labs-backpack</arg>
<doc>Clicks the button identified by ``locator``.</doc>
<msg timestamp="20231012 18:55:15.384" level="INFO">Clicking button 'add-to-cart-sauce-labs-backpack'.</msg>
<status status="PASS" starttime="20231012 18:55:15.375" endtime="20231012 18:55:15.829"/>
</kw>
<kw name="Sleep" library="BuiltIn">
<arg>1s</arg>
<doc>Pauses the test executed for the given time.</doc>
<msg timestamp="20231012 18:55:16.837" level="INFO">Slept 1 second</msg>
<status status="PASS" starttime="20231012 18:55:15.836" endtime="20231012 18:55:16.837"/>
</kw>
<status status="PASS" starttime="20231012 18:55:15.371" endtime="20231012 18:55:16.838"/>
</kw>
<kw name="Sleep" library="BuiltIn">
<arg>1s</arg>
<doc>Pauses the test executed for the given time.</doc>
<msg timestamp="20231012 18:55:17.840" level="INFO">Slept 1 second</msg>
<status status="PASS" starttime="20231012 18:55:16.838" endtime="20231012 18:55:17.840"/>
</kw>
<kw name="open product" library="add-to-cart">
<kw name="Click Element" library="SeleniumLibrary">
<arg>//*[@id="item_4_title_link"]</arg>
<doc>Click the element identified by ``locator``.</doc>
<msg timestamp="20231012 18:55:17.842" level="INFO">Clicking element '//*[@id="item_4_title_link"]'.</msg>
<status status="PASS" starttime="20231012 18:55:17.841" endtime="20231012 18:55:17.908"/>
</kw>
<status status="PASS" starttime="20231012 18:55:17.840" endtime="20231012 18:55:17.908"/>
</kw>
<kw name="Sleep" library="BuiltIn">
<arg>1s</arg>
<doc>Pauses the test executed for the given time.</doc>
<msg timestamp="20231012 18:55:18.911" level="INFO">Slept 1 second</msg>
<status status="PASS" starttime="20231012 18:55:17.909" endtime="20231012 18:55:18.911"/>
</kw>
<kw name="option menu" library="Keywords">
<kw name="Click Button" library="SeleniumLibrary">
<arg>Open Menu</arg>
<doc>Clicks the button identified by ``locator``.</doc>
<msg timestamp="20231012 18:55:18.913" level="INFO">Clicking button 'Open Menu'.</msg>
<status status="PASS" starttime="20231012 18:55:18.912" endtime="20231012 18:55:19.128"/>
</kw>
<kw name="Wait Until Element Is Enabled" library="SeleniumLibrary">
<arg>${all_items}</arg>
<doc>Waits until the element ``locator`` is enabled.</doc>
<status status="PASS" starttime="20231012 18:55:19.128" endtime="20231012 18:55:19.330"/>
</kw>
<kw name="Sleep" library="BuiltIn">
<arg>2s</arg>
<doc>Pauses the test executed for the given time.</doc>
<msg timestamp="20231012 18:55:21.332" level="INFO">Slept 2 seconds</msg>
<status status="PASS" starttime="20231012 18:55:19.331" endtime="20231012 18:55:21.332"/>
</kw>
<kw name="Click Element" library="SeleniumLibrary">
<arg>${all_items}</arg>
<doc>Click the element identified by ``locator``.</doc>
<msg timestamp="20231012 18:55:21.333" level="INFO">Clicking element '//*[@id="inventory_sidebar_link"]'.</msg>
<status status="PASS" starttime="20231012 18:55:21.332" endtime="20231012 18:55:21.619"/>
</kw>
<status status="PASS" starttime="20231012 18:55:18.911" endtime="20231012 18:55:21.619"/>
</kw>
<kw name="Sleep" library="BuiltIn">
<arg>3s</arg>
<doc>Pauses the test executed for the given time.</doc>
<msg timestamp="20231012 18:55:24.621" level="INFO">Slept 3 seconds</msg>
<status status="PASS" starttime="20231012 18:55:21.620" endtime="20231012 18:55:24.621"/>
</kw>
<kw name="Close Browser" library="SeleniumLibrary" type="TEARDOWN">
<doc>Closes the current browser.</doc>
<status status="PASS" starttime="20231012 18:55:24.621" endtime="20231012 18:55:24.732"/>
</kw>
<doc>return to homepage from product page from leftside Menu All Items option</doc>
<status status="PASS" starttime="20231012 18:55:02.642" endtime="20231012 18:55:24.734"/>
</test>
<status status="PASS" starttime="20231012 18:55:01.418" endtime="20231012 18:55:24.736"/>
</suite>
<status status="FAIL" starttime="20231012 18:53:11.306" endtime="20231012 18:55:24.739"/>
</suite>
<suite id="s1-s10" name="Twitter" source="/home/tushars/PycharmProjects/assign/Advarisk-assignment/twitter.robot">
<test id="s1-s10-t1" name="twitter page" line="9">
<kw name="Open Browser" library="SeleniumLibrary" type="SETUP">
<arg>browser=Chrome</arg>
<doc>Opens a new browser instance to the optional ``url``.</doc>
<msg timestamp="20231012 18:55:06.702" level="INFO">Opening browser 'Chrome' to base url 'None'.</msg>
<status status="PASS" starttime="20231012 18:55:06.691" endtime="20231012 18:55:09.978"/>
</kw>
<kw name="sign in" library="Keywords">
<arg>standard_user</arg>
<kw name="open login page" library="Keywords">
<kw name="Open Browser" library="SeleniumLibrary">
<arg>${URL}</arg>
<arg>${Browser}</arg>
<arg>${chromedriver}</arg>
<doc>Opens a new browser instance to the optional ``url``.</doc>
<msg timestamp="20231012 18:55:10.035" level="INFO">Opening browser 'Chrome' to base url 'https://www.saucedemo.com/'.</msg>
<status status="PASS" starttime="20231012 18:55:10.029" endtime="20231012 18:55:15.964"/>
</kw>
<status status="PASS" starttime="20231012 18:55:10.028" endtime="20231012 18:55:15.964"/>
</kw>
<kw name="Input Text" library="SeleniumLibrary">
<arg>${username}</arg>
<arg>${user}</arg>
<doc>Types the given ``text`` into the text field identified by ``locator``.</doc>
<msg timestamp="20231012 18:55:15.968" level="INFO">Typing text 'standard_user' into text field '//*[@id="user-name"]'.</msg>
<status status="PASS" starttime="20231012 18:55:15.965" endtime="20231012 18:55:16.596"/>
</kw>
<kw name="Input Text" library="SeleniumLibrary">
<arg>${password}</arg>
<arg>secret_sauce</arg>
<doc>Types the given ``text`` into the text field identified by ``locator``.</doc>
<msg timestamp="20231012 18:55:16.598" level="INFO">Typing text 'secret_sauce' into text field '//*[@id="password"]'.</msg>
<status status="PASS" starttime="20231012 18:55:16.597" endtime="20231012 18:55:16.773"/>
</kw>
<kw name="Click Button" library="SeleniumLibrary">
<arg>login-button</arg>
<doc>Clicks the button identified by ``locator``.</doc>
<msg timestamp="20231012 18:55:16.775" level="INFO">Clicking button 'login-button'.</msg>
<status status="PASS" starttime="20231012 18:55:16.774" endtime="20231012 18:55:16.962"/>
</kw>
<status status="PASS" starttime="20231012 18:55:09.978" endtime="20231012 18:55:16.963"/>
</kw>
<kw name="Sleep" library="BuiltIn">
<arg>2s</arg>
<doc>Pauses the test executed for the given time.</doc>
<msg timestamp="20231012 18:55:18.964" level="INFO">Slept 2 seconds</msg>
<status status="PASS" starttime="20231012 18:55:16.963" endtime="20231012 18:55:18.964"/>
</kw>
<kw name="twitter" library="Keywords">
<kw name="Scroll Element Into View" library="SeleniumLibrary">
<arg>//*[@class="social_twitter"]</arg>
<doc>Scrolls the element identified by ``locator`` into view.</doc>
<status status="PASS" starttime="20231012 18:55:18.965" endtime="20231012 18:55:19.312"/>
</kw>
<kw name="Click Element" library="SeleniumLibrary">
<arg>//*[@class="social_twitter"]</arg>
<doc>Click the element identified by ``locator``.</doc>
<msg timestamp="20231012 18:55:19.318" level="INFO">Clicking element '//*[@class="social_twitter"]'.</msg>
<status status="PASS" starttime="20231012 18:55:19.315" endtime="20231012 18:55:19.662"/>
</kw>
<status status="PASS" starttime="20231012 18:55:18.965" endtime="20231012 18:55:19.662"/>
</kw>
<kw name="Sleep" library="BuiltIn">
<arg>3s</arg>
<doc>Pauses the test executed for the given time.</doc>
<msg timestamp="20231012 18:55:22.664" level="INFO">Slept 3 seconds</msg>
<status status="PASS" starttime="20231012 18:55:19.663" endtime="20231012 18:55:22.664"/>
</kw>
<kw name="Close Browser" library="SeleniumLibrary" type="TEARDOWN">
<doc>Closes the current browser.</doc>
<status status="PASS" starttime="20231012 18:55:22.665" endtime="20231012 18:55:22.880"/>
</kw>
<doc>twitter page</doc>
<status status="PASS" starttime="20231012 18:55:06.684" endtime="20231012 18:55:22.881"/>
</test>
<status status="PASS" starttime="20231012 18:55:04.143" endtime="20231012 18:55:22.883"/>
</suite>
<doc>[https://pabot.org/?ref=log|Pabot] result from 45 executions.</doc>
<status status="FAIL" starttime="20231012 18:51:19.338" endtime="20231012 18:55:24.741"/>
</suite>
<statistics>
<total>
<stat pass="35" fail="10" skip="0">All Tests</stat>
</total>
<tag>
</tag>
<suite>
<stat pass="35" fail="10" skip="0" id="s1" name="Advarisk-assignment">Advarisk-assignment</stat>
<stat pass="1" fail="0" skip="0" id="s1-s1" name="Facebook">Advarisk-assignment.Facebook</stat>
<stat pass="1" fail="0" skip="0" id="s1-s2" name="Linkedin">Advarisk-assignment.Linkedin</stat>
<stat pass="1" fail="0" skip="0" id="s1-s3" name="Login-Password-Valication-Check">Advarisk-assignment.Login-Password-Valication-Check</stat>
<stat pass="1" fail="0" skip="0" id="s1-s4" name="Login-Username-Valication-Check">Advarisk-assignment.Login-Username-Valication-Check</stat>
<stat pass="1" fail="0" skip="0" id="s1-s5" name="Login-With-Locked-User">Advarisk-assignment.Login-With-Locked-User</stat>
<stat pass="1" fail="0" skip="0" id="s1-s6" name="Logout">Advarisk-assignment.Logout</stat>
<stat pass="10" fail="0" skip="0" id="s1-s7" name="Performance Glitch User-Suite">Advarisk-assignment.Performance Glitch User-Suite</stat>
<stat pass="1" fail="0" skip="0" id="s1-s7-s1" name="Glitch-User--Delivery-Details-Firstname-Validation-Check">Advarisk-assignment.Performance Glitch User-Suite.Glitch-User--Delivery-Details-Firstname-Validation-Check</stat>
<stat pass="1" fail="0" skip="0" id="s1-s7-s2" name="Glitch-User--Delivery-Details-Lastname-Validation-Check">Advarisk-assignment.Performance Glitch User-Suite.Glitch-User--Delivery-Details-Lastname-Validation-Check</stat>
<stat pass="1" fail="0" skip="0" id="s1-s7-s3" name="Glitch-User--Delivery-Details-Postalcode-Validation-Check">Advarisk-assignment.Performance Glitch User-Suite.Glitch-User--Delivery-Details-Postalcode-Validation-Check</stat>
<stat pass="1" fail="0" skip="0" id="s1-s7-s4" name="Glitch-User-Cancel-From-Checkout-Page">Advarisk-assignment.Performance Glitch User-Suite.Glitch-User-Cancel-From-Checkout-Page</stat>
<stat pass="1" fail="0" skip="0" id="s1-s7-s5" name="glitch-user-Add-to-cart-and-remove-from-homepage">Advarisk-assignment.Performance Glitch User-Suite.glitch-user-Add-to-cart-and-remove-from-homepage</stat>
<stat pass="1" fail="0" skip="0" id="s1-s7-s6" name="glitch-user-Add-to-cart-from-homepage-remove-from-Cart-page">Advarisk-assignment.Performance Glitch User-Suite.glitch-user-Add-to-cart-from-homepage-remove-from-Cart-page</stat>
<stat pass="1" fail="0" skip="0" id="s1-s7-s7" name="glitch-user-Add-to-cart-from-product-page-from-problem user">Advarisk-assignment.Performance Glitch User-Suite.glitch-user-Add-to-cart-from-product-page-from-problem user</stat>
<stat pass="1" fail="0" skip="0" id="s1-s7-s8" name="glitch-user-Add-to-cart-from-productpage-remove-from-Cart-page">Advarisk-assignment.Performance Glitch User-Suite.glitch-user-Add-to-cart-from-productpage-remove-from-Cart-page</stat>
<stat pass="1" fail="0" skip="0" id="s1-s7-s9" name="glitch-user-Add-to-cart-from-productpage-remove-from-homepage">Advarisk-assignment.Performance Glitch User-Suite.glitch-user-Add-to-cart-from-productpage-remove-from-homepage</stat>
<stat pass="1" fail="0" skip="0" id="s1-s7-s10" name="glitch-user-Add-to-cart-homepage-and-remove-from-product">Advarisk-assignment.Performance Glitch User-Suite.glitch-user-Add-to-cart-homepage-and-remove-from-product</stat>
<stat pass="2" fail="8" skip="0" id="s1-s8" name="Problem User-Suite">Advarisk-assignment.Problem User-Suite</stat>
<stat pass="1" fail="0" skip="0" id="s1-s8-s1" name="Add-to-cart-and-remove-from-homepage-puser">Advarisk-assignment.Problem User-Suite.Add-to-cart-and-remove-from-homepage-puser</stat>
<stat pass="1" fail="0" skip="0" id="s1-s8-s2" name="Add-to-cart-from-homepage-remove-from-Cart-page">Advarisk-assignment.Problem User-Suite.Add-to-cart-from-homepage-remove-from-Cart-page</stat>
<stat pass="0" fail="1" skip="0" id="s1-s8-s3" name="Add-to-cart-from-product-page-from-problem user">Advarisk-assignment.Problem User-Suite.Add-to-cart-from-product-page-from-problem user</stat>
<stat pass="0" fail="1" skip="0" id="s1-s8-s4" name="Add-to-cart-from-productpage-remove-from-Cart-page">Advarisk-assignment.Problem User-Suite.Add-to-cart-from-productpage-remove-from-Cart-page</stat>
<stat pass="0" fail="1" skip="0" id="s1-s8-s5" name="Add-to-cart-from-productpage-remove-from-homepage">Advarisk-assignment.Problem User-Suite.Add-to-cart-from-productpage-remove-from-homepage</stat>
<stat pass="0" fail="1" skip="0" id="s1-s8-s6" name="Add-to-cart-homepage-and-remove-from-product">Advarisk-assignment.Problem User-Suite.Add-to-cart-homepage-and-remove-from-product</stat>
<stat pass="0" fail="1" skip="0" id="s1-s8-s7" name="Prob-User-Delivery-Details-Firstname-Validation-Check">Advarisk-assignment.Problem User-Suite.Prob-User-Delivery-Details-Firstname-Validation-Check</stat>
<stat pass="0" fail="1" skip="0" id="s1-s8-s8" name="Prob-User-Delivery-Details-Lastname-Validation-Check">Advarisk-assignment.Problem User-Suite.Prob-User-Delivery-Details-Lastname-Validation-Check</stat>
<stat pass="0" fail="1" skip="0" id="s1-s8-s9" name="Prob-User-Delivery-Details-Postalcode-Validation-Check">Advarisk-assignment.Problem User-Suite.Prob-User-Delivery-Details-Postalcode-Validation-Check</stat>
<stat pass="0" fail="1" skip="0" id="s1-s8-s10" name="Prob-Usercancel-From-Checkout-Page">Advarisk-assignment.Problem User-Suite.Prob-Usercancel-From-Checkout-Page</stat>
<stat pass="16" fail="2" skip="0" id="s1-s9" name="Standard user-suite">Advarisk-assignment.Standard user-suite</stat>
<stat pass="1" fail="0" skip="0" id="s1-s9-s1" name="About-Page">Advarisk-assignment.Standard user-suite.About-Page</stat>
<stat pass="1" fail="0" skip="0" id="s1-s9-s2" name="Add-to-cart-and-remove-from-homepage">Advarisk-assignment.Standard user-suite.Add-to-cart-and-remove-from-homepage</stat>
<stat pass="1" fail="0" skip="0" id="s1-s9-s3" name="Add-to-cart-from-homepage-remove-from-Cart-page">Advarisk-assignment.Standard user-suite.Add-to-cart-from-homepage-remove-from-Cart-page</stat>
<stat pass="1" fail="0" skip="0" id="s1-s9-s4" name="Add-to-cart-from-homepage-standard-user">Advarisk-assignment.Standard user-suite.Add-to-cart-from-homepage-standard-user</stat>
<stat pass="1" fail="0" skip="0" id="s1-s9-s5" name="Add-to-cart-from-product-page-from-Standard user">Advarisk-assignment.Standard user-suite.Add-to-cart-from-product-page-from-Standard user</stat>
<stat pass="0" fail="1" skip="0" id="s1-s9-s6" name="Add-to-cart-from-product-page-from-error user">Advarisk-assignment.Standard user-suite.Add-to-cart-from-product-page-from-error user</stat>
<stat pass="1" fail="0" skip="0" id="s1-s9-s7" name="Add-to-cart-from-product-page-from-secret performance glitch user">Advarisk-assignment.Standard user-suite.Add-to-cart-from-product-page-from-secret performance glitch user</stat>
<stat pass="1" fail="0" skip="0" id="s1-s9-s8" name="Add-to-cart-from-productpage-remove-from-Cart-page">Advarisk-assignment.Standard user-suite.Add-to-cart-from-productpage-remove-from-Cart-page</stat>
<stat pass="1" fail="0" skip="0" id="s1-s9-s9" name="Add-to-cart-from-productpage-remove-from-homepage">Advarisk-assignment.Standard user-suite.Add-to-cart-from-productpage-remove-from-homepage</stat>
<stat pass="1" fail="0" skip="0" id="s1-s9-s10" name="Add-to-cart-homepage-and-remove-from-product">Advarisk-assignment.Standard user-suite.Add-to-cart-homepage-and-remove-from-product</stat>
<stat pass="1" fail="0" skip="0" id="s1-s9-s11" name="Cancel-From-Checkout-Page">Advarisk-assignment.Standard user-suite.Cancel-From-Checkout-Page</stat>
<stat pass="0" fail="1" skip="0" id="s1-s9-s12" name="Delivery-Details-Firstname-Validation-Check">Advarisk-assignment.Standard user-suite.Delivery-Details-Firstname-Validation-Check</stat>
<stat pass="1" fail="0" skip="0" id="s1-s9-s13" name="Delivery-Details-Lastname-Validation-Check">Advarisk-assignment.Standard user-suite.Delivery-Details-Lastname-Validation-Check</stat>
<stat pass="1" fail="0" skip="0" id="s1-s9-s14" name="Delivery-Details-Postalcode-Validation-Check">Advarisk-assignment.Standard user-suite.Delivery-Details-Postalcode-Validation-Check</stat>
<stat pass="1" fail="0" skip="0" id="s1-s9-s15" name="Multiple-add-tocart-from-homepage-std-user">Advarisk-assignment.Standard user-suite.Multiple-add-tocart-from-homepage-std-user</stat>
<stat pass="1" fail="0" skip="0" id="s1-s9-s16" name="Return-to-homepage-from-cartpage-continue-shop">Advarisk-assignment.Standard user-suite.Return-to-homepage-from-cartpage-continue-shop</stat>
<stat pass="1" fail="0" skip="0" id="s1-s9-s17" name="Sorting-Products">Advarisk-assignment.Standard user-suite.Sorting-Products</stat>
<stat pass="1" fail="0" skip="0" id="s1-s9-s18" name="return-to-homepage-from-product-page-from-leftside-Menu-All-Items-option">Advarisk-assignment.Standard user-suite.return-to-homepage-from-product-page-from-leftside-Menu-All-Items-option</stat>
<stat pass="1" fail="0" skip="0" id="s1-s10" name="Twitter">Advarisk-assignment.Twitter</stat>
</suite>
</statistics>
<errors>
</errors>
</robot>
