<?xml version="1.0" encoding="UTF-8"?>
<robot generator="Rebot 6.1.1 (Python 3.10.12 on linux)" generated="20231013 11:20:17.620" rpa="false" schemaversion="4">
<suite id="s1" name="Advarisk-assignment" source="/home/tushars/PycharmProjects/assign/Advarisk-assignment">
<suite id="s1-s1" name="Facebook" source="/home/tushars/PycharmProjects/assign/Advarisk-assignment/facebook.robot">
<test id="s1-s1-t1" name="facebook page" line="9">
<kw name="Open Browser" library="SeleniumLibrary" type="SETUP">
<arg>browser=Chrome</arg>
<doc>Opens a new browser instance to the optional ``url``.</doc>
<msg timestamp="20231013 11:15:55.777" level="INFO">Opening browser 'Chrome' to base url 'None'.</msg>
<status status="PASS" starttime="20231013 11:15:55.776" endtime="20231013 11:15:59.064"/>
</kw>
<kw name="sign in" library="Keywords">
<arg>standard_user</arg>
<kw name="open login page" library="Keywords">
<kw name="Open Browser" library="SeleniumLibrary">
<arg>${URL}</arg>
<arg>${Browser}</arg>
<arg>${chromedriver}</arg>
<doc>Opens a new browser instance to the optional ``url``.</doc>
<msg timestamp="20231013 11:15:59.071" level="INFO">Opening browser 'Chrome' to base url 'https://www.saucedemo.com/'.</msg>
<status status="PASS" starttime="20231013 11:15:59.068" endtime="20231013 11:16:03.898"/>
</kw>
<status status="PASS" starttime="20231013 11:15:59.067" endtime="20231013 11:16:03.899"/>
</kw>
<kw name="Input Text" library="SeleniumLibrary">
<arg>${username}</arg>
<arg>${user}</arg>
<doc>Types the given ``text`` into the text field identified by ``locator``.</doc>
<msg timestamp="20231013 11:16:03.900" level="INFO">Typing text 'standard_user' into text field '//*[@id="user-name"]'.</msg>
<status status="PASS" starttime="20231013 11:16:03.899" endtime="20231013 11:16:04.541"/>
</kw>
<kw name="Input Text" library="SeleniumLibrary">
<arg>${password}</arg>
<arg>secret_sauce</arg>
<doc>Types the given ``text`` into the text field identified by ``locator``.</doc>
<msg timestamp="20231013 11:16:04.542" level="INFO">Typing text 'secret_sauce' into text field '//*[@id="password"]'.</msg>
<status status="PASS" starttime="20231013 11:16:04.541" endtime="20231013 11:16:04.963"/>
</kw>
<kw name="Click Button" library="SeleniumLibrary">
<arg>login-button</arg>
<doc>Clicks the button identified by ``locator``.</doc>
<msg timestamp="20231013 11:16:04.964" level="INFO">Clicking button 'login-button'.</msg>
<status status="PASS" starttime="20231013 11:16:04.964" endtime="20231013 11:16:05.193"/>
</kw>
<status status="PASS" starttime="20231013 11:15:59.065" endtime="20231013 11:16:05.193"/>
</kw>
<kw name="Sleep" library="BuiltIn">
<arg>2s</arg>
<doc>Pauses the test executed for the given time.</doc>
<msg timestamp="20231013 11:16:07.194" level="INFO">Slept 2 seconds</msg>
<status status="PASS" starttime="20231013 11:16:05.193" endtime="20231013 11:16:07.194"/>
</kw>
<kw name="facebook" library="Keywords">
<kw name="Scroll Element Into View" library="SeleniumLibrary">
<arg>//*[@class="social"]</arg>
<doc>Scrolls the element identified by ``locator`` into view.</doc>
<status status="PASS" starttime="20231013 11:16:07.195" endtime="20231013 11:16:07.614"/>
</kw>
<kw name="Click Element" library="SeleniumLibrary">
<arg>//*[@class="social_facebook"]</arg>
<doc>Click the element identified by ``locator``.</doc>
<msg timestamp="20231013 11:16:07.615" level="INFO">Clicking element '//*[@class="social_facebook"]'.</msg>
<status status="PASS" starttime="20231013 11:16:07.614" endtime="20231013 11:16:07.858"/>
</kw>
<status status="PASS" starttime="20231013 11:16:07.195" endtime="20231013 11:16:07.859"/>
</kw>
<kw name="Sleep" library="BuiltIn">
<arg>3s</arg>
<doc>Pauses the test executed for the given time.</doc>
<msg timestamp="20231013 11:16:10.860" level="INFO">Slept 3 seconds</msg>
<status status="PASS" starttime="20231013 11:16:07.859" endtime="20231013 11:16:10.860"/>
</kw>
<kw name="Close Browser" library="SeleniumLibrary" type="TEARDOWN">
<doc>Closes the current browser.</doc>
<status status="PASS" starttime="20231013 11:16:10.861" endtime="20231013 11:16:11.088"/>
</kw>
<doc>facebook page</doc>
<status status="PASS" starttime="20231013 11:15:55.775" endtime="20231013 11:16:11.089"/>
</test>
<status status="PASS" starttime="20231013 11:15:55.196" endtime="20231013 11:16:11.092"/>
</suite>
<suite id="s1-s2" name="Linkedin" source="/home/tushars/PycharmProjects/assign/Advarisk-assignment/linkedin.robot">
<test id="s1-s2-t1" name="linkedin page" line="9">
<kw name="Open Browser" library="SeleniumLibrary" type="SETUP">
<arg>browser=Chrome</arg>
<doc>Opens a new browser instance to the optional ``url``.</doc>
<msg timestamp="20231013 11:15:55.780" level="INFO">Opening browser 'Chrome' to base url 'None'.</msg>
<status status="PASS" starttime="20231013 11:15:55.780" endtime="20231013 11:15:58.799"/>
</kw>
<kw name="sign in" library="Keywords">
<arg>standard_user</arg>
<kw name="open login page" library="Keywords">
<kw name="Open Browser" library="SeleniumLibrary">
<arg>${URL}</arg>
<arg>${Browser}</arg>
<arg>${chromedriver}</arg>
<doc>Opens a new browser instance to the optional ``url``.</doc>
<msg timestamp="20231013 11:15:58.802" level="INFO">Opening browser 'Chrome' to base url 'https://www.saucedemo.com/'.</msg>
<status status="PASS" starttime="20231013 11:15:58.801" endtime="20231013 11:16:03.423"/>
</kw>
<status status="PASS" starttime="20231013 11:15:58.800" endtime="20231013 11:16:03.423"/>
</kw>
<kw name="Input Text" library="SeleniumLibrary">
<arg>${username}</arg>
<arg>${user}</arg>
<doc>Types the given ``text`` into the text field identified by ``locator``.</doc>
<msg timestamp="20231013 11:16:03.425" level="INFO">Typing text 'standard_user' into text field '//*[@id="user-name"]'.</msg>
<status status="PASS" starttime="20231013 11:16:03.423" endtime="20231013 11:16:04.059"/>
</kw>
<kw name="Input Text" library="SeleniumLibrary">
<arg>${password}</arg>
<arg>secret_sauce</arg>
<doc>Types the given ``text`` into the text field identified by ``locator``.</doc>
<msg timestamp="20231013 11:16:04.060" level="INFO">Typing text 'secret_sauce' into text field '//*[@id="password"]'.</msg>
<status status="PASS" starttime="20231013 11:16:04.059" endtime="20231013 11:16:04.367"/>
</kw>
<kw name="Click Button" library="SeleniumLibrary">
<arg>login-button</arg>
<doc>Clicks the button identified by ``locator``.</doc>
<msg timestamp="20231013 11:16:04.368" level="INFO">Clicking button 'login-button'.</msg>
<status status="PASS" starttime="20231013 11:16:04.367" endtime="20231013 11:16:04.783"/>
</kw>
<status status="PASS" starttime="20231013 11:15:58.799" endtime="20231013 11:16:04.783"/>
</kw>
<kw name="Sleep" library="BuiltIn">
<arg>2s</arg>
<doc>Pauses the test executed for the given time.</doc>
<msg timestamp="20231013 11:16:06.784" level="INFO">Slept 2 seconds</msg>
<status status="PASS" starttime="20231013 11:16:04.784" endtime="20231013 11:16:06.784"/>
</kw>
<kw name=" linkedin" library="Keywords">
<kw name="Scroll Element Into View" library="SeleniumLibrary">
<arg>//*[@class="social"]</arg>
<doc>Scrolls the element identified by ``locator`` into view.</doc>
<status status="PASS" starttime="20231013 11:16:06.785" endtime="20231013 11:16:07.120"/>
</kw>
<kw name="Click Element" library="SeleniumLibrary">
<arg>//*[@class="social_linkedin"]</arg>
<doc>Click the element identified by ``locator``.</doc>
<msg timestamp="20231013 11:16:07.121" level="INFO">Clicking element '//*[@class="social_linkedin"]'.</msg>
<status status="PASS" starttime="20231013 11:16:07.120" endtime="20231013 11:16:07.501"/>
</kw>
<status status="PASS" starttime="20231013 11:16:06.785" endtime="20231013 11:16:07.501"/>
</kw>
<kw name="Sleep" library="BuiltIn">
<arg>3s</arg>
<doc>Pauses the test executed for the given time.</doc>
<msg timestamp="20231013 11:16:10.502" level="INFO">Slept 3 seconds</msg>
<status status="PASS" starttime="20231013 11:16:07.502" endtime="20231013 11:16:10.503"/>
</kw>
<kw name="Close Browser" library="SeleniumLibrary" type="TEARDOWN">
<doc>Closes the current browser.</doc>
<status status="PASS" starttime="20231013 11:16:10.503" endtime="20231013 11:16:10.884"/>
</kw>
<doc>linkedin page</doc>
<status status="PASS" starttime="20231013 11:15:55.779" endtime="20231013 11:16:10.884"/>
</test>
<status status="PASS" starttime="20231013 11:15:55.196" endtime="20231013 11:16:10.886"/>
</suite>
<suite id="s1-s3" name="Login-Password-Valication-Check" source="/home/tushars/PycharmProjects/assign/Advarisk-assignment/login-password-valication-check.robot">
<test id="s1-s3-t1" name="login-password-valication-check" line="8">
<kw name="Open Browser" library="SeleniumLibrary" type="SETUP">
<arg>browser=Chrome</arg>
<doc>Opens a new browser instance to the optional ``url``.</doc>
<msg timestamp="20231013 11:15:55.789" level="INFO">Opening browser 'Chrome' to base url 'None'.</msg>
<status status="PASS" starttime="20231013 11:15:55.789" endtime="20231013 11:15:58.689"/>
</kw>
<kw name="open login page" library="Keywords">
<kw name="Open Browser" library="SeleniumLibrary">
<arg>${URL}</arg>
<arg>${Browser}</arg>
<arg>${chromedriver}</arg>
<doc>Opens a new browser instance to the optional ``url``.</doc>
<msg timestamp="20231013 11:15:58.693" level="INFO">Opening browser 'Chrome' to base url 'https://www.saucedemo.com/'.</msg>
<status status="PASS" starttime="20231013 11:15:58.691" endtime="20231013 11:16:03.086"/>
</kw>
<status status="PASS" starttime="20231013 11:15:58.690" endtime="20231013 11:16:03.087"/>
</kw>
<kw name="sign in with invalid password" library="Keywords">
<kw name="Input Text" library="SeleniumLibrary">
<arg>${username}</arg>
<arg>standard_user</arg>
<doc>Types the given ``text`` into the text field identified by ``locator``.</doc>
<msg timestamp="20231013 11:16:03.089" level="INFO">Typing text 'standard_user' into text field '//*[@id="user-name"]'.</msg>
<status status="PASS" starttime="20231013 11:16:03.088" endtime="20231013 11:16:03.604"/>
</kw>
<kw name="Input Text" library="SeleniumLibrary">
<arg>${password}</arg>
<arg>secret</arg>
<doc>Types the given ``text`` into the text field identified by ``locator``.</doc>
<msg timestamp="20231013 11:16:03.605" level="INFO">Typing text 'secret' into text field '//*[@id="password"]'.</msg>
<status status="PASS" starttime="20231013 11:16:03.604" endtime="20231013 11:16:03.928"/>
</kw>
<kw name="Click Button" library="SeleniumLibrary">
<arg>login-button</arg>
<doc>Clicks the button identified by ``locator``.</doc>
<msg timestamp="20231013 11:16:03.930" level="INFO">Clicking button 'login-button'.</msg>
<status status="PASS" starttime="20231013 11:16:03.929" endtime="20231013 11:16:04.251"/>
</kw>
<kw name="Wait Until Element Is Enabled" library="SeleniumLibrary">
<arg>${validation_error}</arg>
<doc>Waits until the element ``locator`` is enabled.</doc>
<status status="PASS" starttime="20231013 11:16:04.252" endtime="20231013 11:16:04.385"/>
</kw>
<kw name="Capture Page Screenshot" library="SeleniumLibrary">
<doc>Takes a screenshot of the current page and embeds it into a log file.</doc>
<msg timestamp="20231013 11:16:04.610" level="INFO" html="true">&lt;/td&gt;&lt;/tr&gt;&lt;tr&gt;&lt;td colspan="3"&gt;&lt;a href="2-selenium-screenshot-1.png"&gt;&lt;img src="2-selenium-screenshot-1.png" width="800px"&gt;&lt;/a&gt;</msg>
<status status="PASS" starttime="20231013 11:16:04.386" endtime="20231013 11:16:04.611"/>
</kw>
<status status="PASS" starttime="20231013 11:16:03.088" endtime="20231013 11:16:04.611"/>
</kw>
<kw name="Close Browser" library="SeleniumLibrary" type="TEARDOWN">
<doc>Closes the current browser.</doc>
<status status="PASS" starttime="20231013 11:16:04.613" endtime="20231013 11:16:04.735"/>
</kw>
<doc>login-password-valication-check</doc>
<status status="PASS" starttime="20231013 11:15:55.788" endtime="20231013 11:16:04.735"/>
</test>
<status status="PASS" starttime="20231013 11:15:55.198" endtime="20231013 11:16:04.737"/>
</suite>
<suite id="s1-s4" name="Login-Username-Valication-Check" source="/home/tushars/PycharmProjects/assign/Advarisk-assignment/login-username-valication-check.robot">
<test id="s1-s4-t1" name="login-username-valication-check" line="8">
<kw name="Open Browser" library="SeleniumLibrary" type="SETUP">
<arg>browser=Chrome</arg>
<doc>Opens a new browser instance to the optional ``url``.</doc>
<msg timestamp="20231013 11:15:55.784" level="INFO">Opening browser 'Chrome' to base url 'None'.</msg>
<status status="PASS" starttime="20231013 11:15:55.783" endtime="20231013 11:15:58.359"/>
</kw>
<kw name="open login page" library="Keywords">
<kw name="Open Browser" library="SeleniumLibrary">
<arg>${URL}</arg>
<arg>${Browser}</arg>
<arg>${chromedriver}</arg>
<doc>Opens a new browser instance to the optional ``url``.</doc>
<msg timestamp="20231013 11:15:58.362" level="INFO">Opening browser 'Chrome' to base url 'https://www.saucedemo.com/'.</msg>
<status status="PASS" starttime="20231013 11:15:58.360" endtime="20231013 11:16:02.473"/>
</kw>
<status status="PASS" starttime="20231013 11:15:58.360" endtime="20231013 11:16:02.473"/>
</kw>
<kw name="sign in" library="Keywords">
<arg>standard</arg>
<kw name="open login page" library="Keywords">
<kw name="Open Browser" library="SeleniumLibrary">
<arg>${URL}</arg>
<arg>${Browser}</arg>
<arg>${chromedriver}</arg>
<doc>Opens a new browser instance to the optional ``url``.</doc>
<msg timestamp="20231013 11:16:02.477" level="INFO">Using existing browser from index 2.</msg>
<msg timestamp="20231013 11:16:02.477" level="INFO">Opening url 'https://www.saucedemo.com/'</msg>
<status status="PASS" starttime="20231013 11:16:02.475" endtime="20231013 11:16:02.729"/>
</kw>
<status status="PASS" starttime="20231013 11:16:02.475" endtime="20231013 11:16:02.729"/>
</kw>
<kw name="Input Text" library="SeleniumLibrary">
<arg>${username}</arg>
<arg>${user}</arg>
<doc>Types the given ``text`` into the text field identified by ``locator``.</doc>
<msg timestamp="20231013 11:16:02.730" level="INFO">Typing text 'standard' into text field '//*[@id="user-name"]'.</msg>
<status status="PASS" starttime="20231013 11:16:02.729" endtime="20231013 11:16:03.322"/>
</kw>
<kw name="Input Text" library="SeleniumLibrary">
<arg>${password}</arg>
<arg>secret_sauce</arg>
<doc>Types the given ``text`` into the text field identified by ``locator``.</doc>
<msg timestamp="20231013 11:16:03.323" level="INFO">Typing text 'secret_sauce' into text field '//*[@id="password"]'.</msg>
<status status="PASS" starttime="20231013 11:16:03.322" endtime="20231013 11:16:03.614"/>
</kw>
<kw name="Click Button" library="SeleniumLibrary">
<arg>login-button</arg>
<doc>Clicks the button identified by ``locator``.</doc>
<msg timestamp="20231013 11:16:03.616" level="INFO">Clicking button 'login-button'.</msg>
<status status="PASS" starttime="20231013 11:16:03.615" endtime="20231013 11:16:04.014"/>
</kw>
<status status="PASS" starttime="20231013 11:16:02.474" endtime="20231013 11:16:04.014"/>
</kw>
<kw name="Close Browser" library="SeleniumLibrary" type="TEARDOWN">
<doc>Closes the current browser.</doc>
<status status="PASS" starttime="20231013 11:16:04.014" endtime="20231013 11:16:04.087"/>
</kw>
<doc>login-username-valication-check</doc>
<status status="PASS" starttime="20231013 11:15:55.782" endtime="20231013 11:16:04.088"/>
</test>
<status status="PASS" starttime="20231013 11:15:55.196" endtime="20231013 11:16:04.089"/>
</suite>
<suite id="s1-s5" name="Login-With-Locked-User" source="/home/tushars/PycharmProjects/assign/Advarisk-assignment/login-with-locked-user.robot">
<test id="s1-s5-t1" name="login-with-locked-user" line="8">
<kw name="Open Browser" library="SeleniumLibrary" type="SETUP">
<arg>browser=Chrome</arg>
<doc>Opens a new browser instance to the optional ``url``.</doc>
<msg timestamp="20231013 11:16:05.715" level="INFO">Opening browser 'Chrome' to base url 'None'.</msg>
<status status="PASS" starttime="20231013 11:16:05.714" endtime="20231013 11:16:08.199"/>
</kw>
<kw name="open login page" library="Keywords">
<kw name="Open Browser" library="SeleniumLibrary">
<arg>${URL}</arg>
<arg>${Browser}</arg>
<arg>${chromedriver}</arg>
<doc>Opens a new browser instance to the optional ``url``.</doc>
<msg timestamp="20231013 11:16:08.205" level="INFO">Opening browser 'Chrome' to base url 'https://www.saucedemo.com/'.</msg>
<status status="PASS" starttime="20231013 11:16:08.200" endtime="20231013 11:16:12.831"/>
</kw>
<status status="PASS" starttime="20231013 11:16:08.199" endtime="20231013 11:16:12.831"/>
</kw>
<kw name="sign in" library="Keywords">
<arg>locked_out_user</arg>
<kw name="open login page" library="Keywords">
<kw name="Open Browser" library="SeleniumLibrary">
<arg>${URL}</arg>
<arg>${Browser}</arg>
<arg>${chromedriver}</arg>
<doc>Opens a new browser instance to the optional ``url``.</doc>
<msg timestamp="20231013 11:16:12.838" level="INFO">Using existing browser from index 2.</msg>
<msg timestamp="20231013 11:16:12.838" level="INFO">Opening url 'https://www.saucedemo.com/'</msg>
<status status="PASS" starttime="20231013 11:16:12.834" endtime="20231013 11:16:13.137"/>
</kw>
<status status="PASS" starttime="20231013 11:16:12.833" endtime="20231013 11:16:13.137"/>
</kw>
<kw name="Input Text" library="SeleniumLibrary">
<arg>${username}</arg>
<arg>${user}</arg>
<doc>Types the given ``text`` into the text field identified by ``locator``.</doc>
<msg timestamp="20231013 11:16:13.140" level="INFO">Typing text 'locked_out_user' into text field '//*[@id="user-name"]'.</msg>
<status status="PASS" starttime="20231013 11:16:13.138" endtime="20231013 11:16:13.797"/>
</kw>
<kw name="Input Text" library="SeleniumLibrary">
<arg>${password}</arg>
<arg>secret_sauce</arg>
<doc>Types the given ``text`` into the text field identified by ``locator``.</doc>
<msg timestamp="20231013 11:16:13.799" level="INFO">Typing text 'secret_sauce' into text field '//*[@id="password"]'.</msg>
<status status="PASS" starttime="20231013 11:16:13.798" endtime="20231013 11:16:14.059"/>
</kw>
<kw name="Click Button" library="SeleniumLibrary">
<arg>login-button</arg>
<doc>Clicks the button identified by ``locator``.</doc>
<msg timestamp="20231013 11:16:14.062" level="INFO">Clicking button 'login-button'.</msg>
<status status="PASS" starttime="20231013 11:16:14.060" endtime="20231013 11:16:14.240"/>
</kw>
<status status="PASS" starttime="20231013 11:16:12.832" endtime="20231013 11:16:14.240"/>
</kw>
<kw name="Close Browser" library="SeleniumLibrary" type="TEARDOWN">
<doc>Closes the current browser.</doc>
<status status="PASS" starttime="20231013 11:16:14.244" endtime="20231013 11:16:14.385"/>
</kw>
<doc>login-with-locked-user</doc>
<status status="PASS" starttime="20231013 11:16:05.713" endtime="20231013 11:16:14.385"/>
</test>
<status status="PASS" starttime="20231013 11:16:05.429" endtime="20231013 11:16:14.387"/>
</suite>
<suite id="s1-s6" name="Logout" source="/home/tushars/PycharmProjects/assign/Advarisk-assignment/logout.robot">
<test id="s1-s6-t1" name="Logout" line="9">
<kw name="Open Browser" library="SeleniumLibrary" type="SETUP">
<arg>browser=Chrome</arg>
<doc>Opens a new browser instance to the optional ``url``.</doc>
<msg timestamp="20231013 11:16:05.825" level="INFO">Opening browser 'Chrome' to base url 'None'.</msg>
<status status="PASS" starttime="20231013 11:16:05.825" endtime="20231013 11:16:08.583"/>
</kw>
<kw name="sign in" library="Keywords">
<arg>standard_user</arg>
<kw name="open login page" library="Keywords">
<kw name="Open Browser" library="SeleniumLibrary">
<arg>${URL}</arg>
<arg>${Browser}</arg>
<arg>${chromedriver}</arg>
<doc>Opens a new browser instance to the optional ``url``.</doc>
<msg timestamp="20231013 11:16:08.586" level="INFO">Opening browser 'Chrome' to base url 'https://www.saucedemo.com/'.</msg>
<status status="PASS" starttime="20231013 11:16:08.584" endtime="20231013 11:16:13.349"/>
</kw>
<status status="PASS" starttime="20231013 11:16:08.584" endtime="20231013 11:16:13.350"/>
</kw>
<kw name="Input Text" library="SeleniumLibrary">
<arg>${username}</arg>
<arg>${user}</arg>
<doc>Types the given ``text`` into the text field identified by ``locator``.</doc>
<msg timestamp="20231013 11:16:13.352" level="INFO">Typing text 'standard_user' into text field '//*[@id="user-name"]'.</msg>
<status status="PASS" starttime="20231013 11:16:13.351" endtime="20231013 11:16:13.903"/>
</kw>
<kw name="Input Text" library="SeleniumLibrary">
<arg>${password}</arg>
<arg>secret_sauce</arg>
<doc>Types the given ``text`` into the text field identified by ``locator``.</doc>
<msg timestamp="20231013 11:16:13.907" level="INFO">Typing text 'secret_sauce' into text field '//*[@id="password"]'.</msg>
<status status="PASS" starttime="20231013 11:16:13.903" endtime="20231013 11:16:14.143"/>
</kw>
<kw name="Click Button" library="SeleniumLibrary">
<arg>login-button</arg>
<doc>Clicks the button identified by ``locator``.</doc>
<msg timestamp="20231013 11:16:14.144" level="INFO">Clicking button 'login-button'.</msg>
<status status="PASS" starttime="20231013 11:16:14.143" endtime="20231013 11:16:14.516"/>
</kw>
<status status="PASS" starttime="20231013 11:16:08.583" endtime="20231013 11:16:14.517"/>
</kw>
<kw name="Sleep" library="BuiltIn">
<arg>2s</arg>
<doc>Pauses the test executed for the given time.</doc>
<msg timestamp="20231013 11:16:16.518" level="INFO">Slept 2 seconds</msg>
<status status="PASS" starttime="20231013 11:16:14.517" endtime="20231013 11:16:16.518"/>
</kw>
<kw name="Logout" library="Keywords">
<kw name="Click Button" library="SeleniumLibrary">
<arg>Open Menu</arg>
<doc>Clicks the button identified by ``locator``.</doc>
<msg timestamp="20231013 11:16:16.520" level="INFO">Clicking button 'Open Menu'.</msg>
<status status="PASS" starttime="20231013 11:16:16.519" endtime="20231013 11:16:16.668"/>
</kw>
<kw name="Wait Until Element Is Enabled" library="SeleniumLibrary">
<arg>${all_items}</arg>
<doc>Waits until the element ``locator`` is enabled.</doc>
<status status="PASS" starttime="20231013 11:16:16.668" endtime="20231013 11:16:16.758"/>
</kw>
<kw name="Click Element" library="SeleniumLibrary">
<arg>//*[@id="logout_sidebar_link"]</arg>
<doc>Click the element identified by ``locator``.</doc>
<msg timestamp="20231013 11:16:16.760" level="INFO">Clicking element '//*[@id="logout_sidebar_link"]'.</msg>
<status status="PASS" starttime="20231013 11:16:16.759" endtime="20231013 11:16:16.857"/>
</kw>
<status status="PASS" starttime="20231013 11:16:16.519" endtime="20231013 11:16:16.857"/>
</kw>
<kw name="Sleep" library="BuiltIn">
<arg>3s</arg>
<doc>Pauses the test executed for the given time.</doc>
<msg timestamp="20231013 11:16:19.858" level="INFO">Slept 3 seconds</msg>
<status status="PASS" starttime="20231013 11:16:16.857" endtime="20231013 11:16:19.858"/>
</kw>
<kw name="Close Browser" library="SeleniumLibrary" type="TEARDOWN">
<doc>Closes the current browser.</doc>
<status status="PASS" starttime="20231013 11:16:19.859" endtime="20231013 11:16:19.978"/>
</kw>
<doc>User logged out</doc>
<status status="PASS" starttime="20231013 11:16:05.824" endtime="20231013 11:16:19.979"/>
</test>
<status status="PASS" starttime="20231013 11:16:05.587" endtime="20231013 11:16:19.983"/>
</suite>
<suite id="s1-s7" name="Performance Glitch User-Suite" source="/home/tushars/PycharmProjects/assign/Advarisk-assignment/performance_glitch_user-suite">
<suite id="s1-s7-s1" name="Glitch-User--Delivery-Details-Firstname-Validation-Check" source="/home/tushars/PycharmProjects/assign/Advarisk-assignment/performance_glitch_user-suite/glitch-user--delivery-details-firstname-validation-check.robot">
<test id="s1-s7-s1-t1" name="delivery-details-firstname-validation-check-performance_glitch_user" line="8">
<kw name="Open Browser" library="SeleniumLibrary" type="SETUP">
<arg>browser=Chrome</arg>
<doc>Opens a new browser instance to the optional ``url``.</doc>
<msg timestamp="20231013 11:16:13.981" level="INFO">Opening browser 'Chrome' to base url 'None'.</msg>
<status status="PASS" starttime="20231013 11:16:13.980" endtime="20231013 11:16:15.854"/>
</kw>
<kw name="open login page" library="Keywords">
<kw name="Open Browser" library="SeleniumLibrary">
<arg>${URL}</arg>
<arg>${Browser}</arg>
<arg>${chromedriver}</arg>
<doc>Opens a new browser instance to the optional ``url``.</doc>
<msg timestamp="20231013 11:16:15.858" level="INFO">Opening browser 'Chrome' to base url 'https://www.saucedemo.com/'.</msg>
<status status="PASS" starttime="20231013 11:16:15.856" endtime="20231013 11:16:21.433"/>
</kw>
<status status="PASS" starttime="20231013 11:16:15.854" endtime="20231013 11:16:21.433"/>
</kw>
<kw name="sign in" library="Keywords">
<arg>performance_glitch_user</arg>
<kw name="open login page" library="Keywords">
<kw name="Open Browser" library="SeleniumLibrary">
<arg>${URL}</arg>
<arg>${Browser}</arg>
<arg>${chromedriver}</arg>
<doc>Opens a new browser instance to the optional ``url``.</doc>
<msg timestamp="20231013 11:16:21.444" level="INFO">Using existing browser from index 2.</msg>
<msg timestamp="20231013 11:16:21.444" level="INFO">Opening url 'https://www.saucedemo.com/'</msg>
<status status="PASS" starttime="20231013 11:16:21.442" endtime="20231013 11:16:21.955"/>
</kw>
<status status="PASS" starttime="20231013 11:16:21.441" endtime="20231013 11:16:21.955"/>
</kw>
<kw name="Input Text" library="SeleniumLibrary">
<arg>${username}</arg>
<arg>${user}</arg>
<doc>Types the given ``text`` into the text field identified by ``locator``.</doc>
<msg timestamp="20231013 11:16:21.957" level="INFO">Typing text 'performance_glitch_user' into text field '//*[@id="user-name"]'.</msg>
<status status="PASS" starttime="20231013 11:16:21.955" endtime="20231013 11:16:23.032"/>
</kw>
<kw name="Input Text" library="SeleniumLibrary">
<arg>${password}</arg>
<arg>secret_sauce</arg>
<doc>Types the given ``text`` into the text field identified by ``locator``.</doc>
<msg timestamp="20231013 11:16:23.036" level="INFO">Typing text 'secret_sauce' into text field '//*[@id="password"]'.</msg>
<status status="PASS" starttime="20231013 11:16:23.034" endtime="20231013 11:16:23.389"/>
</kw>
<kw name="Click Button" library="SeleniumLibrary">
<arg>login-button</arg>
<doc>Clicks the button identified by ``locator``.</doc>
<msg timestamp="20231013 11:16:23.392" level="INFO">Clicking button 'login-button'.</msg>
<status status="PASS" starttime="20231013 11:16:23.391" endtime="20231013 11:16:28.935"/>
</kw>
<status status="PASS" starttime="20231013 11:16:21.433" endtime="20231013 11:16:28.935"/>
</kw>
<kw name="Add to cart from Product page" library="add-to-cart">
<kw name="Click Element" library="SeleniumLibrary">
<arg>//*[@id="item_4_title_link"]</arg>
<doc>Click the element identified by ``locator``.</doc>
<msg timestamp="20231013 11:16:28.938" level="INFO">Clicking element '//*[@id="item_4_title_link"]'.</msg>
<status status="PASS" starttime="20231013 11:16:28.937" endtime="20231013 11:16:29.272"/>
</kw>
<kw name="Click Button" library="SeleniumLibrary">
<arg>add-to-cart-sauce-labs-backpack</arg>
<doc>Clicks the button identified by ``locator``.</doc>
<msg timestamp="20231013 11:16:29.273" level="INFO">Clicking button 'add-to-cart-sauce-labs-backpack'.</msg>
<status status="PASS" starttime="20231013 11:16:29.272" endtime="20231013 11:16:29.502"/>
</kw>
<kw name="Sleep" library="BuiltIn">
<arg>1s</arg>
<doc>Pauses the test executed for the given time.</doc>
<msg timestamp="20231013 11:16:30.503" level="INFO">Slept 1 second</msg>
<status status="PASS" starttime="20231013 11:16:29.503" endtime="20231013 11:16:30.504"/>
</kw>
<status status="PASS" starttime="20231013 11:16:28.936" endtime="20231013 11:16:30.505"/>
</kw>
<kw name="check cart" library="Keywords">
<kw name="Click Element" library="SeleniumLibrary">
<arg>${cart_button}</arg>
<doc>Click the element identified by ``locator``.</doc>
<msg timestamp="20231013 11:16:30.517" level="INFO">Clicking element '//*[@id="shopping_cart_container"]'.</msg>
<status status="PASS" starttime="20231013 11:16:30.506" endtime="20231013 11:16:30.726"/>
</kw>
<status status="PASS" starttime="20231013 11:16:30.505" endtime="20231013 11:16:30.727"/>
</kw>
<kw name="Product checkout" library="Keywords">
<kw name="Click Button" library="SeleniumLibrary">
<arg>checkout</arg>
<doc>Clicks the button identified by ``locator``.</doc>
<msg timestamp="20231013 11:16:30.729" level="INFO">Clicking button 'checkout'.</msg>
<status status="PASS" starttime="20231013 11:16:30.728" endtime="20231013 11:16:30.959"/>
</kw>
<status status="PASS" starttime="20231013 11:16:30.727" endtime="20231013 11:16:30.960"/>
</kw>
<kw name=" Enter Delivery details without firstname" library="Keywords">
<kw name="Input Text" library="SeleniumLibrary">
<arg>lastName</arg>
<arg>assignment</arg>
<doc>Types the given ``text`` into the text field identified by ``locator``.</doc>
<msg timestamp="20231013 11:16:30.962" level="INFO">Typing text 'assignment' into text field 'lastName'.</msg>
<status status="PASS" starttime="20231013 11:16:30.961" endtime="20231013 11:16:31.523"/>
</kw>
<kw name="Input Text" library="SeleniumLibrary">
<arg>postalCode</arg>
<arg>4000011</arg>
<doc>Types the given ``text`` into the text field identified by ``locator``.</doc>
<msg timestamp="20231013 11:16:31.526" level="INFO">Typing text '4000011' into text field 'postalCode'.</msg>
<status status="PASS" starttime="20231013 11:16:31.523" endtime="20231013 11:16:32.139"/>
</kw>
<kw name="Click Button" library="SeleniumLibrary">
<arg>continue</arg>
<doc>Clicks the button identified by ``locator``.</doc>
<msg timestamp="20231013 11:16:32.141" level="INFO">Clicking button 'continue'.</msg>
<status status="PASS" starttime="20231013 11:16:32.140" endtime="20231013 11:16:32.545"/>
</kw>
<kw name="Sleep" library="BuiltIn">
<arg>2s</arg>
<doc>Pauses the test executed for the given time.</doc>
<msg timestamp="20231013 11:16:34.546" level="INFO">Slept 2 seconds</msg>
<status status="PASS" starttime="20231013 11:16:32.546" endtime="20231013 11:16:34.547"/>
</kw>
<kw name="Wait Until Element Is Enabled" library="SeleniumLibrary">
<arg>${validation_error}</arg>
<doc>Waits until the element ``locator`` is enabled.</doc>
<status status="PASS" starttime="20231013 11:16:34.547" endtime="20231013 11:16:34.588"/>
</kw>
<kw name="Log" library="BuiltIn">
<arg>Error: First Name is required</arg>
<doc>Logs the given message with the given level.</doc>
<msg timestamp="20231013 11:16:34.589" level="INFO">Error: First Name is required</msg>
<status status="PASS" starttime="20231013 11:16:34.589" endtime="20231013 11:16:34.589"/>
</kw>
<kw name="Capture Page Screenshot" library="SeleniumLibrary">
<doc>Takes a screenshot of the current page and embeds it into a log file.</doc>
<msg timestamp="20231013 11:16:34.701" level="INFO" html="true">&lt;/td&gt;&lt;/tr&gt;&lt;tr&gt;&lt;td colspan="3"&gt;&lt;a href="6-selenium-screenshot-1.png"&gt;&lt;img src="6-selenium-screenshot-1.png" width="800px"&gt;&lt;/a&gt;</msg>
<status status="PASS" starttime="20231013 11:16:34.590" endtime="20231013 11:16:34.701"/>
</kw>
<kw name="Sleep" library="BuiltIn">
<arg>2s</arg>
<doc>Pauses the test executed for the given time.</doc>
<msg timestamp="20231013 11:16:36.702" level="INFO">Slept 2 seconds</msg>
<status status="PASS" starttime="20231013 11:16:34.702" endtime="20231013 11:16:36.703"/>
</kw>
<status status="PASS" starttime="20231013 11:16:30.960" endtime="20231013 11:16:36.703"/>
</kw>
<kw name="Close Browser" library="SeleniumLibrary" type="TEARDOWN">
<doc>Closes the current browser.</doc>
<status status="PASS" starttime="20231013 11:16:36.704" endtime="20231013 11:16:36.822"/>
</kw>
<doc>delivery-details-firstname-validation-check-performance_glitch_user</doc>
<status status="PASS" starttime="20231013 11:16:13.976" endtime="20231013 11:16:36.823"/>
</test>
<status status="PASS" starttime="20231013 11:16:13.329" endtime="20231013 11:16:36.824"/>
</suite>
<suite id="s1-s7-s2" name="Glitch-User--Delivery-Details-Lastname-Validation-Check" source="/home/tushars/PycharmProjects/assign/Advarisk-assignment/performance_glitch_user-suite/glitch-user--delivery-details-lastname-validation-check.robot">
<test id="s1-s7-s2-t1" name="delivery-details-lastname-validation-check-performance_glitch_user" line="8">
<kw name="Open Browser" library="SeleniumLibrary" type="SETUP">
<arg>browser=Chrome</arg>
<doc>Opens a new browser instance to the optional ``url``.</doc>
<msg timestamp="20231013 11:16:14.066" level="INFO">Opening browser 'Chrome' to base url 'None'.</msg>
<status status="PASS" starttime="20231013 11:16:14.066" endtime="20231013 11:16:15.946"/>
</kw>
<kw name="open login page" library="Keywords">
<kw name="Open Browser" library="SeleniumLibrary">
<arg>${URL}</arg>
<arg>${Browser}</arg>
<arg>${chromedriver}</arg>
<doc>Opens a new browser instance to the optional ``url``.</doc>
<msg timestamp="20231013 11:16:15.956" level="INFO">Opening browser 'Chrome' to base url 'https://www.saucedemo.com/'.</msg>
<status status="PASS" starttime="20231013 11:16:15.955" endtime="20231013 11:16:21.060"/>
</kw>
<status status="PASS" starttime="20231013 11:16:15.947" endtime="20231013 11:16:21.061"/>
</kw>
<kw name="sign in" library="Keywords">
<arg>performance_glitch_user</arg>
<kw name="open login page" library="Keywords">
<kw name="Open Browser" library="SeleniumLibrary">
<arg>${URL}</arg>
<arg>${Browser}</arg>
<arg>${chromedriver}</arg>
<doc>Opens a new browser instance to the optional ``url``.</doc>
<msg timestamp="20231013 11:16:21.068" level="INFO">Using existing browser from index 2.</msg>
<msg timestamp="20231013 11:16:21.068" level="INFO">Opening url 'https://www.saucedemo.com/'</msg>
<status status="PASS" starttime="20231013 11:16:21.063" endtime="20231013 11:16:21.549"/>
</kw>
<status status="PASS" starttime="20231013 11:16:21.062" endtime="20231013 11:16:21.550"/>
</kw>
<kw name="Input Text" library="SeleniumLibrary">
<arg>${username}</arg>
<arg>${user}</arg>
<doc>Types the given ``text`` into the text field identified by ``locator``.</doc>
<msg timestamp="20231013 11:16:21.554" level="INFO">Typing text 'performance_glitch_user' into text field '//*[@id="user-name"]'.</msg>
<status status="PASS" starttime="20231013 11:16:21.552" endtime="20231013 11:16:22.532"/>
</kw>
<kw name="Input Text" library="SeleniumLibrary">
<arg>${password}</arg>
<arg>secret_sauce</arg>
<doc>Types the given ``text`` into the text field identified by ``locator``.</doc>
<msg timestamp="20231013 11:16:22.533" level="INFO">Typing text 'secret_sauce' into text field '//*[@id="password"]'.</msg>
<status status="PASS" starttime="20231013 11:16:22.532" endtime="20231013 11:16:23.114"/>
</kw>
<kw name="Click Button" library="SeleniumLibrary">
<arg>login-button</arg>
<doc>Clicks the button identified by ``locator``.</doc>
<msg timestamp="20231013 11:16:23.117" level="INFO">Clicking button 'login-button'.</msg>
<status status="PASS" starttime="20231013 11:16:23.115" endtime="20231013 11:16:28.519"/>
</kw>
<status status="PASS" starttime="20231013 11:16:21.061" endtime="20231013 11:16:28.520"/>
</kw>
<kw name="Add to cart from Product page" library="add-to-cart">
<kw name="Click Element" library="SeleniumLibrary">
<arg>//*[@id="item_4_title_link"]</arg>
<doc>Click the element identified by ``locator``.</doc>
<msg timestamp="20231013 11:16:28.522" level="INFO">Clicking element '//*[@id="item_4_title_link"]'.</msg>
<status status="PASS" starttime="20231013 11:16:28.521" endtime="20231013 11:16:29.026"/>
</kw>
<kw name="Click Button" library="SeleniumLibrary">
<arg>add-to-cart-sauce-labs-backpack</arg>
<doc>Clicks the button identified by ``locator``.</doc>
<msg timestamp="20231013 11:16:29.030" level="INFO">Clicking button 'add-to-cart-sauce-labs-backpack'.</msg>
<status status="PASS" starttime="20231013 11:16:29.029" endtime="20231013 11:16:29.375"/>
</kw>
<kw name="Sleep" library="BuiltIn">
<arg>1s</arg>
<doc>Pauses the test executed for the given time.</doc>
<msg timestamp="20231013 11:16:30.377" level="INFO">Slept 1 second</msg>
<status status="PASS" starttime="20231013 11:16:29.376" endtime="20231013 11:16:30.377"/>
</kw>
<status status="PASS" starttime="20231013 11:16:28.520" endtime="20231013 11:16:30.377"/>
</kw>
<kw name="check cart" library="Keywords">
<kw name="Click Element" library="SeleniumLibrary">
<arg>${cart_button}</arg>
<doc>Click the element identified by ``locator``.</doc>
<msg timestamp="20231013 11:16:30.384" level="INFO">Clicking element '//*[@id="shopping_cart_container"]'.</msg>
<status status="PASS" starttime="20231013 11:16:30.383" endtime="20231013 11:16:30.579"/>
</kw>
<status status="PASS" starttime="20231013 11:16:30.378" endtime="20231013 11:16:30.580"/>
</kw>
<kw name="Product checkout" library="Keywords">
<kw name="Click Button" library="SeleniumLibrary">
<arg>checkout</arg>
<doc>Clicks the button identified by ``locator``.</doc>
<msg timestamp="20231013 11:16:30.583" level="INFO">Clicking button 'checkout'.</msg>
<status status="PASS" starttime="20231013 11:16:30.582" endtime="20231013 11:16:30.811"/>
</kw>
<status status="PASS" starttime="20231013 11:16:30.580" endtime="20231013 11:16:30.812"/>
</kw>
<kw name=" Enter Delivery details without lastname" library="Keywords">
<kw name="Input Text" library="SeleniumLibrary">
<arg>firstName</arg>
<arg>Demo</arg>
<doc>Types the given ``text`` into the text field identified by ``locator``.</doc>
<msg timestamp="20231013 11:16:30.816" level="INFO">Typing text 'Demo' into text field 'firstName'.</msg>
<status status="PASS" starttime="20231013 11:16:30.814" endtime="20231013 11:16:31.106"/>
</kw>
<kw name="Input Text" library="SeleniumLibrary">
<arg>postalCode</arg>
<arg>4000011</arg>
<doc>Types the given ``text`` into the text field identified by ``locator``.</doc>
<msg timestamp="20231013 11:16:31.107" level="INFO">Typing text '4000011' into text field 'postalCode'.</msg>
<status status="PASS" starttime="20231013 11:16:31.106" endtime="20231013 11:16:31.388"/>
</kw>
<kw name="Click Button" library="SeleniumLibrary">
<arg>continue</arg>
<doc>Clicks the button identified by ``locator``.</doc>
<msg timestamp="20231013 11:16:31.389" level="INFO">Clicking button 'continue'.</msg>
<status status="PASS" starttime="20231013 11:16:31.388" endtime="20231013 11:16:31.620"/>
</kw>
<kw name="Sleep" library="BuiltIn">
<arg>2s</arg>
<doc>Pauses the test executed for the given time.</doc>
<msg timestamp="20231013 11:16:33.621" level="INFO">Slept 2 seconds</msg>
<status status="PASS" starttime="20231013 11:16:31.620" endtime="20231013 11:16:33.621"/>
</kw>
<kw name="Wait Until Element Is Enabled" library="SeleniumLibrary">
<arg>${validation_error}</arg>
<doc>Waits until the element ``locator`` is enabled.</doc>
<status status="PASS" starttime="20231013 11:16:33.622" endtime="20231013 11:16:33.678"/>
</kw>
<kw name="Log" library="BuiltIn">
<arg>Error: Last Name is required</arg>
<doc>Logs the given message with the given level.</doc>
<msg timestamp="20231013 11:16:33.679" level="INFO">Error: Last Name is required</msg>
<status status="PASS" starttime="20231013 11:16:33.679" endtime="20231013 11:16:33.679"/>
</kw>
<kw name="Capture Page Screenshot" library="SeleniumLibrary">
<doc>Takes a screenshot of the current page and embeds it into a log file.</doc>
<msg timestamp="20231013 11:16:33.802" level="INFO" html="true">&lt;/td&gt;&lt;/tr&gt;&lt;tr&gt;&lt;td colspan="3"&gt;&lt;a href="7-selenium-screenshot-1.png"&gt;&lt;img src="7-selenium-screenshot-1.png" width="800px"&gt;&lt;/a&gt;</msg>
<status status="PASS" starttime="20231013 11:16:33.680" endtime="20231013 11:16:33.802"/>
</kw>
<kw name="Sleep" library="BuiltIn">
<arg>2s</arg>
<doc>Pauses the test executed for the given time.</doc>
<msg timestamp="20231013 11:16:35.803" level="INFO">Slept 2 seconds</msg>
<status status="PASS" starttime="20231013 11:16:33.802" endtime="20231013 11:16:35.803"/>
</kw>
<status status="PASS" starttime="20231013 11:16:30.813" endtime="20231013 11:16:35.804"/>
</kw>
<kw name="Close Browser" library="SeleniumLibrary" type="TEARDOWN">
<doc>Closes the current browser.</doc>
<status status="PASS" starttime="20231013 11:16:35.804" endtime="20231013 11:16:35.905"/>
</kw>
<doc>delivery-details-lastname-validation-check-performance_glitch_user</doc>
<status status="PASS" starttime="20231013 11:16:14.063" endtime="20231013 11:16:35.905"/>
</test>
<status status="PASS" starttime="20231013 11:16:13.344" endtime="20231013 11:16:35.907"/>
</suite>
<suite id="s1-s7-s3" name="Glitch-User--Delivery-Details-Postalcode-Validation-Check" source="/home/tushars/PycharmProjects/assign/Advarisk-assignment/performance_glitch_user-suite/glitch-user--delivery-details-postalcode-validation-check.robot">
<test id="s1-s7-s3-t1" name="delivery-details-postalcode-validation-check-performance_glitch_user" line="8">
<kw name="Open Browser" library="SeleniumLibrary" type="SETUP">
<arg>browser=Chrome</arg>
<doc>Opens a new browser instance to the optional ``url``.</doc>
<msg timestamp="20231013 11:16:15.995" level="INFO">Opening browser 'Chrome' to base url 'None'.</msg>
<status status="PASS" starttime="20231013 11:16:15.994" endtime="20231013 11:16:19.062"/>
</kw>
<kw name="open login page" library="Keywords">
<kw name="Open Browser" library="SeleniumLibrary">
<arg>${URL}</arg>
<arg>${Browser}</arg>
<arg>${chromedriver}</arg>
<doc>Opens a new browser instance to the optional ``url``.</doc>
<msg timestamp="20231013 11:16:19.072" level="INFO">Opening browser 'Chrome' to base url 'https://www.saucedemo.com/'.</msg>
<status status="PASS" starttime="20231013 11:16:19.065" endtime="20231013 11:16:23.503"/>
</kw>
<status status="PASS" starttime="20231013 11:16:19.063" endtime="20231013 11:16:23.503"/>
</kw>
<kw name="sign in" library="Keywords">
<arg>performance_glitch_user</arg>
<kw name="open login page" library="Keywords">
<kw name="Open Browser" library="SeleniumLibrary">
<arg>${URL}</arg>
<arg>${Browser}</arg>
<arg>${chromedriver}</arg>
<doc>Opens a new browser instance to the optional ``url``.</doc>
<msg timestamp="20231013 11:16:23.509" level="INFO">Using existing browser from index 2.</msg>
<msg timestamp="20231013 11:16:23.509" level="INFO">Opening url 'https://www.saucedemo.com/'</msg>
<status status="PASS" starttime="20231013 11:16:23.505" endtime="20231013 11:16:23.942"/>
</kw>
<status status="PASS" starttime="20231013 11:16:23.505" endtime="20231013 11:16:23.943"/>
</kw>
<kw name="Input Text" library="SeleniumLibrary">
<arg>${username}</arg>
<arg>${user}</arg>
<doc>Types the given ``text`` into the text field identified by ``locator``.</doc>
<msg timestamp="20231013 11:16:23.945" level="INFO">Typing text 'performance_glitch_user' into text field '//*[@id="user-name"]'.</msg>
<status status="PASS" starttime="20231013 11:16:23.943" endtime="20231013 11:16:24.462"/>
</kw>
<kw name="Input Text" library="SeleniumLibrary">
<arg>${password}</arg>
<arg>secret_sauce</arg>
<doc>Types the given ``text`` into the text field identified by ``locator``.</doc>
<msg timestamp="20231013 11:16:24.467" level="INFO">Typing text 'secret_sauce' into text field '//*[@id="password"]'.</msg>
<status status="PASS" starttime="20231013 11:16:24.462" endtime="20231013 11:16:24.658"/>
</kw>
<kw name="Click Button" library="SeleniumLibrary">
<arg>login-button</arg>
<doc>Clicks the button identified by ``locator``.</doc>
<msg timestamp="20231013 11:16:24.660" level="INFO">Clicking button 'login-button'.</msg>
<status status="PASS" starttime="20231013 11:16:24.658" endtime="20231013 11:16:29.961"/>
</kw>
<status status="PASS" starttime="20231013 11:16:23.504" endtime="20231013 11:16:29.961"/>
</kw>
<kw name="Add to cart from Product page" library="add-to-cart">
<kw name="Click Element" library="SeleniumLibrary">
<arg>//*[@id="item_4_title_link"]</arg>
<doc>Click the element identified by ``locator``.</doc>
<msg timestamp="20231013 11:16:29.963" level="INFO">Clicking element '//*[@id="item_4_title_link"]'.</msg>
<status status="PASS" starttime="20231013 11:16:29.962" endtime="20231013 11:16:30.341"/>
</kw>
<kw name="Click Button" library="SeleniumLibrary">
<arg>add-to-cart-sauce-labs-backpack</arg>
<doc>Clicks the button identified by ``locator``.</doc>
<msg timestamp="20231013 11:16:30.343" level="INFO">Clicking button 'add-to-cart-sauce-labs-backpack'.</msg>
<status status="PASS" starttime="20231013 11:16:30.341" endtime="20231013 11:16:30.612"/>
</kw>
<kw name="Sleep" library="BuiltIn">
<arg>1s</arg>
<doc>Pauses the test executed for the given time.</doc>
<msg timestamp="20231013 11:16:31.614" level="INFO">Slept 1 second</msg>
<status status="PASS" starttime="20231013 11:16:30.613" endtime="20231013 11:16:31.614"/>
</kw>
<status status="PASS" starttime="20231013 11:16:29.962" endtime="20231013 11:16:31.618"/>
</kw>
<kw name="check cart" library="Keywords">
<kw name="Click Element" library="SeleniumLibrary">
<arg>${cart_button}</arg>
<doc>Click the element identified by ``locator``.</doc>
<msg timestamp="20231013 11:16:31.631" level="INFO">Clicking element '//*[@id="shopping_cart_container"]'.</msg>
<status status="PASS" starttime="20231013 11:16:31.620" endtime="20231013 11:16:32.216"/>
</kw>
<status status="PASS" starttime="20231013 11:16:31.619" endtime="20231013 11:16:32.216"/>
</kw>
<kw name="Product checkout" library="Keywords">
<kw name="Click Button" library="SeleniumLibrary">
<arg>checkout</arg>
<doc>Clicks the button identified by ``locator``.</doc>
<msg timestamp="20231013 11:16:32.219" level="INFO">Clicking button 'checkout'.</msg>
<status status="PASS" starttime="20231013 11:16:32.218" endtime="20231013 11:16:32.689"/>
</kw>
<status status="PASS" starttime="20231013 11:16:32.217" endtime="20231013 11:16:32.690"/>
</kw>
<kw name=" Enter Delivery details without postalcode" library="Keywords">
<kw name="Input Text" library="SeleniumLibrary">
<arg>firstName</arg>
<arg>Demo</arg>
<doc>Types the given ``text`` into the text field identified by ``locator``.</doc>
<msg timestamp="20231013 11:16:32.692" level="INFO">Typing text 'Demo' into text field 'firstName'.</msg>
<status status="PASS" starttime="20231013 11:16:32.691" endtime="20231013 11:16:32.944"/>
</kw>
<kw name="Input Text" library="SeleniumLibrary">
<arg>lastName</arg>
<arg>assignment</arg>
<doc>Types the given ``text`` into the text field identified by ``locator``.</doc>
<msg timestamp="20231013 11:16:32.946" level="INFO">Typing text 'assignment' into text field 'lastName'.</msg>
<status status="PASS" starttime="20231013 11:16:32.945" endtime="20231013 11:16:33.206"/>
</kw>
<kw name="Click Button" library="SeleniumLibrary">
<arg>continue</arg>
<doc>Clicks the button identified by ``locator``.</doc>
<msg timestamp="20231013 11:16:33.209" level="INFO">Clicking button 'continue'.</msg>
<status status="PASS" starttime="20231013 11:16:33.207" endtime="20231013 11:16:33.440"/>
</kw>
<kw name="Sleep" library="BuiltIn">
<arg>2s</arg>
<doc>Pauses the test executed for the given time.</doc>
<msg timestamp="20231013 11:16:35.441" level="INFO">Slept 2 seconds</msg>
<status status="PASS" starttime="20231013 11:16:33.440" endtime="20231013 11:16:35.441"/>
</kw>
<kw name="Wait Until Element Is Enabled" library="SeleniumLibrary">
<arg>${validation_error}</arg>
<doc>Waits until the element ``locator`` is enabled.</doc>
<status status="PASS" starttime="20231013 11:16:35.441" endtime="20231013 11:16:35.496"/>
</kw>
<kw name="Log" library="BuiltIn">
<arg>Error: Postal Code is required</arg>
<doc>Logs the given message with the given level.</doc>
<msg timestamp="20231013 11:16:35.497" level="INFO">Error: Postal Code is required</msg>
<status status="PASS" starttime="20231013 11:16:35.497" endtime="20231013 11:16:35.497"/>
</kw>
<kw name="Capture Page Screenshot" library="SeleniumLibrary">
<doc>Takes a screenshot of the current page and embeds it into a log file.</doc>
<msg timestamp="20231013 11:16:35.611" level="INFO" html="true">&lt;/td&gt;&lt;/tr&gt;&lt;tr&gt;&lt;td colspan="3"&gt;&lt;a href="8-selenium-screenshot-1.png"&gt;&lt;img src="8-selenium-screenshot-1.png" width="800px"&gt;&lt;/a&gt;</msg>
<status status="PASS" starttime="20231013 11:16:35.497" endtime="20231013 11:16:35.612"/>
</kw>
<kw name="Sleep" library="BuiltIn">
<arg>2s</arg>
<doc>Pauses the test executed for the given time.</doc>
<msg timestamp="20231013 11:16:37.615" level="INFO">Slept 2 seconds</msg>
<status status="PASS" starttime="20231013 11:16:35.613" endtime="20231013 11:16:37.615"/>
</kw>
<status status="PASS" starttime="20231013 11:16:32.690" endtime="20231013 11:16:37.615"/>
</kw>
<kw name="Close Browser" library="SeleniumLibrary" type="TEARDOWN">
<doc>Closes the current browser.</doc>
<status status="PASS" starttime="20231013 11:16:37.616" endtime="20231013 11:16:37.751"/>
</kw>
<doc>delivery-details-postalcode-validation-check-performance_glitch_user</doc>
<status status="PASS" starttime="20231013 11:16:15.992" endtime="20231013 11:16:37.752"/>
</test>
<status status="PASS" starttime="20231013 11:16:15.579" endtime="20231013 11:16:37.753"/>
</suite>
<suite id="s1-s7-s4" name="Glitch-User-Cancel-From-Checkout-Page" source="/home/tushars/PycharmProjects/assign/Advarisk-assignment/performance_glitch_user-suite/glitch-user-cancel-from-checkout-page.robot">
<test id="s1-s7-s4-t1" name="cancel-from-checkout-page-performance_glitch_user" line="8">
<kw name="Open Browser" library="SeleniumLibrary" type="SETUP">
<arg>browser=Chrome</arg>
<doc>Opens a new browser instance to the optional ``url``.</doc>
<msg timestamp="20231013 11:16:24.247" level="INFO">Opening browser 'Chrome' to base url 'None'.</msg>
<status status="PASS" starttime="20231013 11:16:24.245" endtime="20231013 11:16:26.920"/>
</kw>
<kw name="open login page" library="Keywords">
<kw name="Open Browser" library="SeleniumLibrary">
<arg>${URL}</arg>
<arg>${Browser}</arg>
<arg>${chromedriver}</arg>
<doc>Opens a new browser instance to the optional ``url``.</doc>
<msg timestamp="20231013 11:16:26.937" level="INFO">Opening browser 'Chrome' to base url 'https://www.saucedemo.com/'.</msg>
<status status="PASS" starttime="20231013 11:16:26.935" endtime="20231013 11:16:31.375"/>
</kw>
<status status="PASS" starttime="20231013 11:16:26.921" endtime="20231013 11:16:31.376"/>
</kw>
<kw name="sign in" library="Keywords">
<arg>performance_glitch_user</arg>
<kw name="open login page" library="Keywords">
<kw name="Open Browser" library="SeleniumLibrary">
<arg>${URL}</arg>
<arg>${Browser}</arg>
<arg>${chromedriver}</arg>
<doc>Opens a new browser instance to the optional ``url``.</doc>
<msg timestamp="20231013 11:16:31.398" level="INFO">Using existing browser from index 2.</msg>
<msg timestamp="20231013 11:16:31.399" level="INFO">Opening url 'https://www.saucedemo.com/'</msg>
<status status="PASS" starttime="20231013 11:16:31.378" endtime="20231013 11:16:32.109"/>
</kw>
<status status="PASS" starttime="20231013 11:16:31.377" endtime="20231013 11:16:32.110"/>
</kw>
<kw name="Input Text" library="SeleniumLibrary">
<arg>${username}</arg>
<arg>${user}</arg>
<doc>Types the given ``text`` into the text field identified by ``locator``.</doc>
<msg timestamp="20231013 11:16:32.112" level="INFO">Typing text 'performance_glitch_user' into text field '//*[@id="user-name"]'.</msg>
<status status="PASS" starttime="20231013 11:16:32.110" endtime="20231013 11:16:32.913"/>
</kw>
<kw name="Input Text" library="SeleniumLibrary">
<arg>${password}</arg>
<arg>secret_sauce</arg>
<doc>Types the given ``text`` into the text field identified by ``locator``.</doc>
<msg timestamp="20231013 11:16:32.915" level="INFO">Typing text 'secret_sauce' into text field '//*[@id="password"]'.</msg>
<status status="PASS" starttime="20231013 11:16:32.913" endtime="20231013 11:16:33.096"/>
</kw>
<kw name="Click Button" library="SeleniumLibrary">
<arg>login-button</arg>
<doc>Clicks the button identified by ``locator``.</doc>
<msg timestamp="20231013 11:16:33.098" level="INFO">Clicking button 'login-button'.</msg>
<status status="PASS" starttime="20231013 11:16:33.096" endtime="20231013 11:16:38.346"/>
</kw>
<status status="PASS" starttime="20231013 11:16:31.376" endtime="20231013 11:16:38.347"/>
</kw>
<kw name="Add to cart from Product page" library="add-to-cart">
<kw name="Click Element" library="SeleniumLibrary">
<arg>//*[@id="item_4_title_link"]</arg>
<doc>Click the element identified by ``locator``.</doc>
<msg timestamp="20231013 11:16:38.350" level="INFO">Clicking element '//*[@id="item_4_title_link"]'.</msg>
<status status="PASS" starttime="20231013 11:16:38.349" endtime="20231013 11:16:38.456"/>
</kw>
<kw name="Click Button" library="SeleniumLibrary">
<arg>add-to-cart-sauce-labs-backpack</arg>
<doc>Clicks the button identified by ``locator``.</doc>
<msg timestamp="20231013 11:16:38.457" level="INFO">Clicking button 'add-to-cart-sauce-labs-backpack'.</msg>
<status status="PASS" starttime="20231013 11:16:38.456" endtime="20231013 11:16:38.591"/>
</kw>
<kw name="Sleep" library="BuiltIn">
<arg>1s</arg>
<doc>Pauses the test executed for the given time.</doc>
<msg timestamp="20231013 11:16:39.593" level="INFO">Slept 1 second</msg>
<status status="PASS" starttime="20231013 11:16:38.592" endtime="20231013 11:16:39.593"/>
</kw>
<status status="PASS" starttime="20231013 11:16:38.347" endtime="20231013 11:16:39.594"/>
</kw>
<kw name="check cart" library="Keywords">
<kw name="Click Element" library="SeleniumLibrary">
<arg>${cart_button}</arg>
<doc>Click the element identified by ``locator``.</doc>
<msg timestamp="20231013 11:16:39.596" level="INFO">Clicking element '//*[@id="shopping_cart_container"]'.</msg>
<status status="PASS" starttime="20231013 11:16:39.595" endtime="20231013 11:16:39.827"/>
</kw>
<status status="PASS" starttime="20231013 11:16:39.594" endtime="20231013 11:16:39.827"/>
</kw>
<kw name="Product checkout" library="Keywords">
<kw name="Click Button" library="SeleniumLibrary">
<arg>checkout</arg>
<doc>Clicks the button identified by ``locator``.</doc>
<msg timestamp="20231013 11:16:39.850" level="INFO">Clicking button 'checkout'.</msg>
<status status="PASS" starttime="20231013 11:16:39.830" endtime="20231013 11:16:40.199"/>
</kw>
<status status="PASS" starttime="20231013 11:16:39.828" endtime="20231013 11:16:40.199"/>
</kw>
<kw name="Enter Delivery details" library="Keywords">
<kw name="Input Text" library="SeleniumLibrary">
<arg>firstName</arg>
<arg>tushar</arg>
<doc>Types the given ``text`` into the text field identified by ``locator``.</doc>
<msg timestamp="20231013 11:16:40.201" level="INFO">Typing text 'tushar' into text field 'firstName'.</msg>
<status status="PASS" starttime="20231013 11:16:40.200" endtime="20231013 11:16:40.577"/>
</kw>
<kw name="Input Text" library="SeleniumLibrary">
<arg>lastName</arg>
<arg>shinde</arg>
<doc>Types the given ``text`` into the text field identified by ``locator``.</doc>
<msg timestamp="20231013 11:16:40.578" level="INFO">Typing text 'shinde' into text field 'lastName'.</msg>
<status status="PASS" starttime="20231013 11:16:40.577" endtime="20231013 11:16:40.838"/>
</kw>
<kw name="Input Text" library="SeleniumLibrary">
<arg>postalCode</arg>
<arg>4000001</arg>
<doc>Types the given ``text`` into the text field identified by ``locator``.</doc>
<msg timestamp="20231013 11:16:40.840" level="INFO">Typing text '4000001' into text field 'postalCode'.</msg>
<status status="PASS" starttime="20231013 11:16:40.838" endtime="20231013 11:16:41.233"/>
</kw>
<kw name="Click Button" library="SeleniumLibrary">
<arg>continue</arg>
<doc>Clicks the button identified by ``locator``.</doc>
<msg timestamp="20231013 11:16:41.236" level="INFO">Clicking button 'continue'.</msg>
<status status="PASS" starttime="20231013 11:16:41.234" endtime="20231013 11:16:41.573"/>
</kw>
<kw name="Sleep" library="BuiltIn">
<arg>2s</arg>
<doc>Pauses the test executed for the given time.</doc>
<msg timestamp="20231013 11:16:43.574" level="INFO">Slept 2 seconds</msg>
<status status="PASS" starttime="20231013 11:16:41.573" endtime="20231013 11:16:43.574"/>
</kw>
<status status="PASS" starttime="20231013 11:16:40.199" endtime="20231013 11:16:43.575"/>
</kw>
<kw name=" cancel button" library="Keywords">
<kw name="Click Button" library="SeleniumLibrary">
<arg>cancel</arg>
<doc>Clicks the button identified by ``locator``.</doc>
<msg timestamp="20231013 11:16:43.578" level="INFO">Clicking button 'cancel'.</msg>
<status status="PASS" starttime="20231013 11:16:43.576" endtime="20231013 11:16:48.945"/>
</kw>
<status status="PASS" starttime="20231013 11:16:43.575" endtime="20231013 11:16:48.946"/>
</kw>
<kw name="Close Browser" library="SeleniumLibrary" type="TEARDOWN">
<doc>Closes the current browser.</doc>
<status status="PASS" starttime="20231013 11:16:48.946" endtime="20231013 11:16:49.154"/>
</kw>
<doc>cancel-from-checkout-page-performance_glitch_user</doc>
<status status="PASS" starttime="20231013 11:16:24.242" endtime="20231013 11:16:49.154"/>
</test>
<status status="PASS" starttime="20231013 11:16:23.311" endtime="20231013 11:16:49.157"/>
</suite>
<suite id="s1-s7-s5" name="glitch-user-Add-to-cart-and-remove-from-homepage" source="/home/tushars/PycharmProjects/assign/Advarisk-assignment/performance_glitch_user-suite/glitch-user-Add-to-cart-and-remove-from-homepage.robot">
<test id="s1-s7-s5-t1" name="Add-to-cart-and-remove-from-homepage-performance_glitch_user" line="8">
<kw name="Open Browser" library="SeleniumLibrary" type="SETUP">
<arg>browser=Chrome</arg>
<doc>Opens a new browser instance to the optional ``url``.</doc>
<msg timestamp="20231013 11:16:37.634" level="INFO">Opening browser 'Chrome' to base url 'None'.</msg>
<status status="PASS" starttime="20231013 11:16:37.634" endtime="20231013 11:16:39.784"/>
</kw>
<kw name="open login page" library="Keywords">
<kw name="Open Browser" library="SeleniumLibrary">
<arg>${URL}</arg>
<arg>${Browser}</arg>
<arg>${chromedriver}</arg>
<doc>Opens a new browser instance to the optional ``url``.</doc>
<msg timestamp="20231013 11:16:39.791" level="INFO">Opening browser 'Chrome' to base url 'https://www.saucedemo.com/'.</msg>
<status status="PASS" starttime="20231013 11:16:39.787" endtime="20231013 11:16:45.116"/>
</kw>
<status status="PASS" starttime="20231013 11:16:39.785" endtime="20231013 11:16:45.116"/>
</kw>
<kw name="sign in" library="Keywords">
<arg>performance_glitch_user</arg>
<kw name="open login page" library="Keywords">
<kw name="Open Browser" library="SeleniumLibrary">
<arg>${URL}</arg>
<arg>${Browser}</arg>
<arg>${chromedriver}</arg>
<doc>Opens a new browser instance to the optional ``url``.</doc>
<msg timestamp="20231013 11:16:45.125" level="INFO">Using existing browser from index 2.</msg>
<msg timestamp="20231013 11:16:45.131" level="INFO">Opening url 'https://www.saucedemo.com/'</msg>
<status status="PASS" starttime="20231013 11:16:45.118" endtime="20231013 11:16:45.667"/>
</kw>
<status status="PASS" starttime="20231013 11:16:45.118" endtime="20231013 11:16:45.668"/>
</kw>
<kw name="Input Text" library="SeleniumLibrary">
<arg>${username}</arg>
<arg>${user}</arg>
<doc>Types the given ``text`` into the text field identified by ``locator``.</doc>
<msg timestamp="20231013 11:16:45.669" level="INFO">Typing text 'performance_glitch_user' into text field '//*[@id="user-name"]'.</msg>
<status status="PASS" starttime="20231013 11:16:45.668" endtime="20231013 11:16:46.736"/>
</kw>
<kw name="Input Text" library="SeleniumLibrary">
<arg>${password}</arg>
<arg>secret_sauce</arg>
<doc>Types the given ``text`` into the text field identified by ``locator``.</doc>
<msg timestamp="20231013 11:16:46.738" level="INFO">Typing text 'secret_sauce' into text field '//*[@id="password"]'.</msg>
<status status="PASS" starttime="20231013 11:16:46.737" endtime="20231013 11:16:47.185"/>
</kw>
<kw name="Click Button" library="SeleniumLibrary">
<arg>login-button</arg>
<doc>Clicks the button identified by ``locator``.</doc>
<msg timestamp="20231013 11:16:47.187" level="INFO">Clicking button 'login-button'.</msg>
<status status="PASS" starttime="20231013 11:16:47.186" endtime="20231013 11:16:52.668"/>
</kw>
<status status="PASS" starttime="20231013 11:16:45.117" endtime="20231013 11:16:52.668"/>
</kw>
<kw name="Add to cart from homepage" library="add-to-cart">
<kw name="Click Button" library="SeleniumLibrary">
<arg>add-to-cart-sauce-labs-backpack</arg>
<doc>Clicks the button identified by ``locator``.</doc>
<msg timestamp="20231013 11:16:52.670" level="INFO">Clicking button 'add-to-cart-sauce-labs-backpack'.</msg>
<status status="PASS" starttime="20231013 11:16:52.669" endtime="20231013 11:16:52.987"/>
</kw>
<kw name="Sleep" library="BuiltIn">
<arg>1s</arg>
<doc>Pauses the test executed for the given time.</doc>
<msg timestamp="20231013 11:16:53.988" level="INFO">Slept 1 second</msg>
<status status="PASS" starttime="20231013 11:16:52.987" endtime="20231013 11:16:53.988"/>
</kw>
<status status="PASS" starttime="20231013 11:16:52.668" endtime="20231013 11:16:53.988"/>
</kw>
<kw name="remove from cart" library="Keywords">
<kw name="Click Button" library="SeleniumLibrary">
<arg>Remove</arg>
<doc>Clicks the button identified by ``locator``.</doc>
<msg timestamp="20231013 11:16:53.990" level="INFO">Clicking button 'Remove'.</msg>
<status status="PASS" starttime="20231013 11:16:53.989" endtime="20231013 11:16:54.102"/>
</kw>
<status status="PASS" starttime="20231013 11:16:53.989" endtime="20231013 11:16:54.102"/>
</kw>
<kw name="Close Browser" library="SeleniumLibrary" type="TEARDOWN">
<doc>Closes the current browser.</doc>
<status status="PASS" starttime="20231013 11:16:54.103" endtime="20231013 11:16:54.259"/>
</kw>
<doc>Add-to-cart-and-remove-from-homepage-performance_glitch_user</doc>
<status status="PASS" starttime="20231013 11:16:37.632" endtime="20231013 11:16:54.260"/>
</test>
<status status="PASS" starttime="20231013 11:16:37.229" endtime="20231013 11:16:54.335"/>
</suite>
<suite id="s1-s7-s6" name="glitch-user-Add-to-cart-from-homepage-remove-from-Cart-page" source="/home/tushars/PycharmProjects/assign/Advarisk-assignment/performance_glitch_user-suite/glitch-user-Add-to-cart-from-homepage-remove-from-Cart-page.robot">
<test id="s1-s7-s6-t1" name="Add-to-cart-from-homepage-remove-from-Cart-page-performance_glitch_user" line="8">
<kw name="Open Browser" library="SeleniumLibrary" type="SETUP">
<arg>browser=Chrome</arg>
<doc>Opens a new browser instance to the optional ``url``.</doc>
<msg timestamp="20231013 11:16:38.010" level="INFO">Opening browser 'Chrome' to base url 'None'.</msg>
<status status="PASS" starttime="20231013 11:16:38.009" endtime="20231013 11:16:40.548"/>
</kw>
<kw name="open login page" library="Keywords">
<kw name="Open Browser" library="SeleniumLibrary">
<arg>${URL}</arg>
<arg>${Browser}</arg>
<arg>${chromedriver}</arg>
<doc>Opens a new browser instance to the optional ``url``.</doc>
<msg timestamp="20231013 11:16:40.561" level="INFO">Opening browser 'Chrome' to base url 'https://www.saucedemo.com/'.</msg>
<status status="PASS" starttime="20231013 11:16:40.550" endtime="20231013 11:16:45.711"/>
</kw>
<status status="PASS" starttime="20231013 11:16:40.548" endtime="20231013 11:16:45.711"/>
</kw>
<kw name="sign in" library="Keywords">
<arg>performance_glitch_user</arg>
<kw name="open login page" library="Keywords">
<kw name="Open Browser" library="SeleniumLibrary">
<arg>${URL}</arg>
<arg>${Browser}</arg>
<arg>${chromedriver}</arg>
<doc>Opens a new browser instance to the optional ``url``.</doc>
<msg timestamp="20231013 11:16:45.715" level="INFO">Using existing browser from index 2.</msg>
<msg timestamp="20231013 11:16:45.716" level="INFO">Opening url 'https://www.saucedemo.com/'</msg>
<status status="PASS" starttime="20231013 11:16:45.713" endtime="20231013 11:16:46.397"/>
</kw>
<status status="PASS" starttime="20231013 11:16:45.713" endtime="20231013 11:16:46.399"/>
</kw>
<kw name="Input Text" library="SeleniumLibrary">
<arg>${username}</arg>
<arg>${user}</arg>
<doc>Types the given ``text`` into the text field identified by ``locator``.</doc>
<msg timestamp="20231013 11:16:46.401" level="INFO">Typing text 'performance_glitch_user' into text field '//*[@id="user-name"]'.</msg>
<status status="PASS" starttime="20231013 11:16:46.400" endtime="20231013 11:16:47.296"/>
</kw>
<kw name="Input Text" library="SeleniumLibrary">
<arg>${password}</arg>
<arg>secret_sauce</arg>
<doc>Types the given ``text`` into the text field identified by ``locator``.</doc>
<msg timestamp="20231013 11:16:47.300" level="INFO">Typing text 'secret_sauce' into text field '//*[@id="password"]'.</msg>
<status status="PASS" starttime="20231013 11:16:47.298" endtime="20231013 11:16:47.739"/>
</kw>
<kw name="Click Button" library="SeleniumLibrary">
<arg>login-button</arg>
<doc>Clicks the button identified by ``locator``.</doc>
<msg timestamp="20231013 11:16:47.741" level="INFO">Clicking button 'login-button'.</msg>
<status status="PASS" starttime="20231013 11:16:47.739" endtime="20231013 11:16:53.056"/>
</kw>
<status status="PASS" starttime="20231013 11:16:45.712" endtime="20231013 11:16:53.056"/>
</kw>
<kw name="Add to cart from homepage" library="add-to-cart">
<kw name="Click Button" library="SeleniumLibrary">
<arg>add-to-cart-sauce-labs-backpack</arg>
<doc>Clicks the button identified by ``locator``.</doc>
<msg timestamp="20231013 11:16:53.058" level="INFO">Clicking button 'add-to-cart-sauce-labs-backpack'.</msg>
<status status="PASS" starttime="20231013 11:16:53.057" endtime="20231013 11:16:53.272"/>
</kw>
<kw name="Sleep" library="BuiltIn">
<arg>1s</arg>
<doc>Pauses the test executed for the given time.</doc>
<msg timestamp="20231013 11:16:54.275" level="INFO">Slept 1 second</msg>
<status status="PASS" starttime="20231013 11:16:53.272" endtime="20231013 11:16:54.275"/>
</kw>
<status status="PASS" starttime="20231013 11:16:53.056" endtime="20231013 11:16:54.277"/>
</kw>
<kw name="check cart" library="Keywords">
<kw name="Click Element" library="SeleniumLibrary">
<arg>${cart_button}</arg>
<doc>Click the element identified by ``locator``.</doc>
<msg timestamp="20231013 11:16:54.281" level="INFO">Clicking element '//*[@id="shopping_cart_container"]'.</msg>
<status status="PASS" starttime="20231013 11:16:54.278" endtime="20231013 11:16:54.603"/>
</kw>
<status status="PASS" starttime="20231013 11:16:54.277" endtime="20231013 11:16:54.603"/>
</kw>
<kw name="Sleep" library="BuiltIn">
<arg>2s</arg>
<doc>Pauses the test executed for the given time.</doc>
<msg timestamp="20231013 11:16:56.604" level="INFO">Slept 2 seconds</msg>
<status status="PASS" starttime="20231013 11:16:54.603" endtime="20231013 11:16:56.604"/>
</kw>
<kw name="remove from cart" library="Keywords">
<kw name="Click Button" library="SeleniumLibrary">
<arg>Remove</arg>
<doc>Clicks the button identified by ``locator``.</doc>
<msg timestamp="20231013 11:16:56.607" level="INFO">Clicking button 'Remove'.</msg>
<status status="PASS" starttime="20231013 11:16:56.606" endtime="20231013 11:16:56.909"/>
</kw>
<status status="PASS" starttime="20231013 11:16:56.605" endtime="20231013 11:16:56.909"/>
</kw>
<kw name="Close Browser" library="SeleniumLibrary" type="TEARDOWN">
<doc>Closes the current browser.</doc>
<status status="PASS" starttime="20231013 11:16:56.910" endtime="20231013 11:16:57.072"/>
</kw>
<doc>Add-to-cart-from-homepage-remove-from-Cart-page-performance_glitch_user</doc>
<status status="PASS" starttime="20231013 11:16:38.008" endtime="20231013 11:16:57.072"/>
</test>
<status status="PASS" starttime="20231013 11:16:37.798" endtime="20231013 11:16:57.074"/>
</suite>
<suite id="s1-s7-s7" name="glitch-user-Add-to-cart-from-product-page-from-problem user" source="/home/tushars/PycharmProjects/assign/Advarisk-assignment/performance_glitch_user-suite/glitch-user-Add-to-cart-from-product-page-from-problem_user.robot">
<test id="s1-s7-s7-t1" name="Add-to-cart-from-product-page-from-performance_glitch_user" line="8">
<kw name="Open Browser" library="SeleniumLibrary" type="SETUP">
<arg>browser=Chrome</arg>
<doc>Opens a new browser instance to the optional ``url``.</doc>
<msg timestamp="20231013 11:16:39.324" level="INFO">Opening browser 'Chrome' to base url 'None'.</msg>
<status status="PASS" starttime="20231013 11:16:39.323" endtime="20231013 11:16:42.245"/>
</kw>
<kw name="open login page" library="Keywords">
<kw name="Open Browser" library="SeleniumLibrary">
<arg>${URL}</arg>
<arg>${Browser}</arg>
<arg>${chromedriver}</arg>
<doc>Opens a new browser instance to the optional ``url``.</doc>
<msg timestamp="20231013 11:16:42.250" level="INFO">Opening browser 'Chrome' to base url 'https://www.saucedemo.com/'.</msg>
<status status="PASS" starttime="20231013 11:16:42.248" endtime="20231013 11:16:48.306"/>
</kw>
<status status="PASS" starttime="20231013 11:16:42.246" endtime="20231013 11:16:48.307"/>
</kw>
<kw name="sign in" library="Keywords">
<arg>performance_glitch_user</arg>
<kw name="open login page" library="Keywords">
<kw name="Open Browser" library="SeleniumLibrary">
<arg>${URL}</arg>
<arg>${Browser}</arg>
<arg>${chromedriver}</arg>
<doc>Opens a new browser instance to the optional ``url``.</doc>
<msg timestamp="20231013 11:16:48.310" level="INFO">Using existing browser from index 2.</msg>
<msg timestamp="20231013 11:16:48.310" level="INFO">Opening url 'https://www.saucedemo.com/'</msg>
<status status="PASS" starttime="20231013 11:16:48.309" endtime="20231013 11:16:48.600"/>
</kw>
<status status="PASS" starttime="20231013 11:16:48.308" endtime="20231013 11:16:48.601"/>
</kw>
<kw name="Input Text" library="SeleniumLibrary">
<arg>${username}</arg>
<arg>${user}</arg>
<doc>Types the given ``text`` into the text field identified by ``locator``.</doc>
<msg timestamp="20231013 11:16:48.604" level="INFO">Typing text 'performance_glitch_user' into text field '//*[@id="user-name"]'.</msg>
<status status="PASS" starttime="20231013 11:16:48.601" endtime="20231013 11:16:49.305"/>
</kw>
<kw name="Input Text" library="SeleniumLibrary">
<arg>${password}</arg>
<arg>secret_sauce</arg>
<doc>Types the given ``text`` into the text field identified by ``locator``.</doc>
<msg timestamp="20231013 11:16:49.307" level="INFO">Typing text 'secret_sauce' into text field '//*[@id="password"]'.</msg>
<status status="PASS" starttime="20231013 11:16:49.305" endtime="20231013 11:16:49.590"/>
</kw>
<kw name="Click Button" library="SeleniumLibrary">
<arg>login-button</arg>
<doc>Clicks the button identified by ``locator``.</doc>
<msg timestamp="20231013 11:16:49.592" level="INFO">Clicking button 'login-button'.</msg>
<status status="PASS" starttime="20231013 11:16:49.591" endtime="20231013 11:16:54.839"/>
</kw>
<status status="PASS" starttime="20231013 11:16:48.307" endtime="20231013 11:16:54.840"/>
</kw>
<kw name="Add to cart from Product page" library="add-to-cart">
<kw name="Click Element" library="SeleniumLibrary">
<arg>//*[@id="item_4_title_link"]</arg>
<doc>Click the element identified by ``locator``.</doc>
<msg timestamp="20231013 11:16:54.842" level="INFO">Clicking element '//*[@id="item_4_title_link"]'.</msg>
<status status="PASS" starttime="20231013 11:16:54.841" endtime="20231013 11:16:55.017"/>
</kw>
<kw name="Click Button" library="SeleniumLibrary">
<arg>add-to-cart-sauce-labs-backpack</arg>
<doc>Clicks the button identified by ``locator``.</doc>
<msg timestamp="20231013 11:16:55.019" level="INFO">Clicking button 'add-to-cart-sauce-labs-backpack'.</msg>
<status status="PASS" starttime="20231013 11:16:55.018" endtime="20231013 11:16:55.232"/>
</kw>
<kw name="Sleep" library="BuiltIn">
<arg>1s</arg>
<doc>Pauses the test executed for the given time.</doc>
<msg timestamp="20231013 11:16:56.233" level="INFO">Slept 1 second</msg>
<status status="PASS" starttime="20231013 11:16:55.232" endtime="20231013 11:16:56.233"/>
</kw>
<status status="PASS" starttime="20231013 11:16:54.840" endtime="20231013 11:16:56.234"/>
</kw>
<kw name="check cart" library="Keywords">
<kw name="Click Element" library="SeleniumLibrary">
<arg>${cart_button}</arg>
<doc>Click the element identified by ``locator``.</doc>
<msg timestamp="20231013 11:16:56.236" level="INFO">Clicking element '//*[@id="shopping_cart_container"]'.</msg>
<status status="PASS" starttime="20231013 11:16:56.235" endtime="20231013 11:16:56.440"/>
</kw>
<status status="PASS" starttime="20231013 11:16:56.234" endtime="20231013 11:16:56.441"/>
</kw>
<kw name="Product checkout" library="Keywords">
<kw name="Click Button" library="SeleniumLibrary">
<arg>checkout</arg>
<doc>Clicks the button identified by ``locator``.</doc>
<msg timestamp="20231013 11:16:56.443" level="INFO">Clicking button 'checkout'.</msg>
<status status="PASS" starttime="20231013 11:16:56.442" endtime="20231013 11:16:56.744"/>
</kw>
<status status="PASS" starttime="20231013 11:16:56.441" endtime="20231013 11:16:56.745"/>
</kw>
<kw name="Enter Delivery details" library="Keywords">
<kw name="Input Text" library="SeleniumLibrary">
<arg>firstName</arg>
<arg>tushar</arg>
<doc>Types the given ``text`` into the text field identified by ``locator``.</doc>
<msg timestamp="20231013 11:16:56.750" level="INFO">Typing text 'tushar' into text field 'firstName'.</msg>
<status status="PASS" starttime="20231013 11:16:56.746" endtime="20231013 11:16:57.322"/>
</kw>
<kw name="Input Text" library="SeleniumLibrary">
<arg>lastName</arg>
<arg>shinde</arg>
<doc>Types the given ``text`` into the text field identified by ``locator``.</doc>
<msg timestamp="20231013 11:16:57.324" level="INFO">Typing text 'shinde' into text field 'lastName'.</msg>
<status status="PASS" starttime="20231013 11:16:57.323" endtime="20231013 11:16:57.618"/>
</kw>
<kw name="Input Text" library="SeleniumLibrary">
<arg>postalCode</arg>
<arg>4000001</arg>
<doc>Types the given ``text`` into the text field identified by ``locator``.</doc>
<msg timestamp="20231013 11:16:57.620" level="INFO">Typing text '4000001' into text field 'postalCode'.</msg>
<status status="PASS" starttime="20231013 11:16:57.619" endtime="20231013 11:16:57.908"/>
</kw>
<kw name="Click Button" library="SeleniumLibrary">
<arg>continue</arg>
<doc>Clicks the button identified by ``locator``.</doc>
<msg timestamp="20231013 11:16:57.910" level="INFO">Clicking button 'continue'.</msg>
<status status="PASS" starttime="20231013 11:16:57.909" endtime="20231013 11:16:58.294"/>
</kw>
<kw name="Sleep" library="BuiltIn">
<arg>2s</arg>
<doc>Pauses the test executed for the given time.</doc>
<msg timestamp="20231013 11:17:00.297" level="INFO">Slept 2 seconds</msg>
<status status="PASS" starttime="20231013 11:16:58.296" endtime="20231013 11:17:00.297"/>
</kw>
<status status="PASS" starttime="20231013 11:16:56.745" endtime="20231013 11:17:00.297"/>
</kw>
<kw name="finish button" library="Keywords">
<kw name="Click Button" library="SeleniumLibrary">
<arg>finish</arg>
<doc>Clicks the button identified by ``locator``.</doc>
<msg timestamp="20231013 11:17:00.301" level="INFO">Clicking button 'finish'.</msg>
<status status="PASS" starttime="20231013 11:17:00.299" endtime="20231013 11:17:00.492"/>
</kw>
<status status="PASS" starttime="20231013 11:17:00.298" endtime="20231013 11:17:00.493"/>
</kw>
<kw name="Back to homepage" library="Keywords">
<kw name="Click Button" library="SeleniumLibrary">
<arg>back-to-products</arg>
<doc>Clicks the button identified by ``locator``.</doc>
<msg timestamp="20231013 11:17:00.495" level="INFO">Clicking button 'back-to-products'.</msg>
<status status="PASS" starttime="20231013 11:17:00.494" endtime="20231013 11:17:05.676"/>
</kw>
<status status="PASS" starttime="20231013 11:17:00.493" endtime="20231013 11:17:05.676"/>
</kw>
<kw name="Close All Browsers" library="SeleniumLibrary">
<doc>Closes all open browsers and resets the browser cache.</doc>
<status status="PASS" starttime="20231013 11:17:05.677" endtime="20231013 11:17:05.883"/>
</kw>
<kw name="Close Browser" library="SeleniumLibrary" type="TEARDOWN">
<doc>Closes the current browser.</doc>
<status status="PASS" starttime="20231013 11:17:05.886" endtime="20231013 11:17:05.887"/>
</kw>
<doc>Add-to-cart-from-product-page-from-performance_glitch_user</doc>
<status status="PASS" starttime="20231013 11:16:39.321" endtime="20231013 11:17:05.887"/>
</test>
<status status="PASS" starttime="20231013 11:16:38.696" endtime="20231013 11:17:05.889"/>
</suite>
<suite id="s1-s7-s8" name="glitch-user-Add-to-cart-from-productpage-remove-from-Cart-page" source="/home/tushars/PycharmProjects/assign/Advarisk-assignment/performance_glitch_user-suite/glitch-user-Add-to-cart-from-productpage-remove-from-Cart-page.robot">
<test id="s1-s7-s8-t1" name="Add-to-cart-from-productpage-remove-from-Cart-page-performance_glitch_user" line="11">
<kw name="Open Browser" library="SeleniumLibrary" type="SETUP">
<arg>browser=Chrome</arg>
<doc>Opens a new browser instance to the optional ``url``.</doc>
<msg timestamp="20231013 11:16:50.834" level="INFO">Opening browser 'Chrome' to base url 'None'.</msg>
<status status="PASS" starttime="20231013 11:16:50.834" endtime="20231013 11:16:53.118"/>
</kw>
<kw name="open login page" library="Keywords">
<kw name="Open Browser" library="SeleniumLibrary">
<arg>${URL}</arg>
<arg>${Browser}</arg>
<arg>${chromedriver}</arg>
<doc>Opens a new browser instance to the optional ``url``.</doc>
<msg timestamp="20231013 11:16:53.123" level="INFO">Opening browser 'Chrome' to base url 'https://www.saucedemo.com/'.</msg>
<status status="PASS" starttime="20231013 11:16:53.121" endtime="20231013 11:16:57.220"/>
</kw>
<status status="PASS" starttime="20231013 11:16:53.119" endtime="20231013 11:16:57.221"/>
</kw>
<kw name="sign in" library="Keywords">
<arg>performance_glitch_user</arg>
<kw name="open login page" library="Keywords">
<kw name="Open Browser" library="SeleniumLibrary">
<arg>${URL}</arg>
<arg>${Browser}</arg>
<arg>${chromedriver}</arg>
<doc>Opens a new browser instance to the optional ``url``.</doc>
<msg timestamp="20231013 11:16:57.242" level="INFO">Using existing browser from index 2.</msg>
<msg timestamp="20231013 11:16:57.242" level="INFO">Opening url 'https://www.saucedemo.com/'</msg>
<status status="PASS" starttime="20231013 11:16:57.229" endtime="20231013 11:16:57.721"/>
</kw>
<status status="PASS" starttime="20231013 11:16:57.223" endtime="20231013 11:16:57.721"/>
</kw>
<kw name="Input Text" library="SeleniumLibrary">
<arg>${username}</arg>
<arg>${user}</arg>
<doc>Types the given ``text`` into the text field identified by ``locator``.</doc>
<msg timestamp="20231013 11:16:57.723" level="INFO">Typing text 'performance_glitch_user' into text field '//*[@id="user-name"]'.</msg>
<status status="PASS" starttime="20231013 11:16:57.722" endtime="20231013 11:16:58.457"/>
</kw>
<kw name="Input Text" library="SeleniumLibrary">
<arg>${password}</arg>
<arg>secret_sauce</arg>
<doc>Types the given ``text`` into the text field identified by ``locator``.</doc>
<msg timestamp="20231013 11:16:58.461" level="INFO">Typing text 'secret_sauce' into text field '//*[@id="password"]'.</msg>
<status status="PASS" starttime="20231013 11:16:58.458" endtime="20231013 11:16:58.696"/>
</kw>
<kw name="Click Button" library="SeleniumLibrary">
<arg>login-button</arg>
<doc>Clicks the button identified by ``locator``.</doc>
<msg timestamp="20231013 11:16:58.698" level="INFO">Clicking button 'login-button'.</msg>
<status status="PASS" starttime="20231013 11:16:58.697" endtime="20231013 11:17:04.029"/>
</kw>
<status status="PASS" starttime="20231013 11:16:57.222" endtime="20231013 11:17:04.029"/>
</kw>
<kw name="Add to cart from Product page" library="add-to-cart">
<kw name="Click Element" library="SeleniumLibrary">
<arg>//*[@id="item_4_title_link"]</arg>
<doc>Click the element identified by ``locator``.</doc>
<msg timestamp="20231013 11:17:04.031" level="INFO">Clicking element '//*[@id="item_4_title_link"]'.</msg>
<status status="PASS" starttime="20231013 11:17:04.030" endtime="20231013 11:17:04.267"/>
</kw>
<kw name="Click Button" library="SeleniumLibrary">
<arg>add-to-cart-sauce-labs-backpack</arg>
<doc>Clicks the button identified by ``locator``.</doc>
<msg timestamp="20231013 11:17:04.269" level="INFO">Clicking button 'add-to-cart-sauce-labs-backpack'.</msg>
[...]
</kw>
<status status="PASS" starttime="20231013 11:19:41.205" endtime="20231013 11:20:10.547"/>
</test>
<status status="PASS" starttime="20231013 11:19:40.400" endtime="20231013 11:20:10.552"/>
</suite>
<suite id="s1-s9-s18" name="return-to-homepage-from-product-page-from-leftside-Menu-All-Items-option" source="/home/tushars/PycharmProjects/assign/Advarisk-assignment/Standard_user-suite/return-to-homepage-from-product-page-from-leftside-Menu-All-Items-option.robot">
<test id="s1-s9-s18-t1" name="return to homepage from product page from leftside Menu All Items option" line="8">
<kw name="Open Browser" library="SeleniumLibrary" type="SETUP">
<arg>browser=Chrome</arg>
<doc>Opens a new browser instance to the optional ``url``.</doc>
<msg timestamp="20231013 11:19:50.991" level="INFO">Opening browser 'Chrome' to base url 'None'.</msg>
<status status="PASS" starttime="20231013 11:19:50.959" endtime="20231013 11:19:59.201"/>
</kw>
<kw name="sign in" library="Keywords">
<arg>standard_user</arg>
<kw name="open login page" library="Keywords">
<kw name="Open Browser" library="SeleniumLibrary">
<arg>${URL}</arg>
<arg>${Browser}</arg>
<arg>${chromedriver}</arg>
<doc>Opens a new browser instance to the optional ``url``.</doc>
<msg timestamp="20231013 11:19:59.304" level="INFO">Opening browser 'Chrome' to base url 'https://www.saucedemo.com/'.</msg>
<status status="PASS" starttime="20231013 11:19:59.298" endtime="20231013 11:20:05.021"/>
</kw>
<status status="PASS" starttime="20231013 11:19:59.298" endtime="20231013 11:20:05.022"/>
</kw>
<kw name="Input Text" library="SeleniumLibrary">
<arg>${username}</arg>
<arg>${user}</arg>
<doc>Types the given ``text`` into the text field identified by ``locator``.</doc>
<msg timestamp="20231013 11:20:05.032" level="INFO">Typing text 'standard_user' into text field '//*[@id="user-name"]'.</msg>
<status status="PASS" starttime="20231013 11:20:05.022" endtime="20231013 11:20:05.947"/>
</kw>
<kw name="Input Text" library="SeleniumLibrary">
<arg>${password}</arg>
<arg>secret_sauce</arg>
<doc>Types the given ``text`` into the text field identified by ``locator``.</doc>
<msg timestamp="20231013 11:20:05.948" level="INFO">Typing text 'secret_sauce' into text field '//*[@id="password"]'.</msg>
<status status="PASS" starttime="20231013 11:20:05.947" endtime="20231013 11:20:06.225"/>
</kw>
<kw name="Click Button" library="SeleniumLibrary">
<arg>login-button</arg>
<doc>Clicks the button identified by ``locator``.</doc>
<msg timestamp="20231013 11:20:06.228" level="INFO">Clicking button 'login-button'.</msg>
<status status="PASS" starttime="20231013 11:20:06.226" endtime="20231013 11:20:06.574"/>
</kw>
<status status="PASS" starttime="20231013 11:19:59.201" endtime="20231013 11:20:06.575"/>
</kw>
<kw name="Add to cart from homepage" library="add-to-cart">
<kw name="Click Button" library="SeleniumLibrary">
<arg>add-to-cart-sauce-labs-backpack</arg>
<doc>Clicks the button identified by ``locator``.</doc>
<msg timestamp="20231013 11:20:06.600" level="INFO">Clicking button 'add-to-cart-sauce-labs-backpack'.</msg>
<status status="PASS" starttime="20231013 11:20:06.578" endtime="20231013 11:20:06.901"/>
</kw>
<kw name="Sleep" library="BuiltIn">
<arg>1s</arg>
<doc>Pauses the test executed for the given time.</doc>
<msg timestamp="20231013 11:20:07.902" level="INFO">Slept 1 second</msg>
<status status="PASS" starttime="20231013 11:20:06.901" endtime="20231013 11:20:07.902"/>
</kw>
<status status="PASS" starttime="20231013 11:20:06.576" endtime="20231013 11:20:07.903"/>
</kw>
<kw name="Sleep" library="BuiltIn">
<arg>1s</arg>
<doc>Pauses the test executed for the given time.</doc>
<msg timestamp="20231013 11:20:08.904" level="INFO">Slept 1 second</msg>
<status status="PASS" starttime="20231013 11:20:07.903" endtime="20231013 11:20:08.905"/>
</kw>
<kw name="open product" library="add-to-cart">
<kw name="Click Element" library="SeleniumLibrary">
<arg>//*[@id="item_4_title_link"]</arg>
<doc>Click the element identified by ``locator``.</doc>
<msg timestamp="20231013 11:20:08.910" level="INFO">Clicking element '//*[@id="item_4_title_link"]'.</msg>
<status status="PASS" starttime="20231013 11:20:08.907" endtime="20231013 11:20:09.097"/>
</kw>
<status status="PASS" starttime="20231013 11:20:08.906" endtime="20231013 11:20:09.098"/>
</kw>
<kw name="Sleep" library="BuiltIn">
<arg>1s</arg>
<doc>Pauses the test executed for the given time.</doc>
<msg timestamp="20231013 11:20:10.099" level="INFO">Slept 1 second</msg>
<status status="PASS" starttime="20231013 11:20:09.098" endtime="20231013 11:20:10.099"/>
</kw>
<kw name="option menu" library="Keywords">
<kw name="Click Button" library="SeleniumLibrary">
<arg>Open Menu</arg>
<doc>Clicks the button identified by ``locator``.</doc>
<msg timestamp="20231013 11:20:10.108" level="INFO">Clicking button 'Open Menu'.</msg>
<status status="PASS" starttime="20231013 11:20:10.101" endtime="20231013 11:20:10.326"/>
</kw>
<kw name="Wait Until Element Is Enabled" library="SeleniumLibrary">
<arg>${all_items}</arg>
<doc>Waits until the element ``locator`` is enabled.</doc>
<status status="PASS" starttime="20231013 11:20:10.327" endtime="20231013 11:20:10.498"/>
</kw>
<kw name="Sleep" library="BuiltIn">
<arg>2s</arg>
<doc>Pauses the test executed for the given time.</doc>
<msg timestamp="20231013 11:20:12.500" level="INFO">Slept 2 seconds</msg>
<status status="PASS" starttime="20231013 11:20:10.499" endtime="20231013 11:20:12.500"/>
</kw>
<kw name="Click Element" library="SeleniumLibrary">
<arg>${all_items}</arg>
<doc>Click the element identified by ``locator``.</doc>
<msg timestamp="20231013 11:20:12.501" level="INFO">Clicking element '//*[@id="inventory_sidebar_link"]'.</msg>
<status status="PASS" starttime="20231013 11:20:12.500" endtime="20231013 11:20:12.579"/>
</kw>
<status status="PASS" starttime="20231013 11:20:10.100" endtime="20231013 11:20:12.579"/>
</kw>
<kw name="Sleep" library="BuiltIn">
<arg>3s</arg>
<doc>Pauses the test executed for the given time.</doc>
<msg timestamp="20231013 11:20:15.581" level="INFO">Slept 3 seconds</msg>
<status status="PASS" starttime="20231013 11:20:12.580" endtime="20231013 11:20:15.582"/>
</kw>
<kw name="Close Browser" library="SeleniumLibrary" type="TEARDOWN">
<doc>Closes the current browser.</doc>
<status status="PASS" starttime="20231013 11:20:15.584" endtime="20231013 11:20:15.780"/>
</kw>
<doc>return to homepage from product page from leftside Menu All Items option</doc>
<status status="PASS" starttime="20231013 11:19:50.879" endtime="20231013 11:20:15.780"/>
</test>
<status status="PASS" starttime="20231013 11:19:48.650" endtime="20231013 11:20:15.782"/>
</suite>
<status status="FAIL" starttime="20231013 11:17:59.414" endtime="20231013 11:20:15.794"/>
</suite>
<suite id="s1-s10" name="Twitter" source="/home/tushars/PycharmProjects/assign/Advarisk-assignment/twitter.robot">
<test id="s1-s10-t1" name="twitter page" line="9">
<kw name="Open Browser" library="SeleniumLibrary" type="SETUP">
<arg>browser=Chrome</arg>
<doc>Opens a new browser instance to the optional ``url``.</doc>
<msg timestamp="20231013 11:20:02.154" level="INFO">Opening browser 'Chrome' to base url 'None'.</msg>
<status status="PASS" starttime="20231013 11:20:02.153" endtime="20231013 11:20:06.420"/>
</kw>
<kw name="sign in" library="Keywords">
<arg>standard_user</arg>
<kw name="open login page" library="Keywords">
<kw name="Open Browser" library="SeleniumLibrary">
<arg>${URL}</arg>
<arg>${Browser}</arg>
<arg>${chromedriver}</arg>
<doc>Opens a new browser instance to the optional ``url``.</doc>
<msg timestamp="20231013 11:20:06.484" level="INFO">Opening browser 'Chrome' to base url 'https://www.saucedemo.com/'.</msg>
<status status="PASS" starttime="20231013 11:20:06.474" endtime="20231013 11:20:09.865"/>
</kw>
<status status="PASS" starttime="20231013 11:20:06.473" endtime="20231013 11:20:09.866"/>
</kw>
<kw name="Input Text" library="SeleniumLibrary">
<arg>${username}</arg>
<arg>${user}</arg>
<doc>Types the given ``text`` into the text field identified by ``locator``.</doc>
<msg timestamp="20231013 11:20:09.868" level="INFO">Typing text 'standard_user' into text field '//*[@id="user-name"]'.</msg>
<status status="PASS" starttime="20231013 11:20:09.866" endtime="20231013 11:20:10.955"/>
</kw>
<kw name="Input Text" library="SeleniumLibrary">
<arg>${password}</arg>
<arg>secret_sauce</arg>
<doc>Types the given ``text`` into the text field identified by ``locator``.</doc>
<msg timestamp="20231013 11:20:10.957" level="INFO">Typing text 'secret_sauce' into text field '//*[@id="password"]'.</msg>
<status status="PASS" starttime="20231013 11:20:10.956" endtime="20231013 11:20:11.266"/>
</kw>
<kw name="Click Button" library="SeleniumLibrary">
<arg>login-button</arg>
<doc>Clicks the button identified by ``locator``.</doc>
<msg timestamp="20231013 11:20:11.268" level="INFO">Clicking button 'login-button'.</msg>
<status status="PASS" starttime="20231013 11:20:11.267" endtime="20231013 11:20:11.476"/>
</kw>
<status status="PASS" starttime="20231013 11:20:06.420" endtime="20231013 11:20:11.477"/>
</kw>
<kw name="Sleep" library="BuiltIn">
<arg>2s</arg>
<doc>Pauses the test executed for the given time.</doc>
<msg timestamp="20231013 11:20:13.478" level="INFO">Slept 2 seconds</msg>
<status status="PASS" starttime="20231013 11:20:11.477" endtime="20231013 11:20:13.479"/>
</kw>
<kw name="twitter" library="Keywords">
<kw name="Scroll Element Into View" library="SeleniumLibrary">
<arg>//*[@class="social_twitter"]</arg>
<doc>Scrolls the element identified by ``locator`` into view.</doc>
<status status="PASS" starttime="20231013 11:20:13.480" endtime="20231013 11:20:13.787"/>
</kw>
<kw name="Click Element" library="SeleniumLibrary">
<arg>//*[@class="social_twitter"]</arg>
<doc>Click the element identified by ``locator``.</doc>
<msg timestamp="20231013 11:20:13.789" level="INFO">Clicking element '//*[@class="social_twitter"]'.</msg>
<status status="PASS" starttime="20231013 11:20:13.788" endtime="20231013 11:20:13.943"/>
</kw>
<status status="PASS" starttime="20231013 11:20:13.479" endtime="20231013 11:20:13.944"/>
</kw>
<kw name="Sleep" library="BuiltIn">
<arg>3s</arg>
<doc>Pauses the test executed for the given time.</doc>
<msg timestamp="20231013 11:20:16.951" level="INFO">Slept 3 seconds</msg>
<status status="PASS" starttime="20231013 11:20:13.944" endtime="20231013 11:20:16.952"/>
</kw>
<kw name="Close Browser" library="SeleniumLibrary" type="TEARDOWN">
<doc>Closes the current browser.</doc>
<status status="PASS" starttime="20231013 11:20:16.952" endtime="20231013 11:20:17.104"/>
</kw>
<doc>twitter page</doc>
<status status="PASS" starttime="20231013 11:20:02.149" endtime="20231013 11:20:17.104"/>
</test>
<status status="PASS" starttime="20231013 11:20:00.876" endtime="20231013 11:20:17.110"/>
</suite>
<doc>[https://pabot.org/?ref=log|Pabot] result from 45 executions.</doc>
<status status="FAIL" starttime="20231013 11:15:55.163" endtime="20231013 11:20:17.117"/>
</suite>
<statistics>
<total>
<stat pass="36" fail="9" skip="0">All Tests</stat>
</total>
<tag>
</tag>
<suite>
<stat pass="36" fail="9" skip="0" id="s1" name="Advarisk-assignment">Advarisk-assignment</stat>
<stat pass="1" fail="0" skip="0" id="s1-s1" name="Facebook">Advarisk-assignment.Facebook</stat>
<stat pass="1" fail="0" skip="0" id="s1-s2" name="Linkedin">Advarisk-assignment.Linkedin</stat>
<stat pass="1" fail="0" skip="0" id="s1-s3" name="Login-Password-Valication-Check">Advarisk-assignment.Login-Password-Valication-Check</stat>
<stat pass="1" fail="0" skip="0" id="s1-s4" name="Login-Username-Valication-Check">Advarisk-assignment.Login-Username-Valication-Check</stat>
<stat pass="1" fail="0" skip="0" id="s1-s5" name="Login-With-Locked-User">Advarisk-assignment.Login-With-Locked-User</stat>
<stat pass="1" fail="0" skip="0" id="s1-s6" name="Logout">Advarisk-assignment.Logout</stat>
<stat pass="10" fail="0" skip="0" id="s1-s7" name="Performance Glitch User-Suite">Advarisk-assignment.Performance Glitch User-Suite</stat>
<stat pass="1" fail="0" skip="0" id="s1-s7-s1" name="Glitch-User--Delivery-Details-Firstname-Validation-Check">Advarisk-assignment.Performance Glitch User-Suite.Glitch-User--Delivery-Details-Firstname-Validation-Check</stat>
<stat pass="1" fail="0" skip="0" id="s1-s7-s2" name="Glitch-User--Delivery-Details-Lastname-Validation-Check">Advarisk-assignment.Performance Glitch User-Suite.Glitch-User--Delivery-Details-Lastname-Validation-Check</stat>
<stat pass="1" fail="0" skip="0" id="s1-s7-s3" name="Glitch-User--Delivery-Details-Postalcode-Validation-Check">Advarisk-assignment.Performance Glitch User-Suite.Glitch-User--Delivery-Details-Postalcode-Validation-Check</stat>
<stat pass="1" fail="0" skip="0" id="s1-s7-s4" name="Glitch-User-Cancel-From-Checkout-Page">Advarisk-assignment.Performance Glitch User-Suite.Glitch-User-Cancel-From-Checkout-Page</stat>
<stat pass="1" fail="0" skip="0" id="s1-s7-s5" name="glitch-user-Add-to-cart-and-remove-from-homepage">Advarisk-assignment.Performance Glitch User-Suite.glitch-user-Add-to-cart-and-remove-from-homepage</stat>
<stat pass="1" fail="0" skip="0" id="s1-s7-s6" name="glitch-user-Add-to-cart-from-homepage-remove-from-Cart-page">Advarisk-assignment.Performance Glitch User-Suite.glitch-user-Add-to-cart-from-homepage-remove-from-Cart-page</stat>
<stat pass="1" fail="0" skip="0" id="s1-s7-s7" name="glitch-user-Add-to-cart-from-product-page-from-problem user">Advarisk-assignment.Performance Glitch User-Suite.glitch-user-Add-to-cart-from-product-page-from-problem user</stat>
<stat pass="1" fail="0" skip="0" id="s1-s7-s8" name="glitch-user-Add-to-cart-from-productpage-remove-from-Cart-page">Advarisk-assignment.Performance Glitch User-Suite.glitch-user-Add-to-cart-from-productpage-remove-from-Cart-page</stat>
<stat pass="1" fail="0" skip="0" id="s1-s7-s9" name="glitch-user-Add-to-cart-from-productpage-remove-from-homepage">Advarisk-assignment.Performance Glitch User-Suite.glitch-user-Add-to-cart-from-productpage-remove-from-homepage</stat>
<stat pass="1" fail="0" skip="0" id="s1-s7-s10" name="glitch-user-Add-to-cart-homepage-and-remove-from-product">Advarisk-assignment.Performance Glitch User-Suite.glitch-user-Add-to-cart-homepage-and-remove-from-product</stat>
<stat pass="2" fail="8" skip="0" id="s1-s8" name="Problem User-Suite">Advarisk-assignment.Problem User-Suite</stat>
<stat pass="1" fail="0" skip="0" id="s1-s8-s1" name="Add-to-cart-and-remove-from-homepage-puser">Advarisk-assignment.Problem User-Suite.Add-to-cart-and-remove-from-homepage-puser</stat>
<stat pass="1" fail="0" skip="0" id="s1-s8-s2" name="Add-to-cart-from-homepage-remove-from-Cart-page">Advarisk-assignment.Problem User-Suite.Add-to-cart-from-homepage-remove-from-Cart-page</stat>
<stat pass="0" fail="1" skip="0" id="s1-s8-s3" name="Add-to-cart-from-product-page-from-problem user">Advarisk-assignment.Problem User-Suite.Add-to-cart-from-product-page-from-problem user</stat>
<stat pass="0" fail="1" skip="0" id="s1-s8-s4" name="Add-to-cart-from-productpage-remove-from-Cart-page">Advarisk-assignment.Problem User-Suite.Add-to-cart-from-productpage-remove-from-Cart-page</stat>
<stat pass="0" fail="1" skip="0" id="s1-s8-s5" name="Add-to-cart-from-productpage-remove-from-homepage">Advarisk-assignment.Problem User-Suite.Add-to-cart-from-productpage-remove-from-homepage</stat>
<stat pass="0" fail="1" skip="0" id="s1-s8-s6" name="Add-to-cart-homepage-and-remove-from-product">Advarisk-assignment.Problem User-Suite.Add-to-cart-homepage-and-remove-from-product</stat>
<stat pass="0" fail="1" skip="0" id="s1-s8-s7" name="Prob-User-Delivery-Details-Firstname-Validation-Check">Advarisk-assignment.Problem User-Suite.Prob-User-Delivery-Details-Firstname-Validation-Check</stat>
<stat pass="0" fail="1" skip="0" id="s1-s8-s8" name="Prob-User-Delivery-Details-Lastname-Validation-Check">Advarisk-assignment.Problem User-Suite.Prob-User-Delivery-Details-Lastname-Validation-Check</stat>
<stat pass="0" fail="1" skip="0" id="s1-s8-s9" name="Prob-User-Delivery-Details-Postalcode-Validation-Check">Advarisk-assignment.Problem User-Suite.Prob-User-Delivery-Details-Postalcode-Validation-Check</stat>
<stat pass="0" fail="1" skip="0" id="s1-s8-s10" name="Prob-Usercancel-From-Checkout-Page">Advarisk-assignment.Problem User-Suite.Prob-Usercancel-From-Checkout-Page</stat>
<stat pass="17" fail="1" skip="0" id="s1-s9" name="Standard user-suite">Advarisk-assignment.Standard user-suite</stat>
<stat pass="1" fail="0" skip="0" id="s1-s9-s1" name="About-Page">Advarisk-assignment.Standard user-suite.About-Page</stat>
<stat pass="1" fail="0" skip="0" id="s1-s9-s2" name="Add-to-cart-and-remove-from-homepage">Advarisk-assignment.Standard user-suite.Add-to-cart-and-remove-from-homepage</stat>
<stat pass="1" fail="0" skip="0" id="s1-s9-s3" name="Add-to-cart-from-homepage-remove-from-Cart-page">Advarisk-assignment.Standard user-suite.Add-to-cart-from-homepage-remove-from-Cart-page</stat>
<stat pass="1" fail="0" skip="0" id="s1-s9-s4" name="Add-to-cart-from-homepage-standard-user">Advarisk-assignment.Standard user-suite.Add-to-cart-from-homepage-standard-user</stat>
<stat pass="1" fail="0" skip="0" id="s1-s9-s5" name="Add-to-cart-from-product-page-from-Standard user">Advarisk-assignment.Standard user-suite.Add-to-cart-from-product-page-from-Standard user</stat>
<stat pass="0" fail="1" skip="0" id="s1-s9-s6" name="Add-to-cart-from-product-page-from-error user">Advarisk-assignment.Standard user-suite.Add-to-cart-from-product-page-from-error user</stat>
<stat pass="1" fail="0" skip="0" id="s1-s9-s7" name="Add-to-cart-from-product-page-from-secret performance glitch user">Advarisk-assignment.Standard user-suite.Add-to-cart-from-product-page-from-secret performance glitch user</stat>
<stat pass="1" fail="0" skip="0" id="s1-s9-s8" name="Add-to-cart-from-productpage-remove-from-Cart-page">Advarisk-assignment.Standard user-suite.Add-to-cart-from-productpage-remove-from-Cart-page</stat>
<stat pass="1" fail="0" skip="0" id="s1-s9-s9" name="Add-to-cart-from-productpage-remove-from-homepage">Advarisk-assignment.Standard user-suite.Add-to-cart-from-productpage-remove-from-homepage</stat>
<stat pass="1" fail="0" skip="0" id="s1-s9-s10" name="Add-to-cart-homepage-and-remove-from-product">Advarisk-assignment.Standard user-suite.Add-to-cart-homepage-and-remove-from-product</stat>
<stat pass="1" fail="0" skip="0" id="s1-s9-s11" name="Cancel-From-Checkout-Page">Advarisk-assignment.Standard user-suite.Cancel-From-Checkout-Page</stat>
<stat pass="1" fail="0" skip="0" id="s1-s9-s12" name="Delivery-Details-Firstname-Validation-Check">Advarisk-assignment.Standard user-suite.Delivery-Details-Firstname-Validation-Check</stat>
<stat pass="1" fail="0" skip="0" id="s1-s9-s13" name="Delivery-Details-Lastname-Validation-Check">Advarisk-assignment.Standard user-suite.Delivery-Details-Lastname-Validation-Check</stat>
<stat pass="1" fail="0" skip="0" id="s1-s9-s14" name="Delivery-Details-Postalcode-Validation-Check">Advarisk-assignment.Standard user-suite.Delivery-Details-Postalcode-Validation-Check</stat>
<stat pass="1" fail="0" skip="0" id="s1-s9-s15" name="Multiple-add-tocart-from-homepage-std-user">Advarisk-assignment.Standard user-suite.Multiple-add-tocart-from-homepage-std-user</stat>
<stat pass="1" fail="0" skip="0" id="s1-s9-s16" name="Return-to-homepage-from-cartpage-continue-shop">Advarisk-assignment.Standard user-suite.Return-to-homepage-from-cartpage-continue-shop</stat>
<stat pass="1" fail="0" skip="0" id="s1-s9-s17" name="Sorting-Products">Advarisk-assignment.Standard user-suite.Sorting-Products</stat>
<stat pass="1" fail="0" skip="0" id="s1-s9-s18" name="return-to-homepage-from-product-page-from-leftside-Menu-All-Items-option">Advarisk-assignment.Standard user-suite.return-to-homepage-from-product-page-from-leftside-Menu-All-Items-option</stat>
<stat pass="1" fail="0" skip="0" id="s1-s10" name="Twitter">Advarisk-assignment.Twitter</stat>
</suite>
</statistics>
<errors>
</errors>
</robot>
