<?xml version="1.0" encoding="UTF-8"?>
<robot generator="Robot 6.1.1 (Python 3.10.12 on linux)" generated="20231012 13:54:44.669" rpa="false" schemaversion="4">
<suite id="s1" name="Standard user-suite" source="/home/tushars/PycharmProjects/assign/login-suite/Standard_user-suite">
<suite id="s1-s1" name="About-Page" source="/home/tushars/PycharmProjects/assign/login-suite/Standard_user-suite/about-page.robot">
<test id="s1-s1-t1" name="Open-about-page" line="9">
<kw name="Open Browser" library="SeleniumLibrary" type="SETUP">
<arg>browser=Chrome</arg>
<doc>Opens a new browser instance to the optional ``url``.</doc>
<msg timestamp="20231012 13:54:44.840" level="INFO">Opening browser 'Chrome' to base url 'None'.</msg>
<status status="PASS" starttime="20231012 13:54:44.840" endtime="20231012 13:54:46.034"/>
</kw>
<kw name="sign in by standard_user" library="Keywords">
<kw name="open login page" library="Keywords">
<kw name="Open Browser" library="SeleniumLibrary">
<arg>${URL}</arg>
<arg>${Browser}</arg>
<arg>${chromedriver}</arg>
<doc>Opens a new browser instance to the optional ``url``.</doc>
<msg timestamp="20231012 13:54:46.036" level="INFO">Opening browser 'Chrome' to base url 'https://www.saucedemo.com/'.</msg>
<status status="PASS" starttime="20231012 13:54:46.035" endtime="20231012 13:54:47.657"/>
</kw>
<status status="PASS" starttime="20231012 13:54:46.035" endtime="20231012 13:54:47.657"/>
</kw>
<kw name="Input Text" library="SeleniumLibrary">
<arg>${username}</arg>
<arg>standard_user</arg>
<doc>Types the given ``text`` into the text field identified by ``locator``.</doc>
<msg timestamp="20231012 13:54:47.658" level="INFO">Typing text 'standard_user' into text field '//*[@id="user-name"]'.</msg>
<status status="PASS" starttime="20231012 13:54:47.657" endtime="20231012 13:54:47.817"/>
</kw>
<kw name="Input Text" library="SeleniumLibrary">
<arg>${password}</arg>
<arg>secret_sauce</arg>
<doc>Types the given ``text`` into the text field identified by ``locator``.</doc>
<msg timestamp="20231012 13:54:47.818" level="INFO">Typing text 'secret_sauce' into text field '//*[@id="password"]'.</msg>
<status status="PASS" starttime="20231012 13:54:47.817" endtime="20231012 13:54:47.994"/>
</kw>
<kw name="Click Button" library="SeleniumLibrary">
<arg>login-button</arg>
<doc>Clicks the button identified by ``locator``.</doc>
<msg timestamp="20231012 13:54:47.995" level="INFO">Clicking button 'login-button'.</msg>
<status status="PASS" starttime="20231012 13:54:47.994" endtime="20231012 13:54:48.107"/>
</kw>
<status status="PASS" starttime="20231012 13:54:46.034" endtime="20231012 13:54:48.107"/>
</kw>
<kw name="Sleep" library="BuiltIn">
<arg>2s</arg>
<doc>Pauses the test executed for the given time.</doc>
<msg timestamp="20231012 13:54:50.107" level="INFO">Slept 2 seconds</msg>
<status status="PASS" starttime="20231012 13:54:48.107" endtime="20231012 13:54:50.108"/>
</kw>
<kw name="about page" library="Keywords">
<kw name="Click Button" library="SeleniumLibrary">
<arg>Open Menu</arg>
<doc>Clicks the button identified by ``locator``.</doc>
<msg timestamp="20231012 13:54:50.109" level="INFO">Clicking button 'Open Menu'.</msg>
<status status="PASS" starttime="20231012 13:54:50.109" endtime="20231012 13:54:50.182"/>
</kw>
<kw name="Wait Until Element Is Enabled" library="SeleniumLibrary">
<arg>${all_items}</arg>
<doc>Waits until the element ``locator`` is enabled.</doc>
<status status="PASS" starttime="20231012 13:54:50.182" endtime="20231012 13:54:50.300"/>
</kw>
<kw name="Click Element" library="SeleniumLibrary">
<arg>//*[@id="about_sidebar_link"]</arg>
<doc>Click the element identified by ``locator``.</doc>
<msg timestamp="20231012 13:54:50.301" level="INFO">Clicking element '//*[@id="about_sidebar_link"]'.</msg>
<status status="PASS" starttime="20231012 13:54:50.300" endtime="20231012 13:54:53.905"/>
</kw>
<status status="PASS" starttime="20231012 13:54:50.108" endtime="20231012 13:54:53.905"/>
</kw>
<kw name="Sleep" library="BuiltIn">
<arg>3s</arg>
<doc>Pauses the test executed for the given time.</doc>
<msg timestamp="20231012 13:54:56.906" level="INFO">Slept 3 seconds</msg>
<status status="PASS" starttime="20231012 13:54:53.905" endtime="20231012 13:54:56.906"/>
</kw>
<kw name="Close Browser" library="SeleniumLibrary" type="TEARDOWN">
<doc>Closes the current browser.</doc>
<status status="PASS" starttime="20231012 13:54:56.906" endtime="20231012 13:54:56.989"/>
</kw>
<doc>Open-about-page</doc>
<status status="PASS" starttime="20231012 13:54:44.839" endtime="20231012 13:54:56.994"/>
</test>
<status status="PASS" starttime="20231012 13:54:44.689" endtime="20231012 13:54:56.996"/>
</suite>
<suite id="s1-s2" name="Add-to-cart-and-remove-from-homepage" source="/home/tushars/PycharmProjects/assign/login-suite/Standard_user-suite/Add-to-cart-and-remove-from-homepage.robot">
<test id="s1-s2-t1" name="Add-to-cart-and-remove-from-homepage" line="8">
<kw name="Open Browser" library="SeleniumLibrary" type="SETUP">
<arg>browser=Chrome</arg>
<doc>Opens a new browser instance to the optional ``url``.</doc>
<msg timestamp="20231012 13:54:57.007" level="INFO">Opening browser 'Chrome' to base url 'None'.</msg>
<status status="PASS" starttime="20231012 13:54:57.007" endtime="20231012 13:54:58.286"/>
</kw>
<kw name="sign in by standard_user" library="Keywords">
<kw name="open login page" library="Keywords">
<kw name="Open Browser" library="SeleniumLibrary">
<arg>${URL}</arg>
<arg>${Browser}</arg>
<arg>${chromedriver}</arg>
<doc>Opens a new browser instance to the optional ``url``.</doc>
<msg timestamp="20231012 13:54:58.290" level="INFO">Opening browser 'Chrome' to base url 'https://www.saucedemo.com/'.</msg>
<status status="PASS" starttime="20231012 13:54:58.288" endtime="20231012 13:54:59.811"/>
</kw>
<status status="PASS" starttime="20231012 13:54:58.288" endtime="20231012 13:54:59.811"/>
</kw>
<kw name="Input Text" library="SeleniumLibrary">
<arg>${username}</arg>
<arg>standard_user</arg>
<doc>Types the given ``text`` into the text field identified by ``locator``.</doc>
<msg timestamp="20231012 13:54:59.813" level="INFO">Typing text 'standard_user' into text field '//*[@id="user-name"]'.</msg>
<status status="PASS" starttime="20231012 13:54:59.811" endtime="20231012 13:55:00.073"/>
</kw>
<kw name="Input Text" library="SeleniumLibrary">
<arg>${password}</arg>
<arg>secret_sauce</arg>
<doc>Types the given ``text`` into the text field identified by ``locator``.</doc>
<msg timestamp="20231012 13:55:00.074" level="INFO">Typing text 'secret_sauce' into text field '//*[@id="password"]'.</msg>
<status status="PASS" starttime="20231012 13:55:00.073" endtime="20231012 13:55:00.238"/>
</kw>
<kw name="Click Button" library="SeleniumLibrary">
<arg>login-button</arg>
<doc>Clicks the button identified by ``locator``.</doc>
<msg timestamp="20231012 13:55:00.239" level="INFO">Clicking button 'login-button'.</msg>
<status status="PASS" starttime="20231012 13:55:00.238" endtime="20231012 13:55:00.440"/>
</kw>
<status status="PASS" starttime="20231012 13:54:58.287" endtime="20231012 13:55:00.440"/>
</kw>
<kw name="Add to cart from homepage" library="add-to-cart">
<kw name="Click Button" library="SeleniumLibrary">
<arg>add-to-cart-sauce-labs-backpack</arg>
<doc>Clicks the button identified by ``locator``.</doc>
<msg timestamp="20231012 13:55:00.441" level="INFO">Clicking button 'add-to-cart-sauce-labs-backpack'.</msg>
<status status="PASS" starttime="20231012 13:55:00.441" endtime="20231012 13:55:00.548"/>
</kw>
<kw name="Sleep" library="BuiltIn">
<arg>1s</arg>
<doc>Pauses the test executed for the given time.</doc>
<msg timestamp="20231012 13:55:01.548" level="INFO">Slept 1 second</msg>
<status status="PASS" starttime="20231012 13:55:00.548" endtime="20231012 13:55:01.548"/>
</kw>
<status status="PASS" starttime="20231012 13:55:00.440" endtime="20231012 13:55:01.548"/>
</kw>
<kw name="remove from cart" library="Keywords">
<kw name="Click Button" library="SeleniumLibrary">
<arg>Remove</arg>
<doc>Clicks the button identified by ``locator``.</doc>
<msg timestamp="20231012 13:55:01.549" level="INFO">Clicking button 'Remove'.</msg>
<status status="PASS" starttime="20231012 13:55:01.549" endtime="20231012 13:55:01.595"/>
</kw>
<status status="PASS" starttime="20231012 13:55:01.549" endtime="20231012 13:55:01.596"/>
</kw>
<kw name="Close Browser" library="SeleniumLibrary" type="TEARDOWN">
<doc>Closes the current browser.</doc>
<status status="PASS" starttime="20231012 13:55:01.596" endtime="20231012 13:55:01.660"/>
</kw>
<doc>Add-to-cart-and-remove-from-homepage</doc>
<status status="PASS" starttime="20231012 13:54:57.006" endtime="20231012 13:55:01.660"/>
</test>
<status status="PASS" starttime="20231012 13:54:56.999" endtime="20231012 13:55:01.661"/>
</suite>
<suite id="s1-s3" name="Add-to-cart-from-homepage-remove-from-Cart-page" source="/home/tushars/PycharmProjects/assign/login-suite/Standard_user-suite/Add-to-cart-from-homepage-remove-from-Cart-page.robot">
<test id="s1-s3-t1" name="Add-to-cart-from-homepage-remove-from-Cart-page" line="11">
<kw name="Open Browser" library="SeleniumLibrary" type="SETUP">
<arg>browser=Chrome</arg>
<doc>Opens a new browser instance to the optional ``url``.</doc>
<msg timestamp="20231012 13:55:01.666" level="INFO">Opening browser 'Chrome' to base url 'None'.</msg>
<status status="PASS" starttime="20231012 13:55:01.666" endtime="20231012 13:55:02.941"/>
</kw>
<kw name="sign in by standard_user" library="Keywords">
<kw name="open login page" library="Keywords">
<kw name="Open Browser" library="SeleniumLibrary">
<arg>${URL}</arg>
<arg>${Browser}</arg>
<arg>${chromedriver}</arg>
<doc>Opens a new browser instance to the optional ``url``.</doc>
<msg timestamp="20231012 13:55:02.944" level="INFO">Opening browser 'Chrome' to base url 'https://www.saucedemo.com/'.</msg>
<status status="PASS" starttime="20231012 13:55:02.943" endtime="20231012 13:55:04.635"/>
</kw>
<status status="PASS" starttime="20231012 13:55:02.942" endtime="20231012 13:55:04.635"/>
</kw>
<kw name="Input Text" library="SeleniumLibrary">
<arg>${username}</arg>
<arg>standard_user</arg>
<doc>Types the given ``text`` into the text field identified by ``locator``.</doc>
<msg timestamp="20231012 13:55:04.636" level="INFO">Typing text 'standard_user' into text field '//*[@id="user-name"]'.</msg>
<status status="PASS" starttime="20231012 13:55:04.635" endtime="20231012 13:55:04.837"/>
</kw>
<kw name="Input Text" library="SeleniumLibrary">
<arg>${password}</arg>
<arg>secret_sauce</arg>
<doc>Types the given ``text`` into the text field identified by ``locator``.</doc>
<msg timestamp="20231012 13:55:04.838" level="INFO">Typing text 'secret_sauce' into text field '//*[@id="password"]'.</msg>
<status status="PASS" starttime="20231012 13:55:04.837" endtime="20231012 13:55:05.000"/>
</kw>
<kw name="Click Button" library="SeleniumLibrary">
<arg>login-button</arg>
<doc>Clicks the button identified by ``locator``.</doc>
<msg timestamp="20231012 13:55:05.000" level="INFO">Clicking button 'login-button'.</msg>
<status status="PASS" starttime="20231012 13:55:05.000" endtime="20231012 13:55:05.151"/>
</kw>
<status status="PASS" starttime="20231012 13:55:02.941" endtime="20231012 13:55:05.151"/>
</kw>
<kw name="Add to cart from homepage" library="add-to-cart">
<kw name="Click Button" library="SeleniumLibrary">
<arg>add-to-cart-sauce-labs-backpack</arg>
<doc>Clicks the button identified by ``locator``.</doc>
<msg timestamp="20231012 13:55:05.153" level="INFO">Clicking button 'add-to-cart-sauce-labs-backpack'.</msg>
<status status="PASS" starttime="20231012 13:55:05.152" endtime="20231012 13:55:05.254"/>
</kw>
<kw name="Sleep" library="BuiltIn">
<arg>1s</arg>
<doc>Pauses the test executed for the given time.</doc>
<msg timestamp="20231012 13:55:06.255" level="INFO">Slept 1 second</msg>
<status status="PASS" starttime="20231012 13:55:05.254" endtime="20231012 13:55:06.255"/>
</kw>
<status status="PASS" starttime="20231012 13:55:05.152" endtime="20231012 13:55:06.255"/>
</kw>
<kw name="check cart" library="Keywords">
<kw name="Click Element" library="SeleniumLibrary">
<arg>${cart_button}</arg>
<doc>Click the element identified by ``locator``.</doc>
<msg timestamp="20231012 13:55:06.256" level="INFO">Clicking element '//*[@id="shopping_cart_container"]'.</msg>
<status status="PASS" starttime="20231012 13:55:06.256" endtime="20231012 13:55:06.306"/>
</kw>
<status status="PASS" starttime="20231012 13:55:06.255" endtime="20231012 13:55:06.306"/>
</kw>
<kw name="Sleep" library="BuiltIn">
<arg>2s</arg>
<doc>Pauses the test executed for the given time.</doc>
<msg timestamp="20231012 13:55:08.307" level="INFO">Slept 2 seconds</msg>
<status status="PASS" starttime="20231012 13:55:06.306" endtime="20231012 13:55:08.307"/>
</kw>
<kw name="remove from cart" library="Keywords">
<kw name="Click Button" library="SeleniumLibrary">
<arg>Remove</arg>
<doc>Clicks the button identified by ``locator``.</doc>
<msg timestamp="20231012 13:55:08.308" level="INFO">Clicking button 'Remove'.</msg>
<status status="PASS" starttime="20231012 13:55:08.308" endtime="20231012 13:55:08.374"/>
</kw>
<status status="PASS" starttime="20231012 13:55:08.307" endtime="20231012 13:55:08.374"/>
</kw>
<kw name="Close Browser" library="SeleniumLibrary" type="TEARDOWN">
<doc>Closes the current browser.</doc>
<status status="PASS" starttime="20231012 13:55:08.375" endtime="20231012 13:55:08.446"/>
</kw>
<doc>Add-to-cart-from-homepage-remove-from-Cart-page</doc>
<status status="PASS" starttime="20231012 13:55:01.666" endtime="20231012 13:55:08.446"/>
</test>
<status status="PASS" starttime="20231012 13:55:01.662" endtime="20231012 13:55:08.446"/>
</suite>
<suite id="s1-s4" name="Add-to-cart-from-homepage-standard-user" source="/home/tushars/PycharmProjects/assign/login-suite/Standard_user-suite/Add-to-cart-from-homepage-standard-user.robot">
<test id="s1-s4-t1" name="Add-to-cart-from-homepage-standard-user" line="8">
<kw name="Open Browser" library="SeleniumLibrary" type="SETUP">
<arg>browser=Chrome</arg>
<doc>Opens a new browser instance to the optional ``url``.</doc>
<msg timestamp="20231012 13:55:08.453" level="INFO">Opening browser 'Chrome' to base url 'None'.</msg>
<status status="PASS" starttime="20231012 13:55:08.453" endtime="20231012 13:55:09.600"/>
</kw>
<kw name="open login page" library="Keywords">
<kw name="Open Browser" library="SeleniumLibrary">
<arg>${URL}</arg>
<arg>${Browser}</arg>
<arg>${chromedriver}</arg>
<doc>Opens a new browser instance to the optional ``url``.</doc>
<msg timestamp="20231012 13:55:09.601" level="INFO">Opening browser 'Chrome' to base url 'https://www.saucedemo.com/'.</msg>
<status status="PASS" starttime="20231012 13:55:09.600" endtime="20231012 13:55:11.370"/>
</kw>
<status status="PASS" starttime="20231012 13:55:09.600" endtime="20231012 13:55:11.370"/>
</kw>
<kw name="sign in by standard_user" library="Keywords">
<kw name="open login page" library="Keywords">
<kw name="Open Browser" library="SeleniumLibrary">
<arg>${URL}</arg>
<arg>${Browser}</arg>
<arg>${chromedriver}</arg>
<doc>Opens a new browser instance to the optional ``url``.</doc>
<msg timestamp="20231012 13:55:11.372" level="INFO">Using existing browser from index 8.</msg>
<msg timestamp="20231012 13:55:11.372" level="INFO">Opening url 'https://www.saucedemo.com/'</msg>
<status status="PASS" starttime="20231012 13:55:11.371" endtime="20231012 13:55:11.469"/>
</kw>
<status status="PASS" starttime="20231012 13:55:11.371" endtime="20231012 13:55:11.469"/>
</kw>
<kw name="Input Text" library="SeleniumLibrary">
<arg>${username}</arg>
<arg>standard_user</arg>
<doc>Types the given ``text`` into the text field identified by ``locator``.</doc>
<msg timestamp="20231012 13:55:11.470" level="INFO">Typing text 'standard_user' into text field '//*[@id="user-name"]'.</msg>
<status status="PASS" starttime="20231012 13:55:11.469" endtime="20231012 13:55:11.962"/>
</kw>
<kw name="Input Text" library="SeleniumLibrary">
<arg>${password}</arg>
<arg>secret_sauce</arg>
<doc>Types the given ``text`` into the text field identified by ``locator``.</doc>
<msg timestamp="20231012 13:55:11.963" level="INFO">Typing text 'secret_sauce' into text field '//*[@id="password"]'.</msg>
<status status="PASS" starttime="20231012 13:55:11.963" endtime="20231012 13:55:12.138"/>
</kw>
<kw name="Click Button" library="SeleniumLibrary">
<arg>login-button</arg>
<doc>Clicks the button identified by ``locator``.</doc>
<msg timestamp="20231012 13:55:12.139" level="INFO">Clicking button 'login-button'.</msg>
<status status="PASS" starttime="20231012 13:55:12.138" endtime="20231012 13:55:12.289"/>
</kw>
<status status="PASS" starttime="20231012 13:55:11.370" endtime="20231012 13:55:12.289"/>
</kw>
<kw name="Add to cart from Product page" library="add-to-cart">
<kw name="Click Element" library="SeleniumLibrary">
<arg>//*[@id="item_4_title_link"]</arg>
<doc>Click the element identified by ``locator``.</doc>
<msg timestamp="20231012 13:55:12.295" level="INFO">Clicking element '//*[@id="item_4_title_link"]'.</msg>
<status status="PASS" starttime="20231012 13:55:12.294" endtime="20231012 13:55:12.387"/>
</kw>
<kw name="Click Button" library="SeleniumLibrary">
<arg>add-to-cart-sauce-labs-backpack</arg>
<doc>Clicks the button identified by ``locator``.</doc>
<msg timestamp="20231012 13:55:12.388" level="INFO">Clicking button 'add-to-cart-sauce-labs-backpack'.</msg>
<status status="PASS" starttime="20231012 13:55:12.387" endtime="20231012 13:55:12.493"/>
</kw>
<kw name="Sleep" library="BuiltIn">
<arg>1s</arg>
<doc>Pauses the test executed for the given time.</doc>
<msg timestamp="20231012 13:55:13.494" level="INFO">Slept 1 second</msg>
<status status="PASS" starttime="20231012 13:55:12.494" endtime="20231012 13:55:13.494"/>
</kw>
<status status="PASS" starttime="20231012 13:55:12.291" endtime="20231012 13:55:13.495"/>
</kw>
<kw name="check cart" library="Keywords">
<kw name="Click Element" library="SeleniumLibrary">
<arg>${cart_button}</arg>
<doc>Click the element identified by ``locator``.</doc>
<msg timestamp="20231012 13:55:13.496" level="INFO">Clicking element '//*[@id="shopping_cart_container"]'.</msg>
<status status="PASS" starttime="20231012 13:55:13.495" endtime="20231012 13:55:13.544"/>
</kw>
<status status="PASS" starttime="20231012 13:55:13.495" endtime="20231012 13:55:13.544"/>
</kw>
<kw name="Product checkout" library="Keywords">
<kw name="Click Button" library="SeleniumLibrary">
<arg>checkout</arg>
<doc>Clicks the button identified by ``locator``.</doc>
<msg timestamp="20231012 13:55:13.546" level="INFO">Clicking button 'checkout'.</msg>
<status status="PASS" starttime="20231012 13:55:13.545" endtime="20231012 13:55:13.613"/>
</kw>
<status status="PASS" starttime="20231012 13:55:13.545" endtime="20231012 13:55:13.613"/>
</kw>
<kw name="Enter Delivery details" library="Keywords">
<kw name="Input Text" library="SeleniumLibrary">
<arg>firstName</arg>
<arg>Demo</arg>
<doc>Types the given ``text`` into the text field identified by ``locator``.</doc>
<msg timestamp="20231012 13:55:13.615" level="INFO">Typing text 'Demo' into text field 'firstName'.</msg>
<status status="PASS" starttime="20231012 13:55:13.614" endtime="20231012 13:55:13.697"/>
</kw>
<kw name="Input Text" library="SeleniumLibrary">
<arg>lastName</arg>
<arg>assignment</arg>
<doc>Types the given ``text`` into the text field identified by ``locator``.</doc>
<msg timestamp="20231012 13:55:13.697" level="INFO">Typing text 'assignment' into text field 'lastName'.</msg>
<status status="PASS" starttime="20231012 13:55:13.697" endtime="20231012 13:55:13.793"/>
</kw>
<kw name="Input Text" library="SeleniumLibrary">
<arg>postalCode</arg>
<arg>4000011</arg>
<doc>Types the given ``text`` into the text field identified by ``locator``.</doc>
<msg timestamp="20231012 13:55:13.794" level="INFO">Typing text '4000011' into text field 'postalCode'.</msg>
<status status="PASS" starttime="20231012 13:55:13.793" endtime="20231012 13:55:13.871"/>
</kw>
<kw name="Click Button" library="SeleniumLibrary">
<arg>continue</arg>
<doc>Clicks the button identified by ``locator``.</doc>
<msg timestamp="20231012 13:55:13.873" level="INFO">Clicking button 'continue'.</msg>
<status status="PASS" starttime="20231012 13:55:13.872" endtime="20231012 13:55:13.930"/>
</kw>
<kw name="Sleep" library="BuiltIn">
<arg>2s</arg>
<doc>Pauses the test executed for the given time.</doc>
<msg timestamp="20231012 13:55:15.931" level="INFO">Slept 2 seconds</msg>
<status status="PASS" starttime="20231012 13:55:13.930" endtime="20231012 13:55:15.931"/>
</kw>
<status status="PASS" starttime="20231012 13:55:13.614" endtime="20231012 13:55:15.931"/>
</kw>
<kw name="finish button" library="Keywords">
<kw name="Click Button" library="SeleniumLibrary">
<arg>finish</arg>
<doc>Clicks the button identified by ``locator``.</doc>
<msg timestamp="20231012 13:55:15.932" level="INFO">Clicking button 'finish'.</msg>
<status status="PASS" starttime="20231012 13:55:15.932" endtime="20231012 13:55:15.995"/>
</kw>
<status status="PASS" starttime="20231012 13:55:15.931" endtime="20231012 13:55:15.996"/>
</kw>
<kw name="Back to homepage" library="Keywords">
<kw name="Click Button" library="SeleniumLibrary">
<arg>back-to-products</arg>
<doc>Clicks the button identified by ``locator``.</doc>
<msg timestamp="20231012 13:55:15.998" level="INFO">Clicking button 'back-to-products'.</msg>
<status status="PASS" starttime="20231012 13:55:15.997" endtime="20231012 13:55:16.099"/>
</kw>
<status status="PASS" starttime="20231012 13:55:15.996" endtime="20231012 13:55:16.099"/>
</kw>
<kw name="Close Window" library="SeleniumLibrary">
<doc>Closes currently opened and selected browser window/tab.</doc>
<status status="PASS" starttime="20231012 13:55:16.099" endtime="20231012 13:55:16.211"/>
</kw>
<kw name="Close Browser" library="SeleniumLibrary" type="TEARDOWN">
<doc>Closes the current browser.</doc>
<status status="PASS" starttime="20231012 13:55:16.211" endtime="20231012 13:55:16.221"/>
</kw>
<doc>Add-to-cart-from-homepage-standard-user</doc>
<status status="PASS" starttime="20231012 13:55:08.452" endtime="20231012 13:55:16.221"/>
</test>
<status status="PASS" starttime="20231012 13:55:08.447" endtime="20231012 13:55:16.222"/>
</suite>
<suite id="s1-s5" name="Add-to-cart-from-product-page-from-error user" source="/home/tushars/PycharmProjects/assign/login-suite/Standard_user-suite/Add-to-cart-from-product-page-from-error_user.robot">
<test id="s1-s5-t1" name="Add-to-cart-from-product-page-from-problem_user" line="8">
<kw name="Open Browser" library="SeleniumLibrary" type="SETUP">
<arg>browser=Chrome</arg>
<doc>Opens a new browser instance to the optional ``url``.</doc>
<msg timestamp="20231012 13:55:16.228" level="INFO">Opening browser 'Chrome' to base url 'None'.</msg>
<status status="PASS" starttime="20231012 13:55:16.228" endtime="20231012 13:55:17.446"/>
</kw>
<kw name="open login page" library="Keywords">
<kw name="Open Browser" library="SeleniumLibrary">
<arg>${URL}</arg>
<arg>${Browser}</arg>
<arg>${chromedriver}</arg>
<doc>Opens a new browser instance to the optional ``url``.</doc>
<msg timestamp="20231012 13:55:17.448" level="INFO">Opening browser 'Chrome' to base url 'https://www.saucedemo.com/'.</msg>
<status status="PASS" starttime="20231012 13:55:17.446" endtime="20231012 13:55:19.114"/>
</kw>
<status status="PASS" starttime="20231012 13:55:17.446" endtime="20231012 13:55:19.114"/>
</kw>
<kw name="sign in with error_user" library="Keywords">
<kw name="Input Text" library="SeleniumLibrary">
<arg>${username}</arg>
<arg>error_user</arg>
<doc>Types the given ``text`` into the text field identified by ``locator``.</doc>
<msg timestamp="20231012 13:55:19.115" level="INFO">Typing text 'error_user' into text field '//*[@id="user-name"]'.</msg>
<status status="PASS" starttime="20231012 13:55:19.115" endtime="20231012 13:55:19.261"/>
</kw>
<kw name="Input Text" library="SeleniumLibrary">
<arg>${password}</arg>
<arg>secret_sauce</arg>
<doc>Types the given ``text`` into the text field identified by ``locator``.</doc>
<msg timestamp="20231012 13:55:19.262" level="INFO">Typing text 'secret_sauce' into text field '//*[@id="password"]'.</msg>
<status status="PASS" starttime="20231012 13:55:19.262" endtime="20231012 13:55:19.426"/>
</kw>
<kw name="Click Button" library="SeleniumLibrary">
<arg>login-button</arg>
<doc>Clicks the button identified by ``locator``.</doc>
<msg timestamp="20231012 13:55:19.427" level="INFO">Clicking button 'login-button'.</msg>
<status status="PASS" starttime="20231012 13:55:19.427" endtime="20231012 13:55:19.605"/>
</kw>
<status status="PASS" starttime="20231012 13:55:19.114" endtime="20231012 13:55:19.606"/>
</kw>
<kw name="Add to cart from Product page" library="add-to-cart">
<kw name="Click Element" library="SeleniumLibrary">
<arg>//*[@id="item_4_title_link"]</arg>
<doc>Click the element identified by ``locator``.</doc>
<msg timestamp="20231012 13:55:19.607" level="INFO">Clicking element '//*[@id="item_4_title_link"]'.</msg>
<status status="PASS" starttime="20231012 13:55:19.607" endtime="20231012 13:55:19.725"/>
</kw>
<kw name="Click Button" library="SeleniumLibrary">
<arg>add-to-cart-sauce-labs-backpack</arg>
<doc>Clicks the button identified by ``locator``.</doc>
<msg timestamp="20231012 13:55:19.726" level="INFO">Clicking button 'add-to-cart-sauce-labs-backpack'.</msg>
<status status="PASS" starttime="20231012 13:55:19.725" endtime="20231012 13:55:19.863"/>
</kw>
<kw name="Sleep" library="BuiltIn">
<arg>1s</arg>
<doc>Pauses the test executed for the given time.</doc>
<msg timestamp="20231012 13:55:20.864" level="INFO">Slept 1 second</msg>
<status status="PASS" starttime="20231012 13:55:19.864" endtime="20231012 13:55:20.864"/>
</kw>
<status status="PASS" starttime="20231012 13:55:19.606" endtime="20231012 13:55:20.864"/>
</kw>
<kw name="check cart" library="Keywords">
<kw name="Click Element" library="SeleniumLibrary">
<arg>${cart_button}</arg>
<doc>Click the element identified by ``locator``.</doc>
<msg timestamp="20231012 13:55:20.866" level="INFO">Clicking element '//*[@id="shopping_cart_container"]'.</msg>
<status status="PASS" starttime="20231012 13:55:20.865" endtime="20231012 13:55:20.914"/>
</kw>
<status status="PASS" starttime="20231012 13:55:20.865" endtime="20231012 13:55:20.914"/>
</kw>
<kw name="Product checkout" library="Keywords">
<kw name="Click Button" library="SeleniumLibrary">
<arg>checkout</arg>
<doc>Clicks the button identified by ``locator``.</doc>
<msg timestamp="20231012 13:55:20.915" level="INFO">Clicking button 'checkout'.</msg>
<status status="PASS" starttime="20231012 13:55:20.914" endtime="20231012 13:55:20.977"/>
</kw>
<status status="PASS" starttime="20231012 13:55:20.914" endtime="20231012 13:55:20.977"/>
</kw>
<kw name="Enter Delivery details" library="Keywords">
<kw name="Input Text" library="SeleniumLibrary">
<arg>firstName</arg>
<arg>Demo</arg>
<doc>Types the given ``text`` into the text field identified by ``locator``.</doc>
<msg timestamp="20231012 13:55:20.978" level="INFO">Typing text 'Demo' into text field 'firstName'.</msg>
<status status="PASS" starttime="20231012 13:55:20.977" endtime="20231012 13:55:21.061"/>
</kw>
<kw name="Input Text" library="SeleniumLibrary">
<arg>lastName</arg>
<arg>assignment</arg>
<doc>Types the given ``text`` into the text field identified by ``locator``.</doc>
<msg timestamp="20231012 13:55:21.062" level="INFO">Typing text 'assignment' into text field 'lastName'.</msg>
<status status="PASS" starttime="20231012 13:55:21.062" endtime="20231012 13:55:21.191"/>
</kw>
<kw name="Input Text" library="SeleniumLibrary">
<arg>postalCode</arg>
<arg>4000011</arg>
<doc>Types the given ``text`` into the text field identified by ``locator``.</doc>
<msg timestamp="20231012 13:55:21.192" level="INFO">Typing text '4000011' into text field 'postalCode'.</msg>
<status status="PASS" starttime="20231012 13:55:21.191" endtime="20231012 13:55:21.282"/>
</kw>
<kw name="Click Button" library="SeleniumLibrary">
<arg>continue</arg>
<doc>Clicks the button identified by ``locator``.</doc>
<msg timestamp="20231012 13:55:21.283" level="INFO">Clicking button 'continue'.</msg>
<status status="PASS" starttime="20231012 13:55:21.282" endtime="20231012 13:55:21.340"/>
</kw>
<kw name="Sleep" library="BuiltIn">
<arg>2s</arg>
<doc>Pauses the test executed for the given time.</doc>
<msg timestamp="20231012 13:55:23.341" level="INFO">Slept 2 seconds</msg>
<status status="PASS" starttime="20231012 13:55:21.340" endtime="20231012 13:55:23.341"/>
</kw>
<status status="PASS" starttime="20231012 13:55:20.977" endtime="20231012 13:55:23.341"/>
</kw>
<kw name="finish button" library="Keywords">
<kw name="Click Button" library="SeleniumLibrary">
<arg>finish</arg>
<doc>Clicks the button identified by ``locator``.</doc>
<msg timestamp="20231012 13:55:23.343" level="INFO">Clicking button 'finish'.</msg>
<status status="PASS" starttime="20231012 13:55:23.342" endtime="20231012 13:55:23.397"/>
</kw>
<status status="PASS" starttime="20231012 13:55:23.341" endtime="20231012 13:55:23.397"/>
</kw>
<kw name="Back to homepage" library="Keywords">
<kw name="Click Button" library="SeleniumLibrary">
<arg>back-to-products</arg>
<doc>Clicks the button identified by ``locator``.</doc>
<msg timestamp="20231012 13:55:23.398" level="INFO">Clicking button 'back-to-products'.</msg>
<kw name="Capture Page Screenshot" library="SeleniumLibrary">
<doc>Takes a screenshot of the current page and embeds it into a log file.</doc>
<msg timestamp="20231012 13:55:23.487" level="INFO" html="true">&lt;/td&gt;&lt;/tr&gt;&lt;tr&gt;&lt;td colspan="3"&gt;&lt;a href="selenium-screenshot-14.png"&gt;&lt;img src="selenium-screenshot-14.png" width="800px"&gt;&lt;/a&gt;</msg>
<status status="PASS" starttime="20231012 13:55:23.422" endtime="20231012 13:55:23.487"/>
</kw>
<msg timestamp="20231012 13:55:23.487" level="FAIL">Button with locator 'back-to-products' not found.</msg>
<status status="FAIL" starttime="20231012 13:55:23.397" endtime="20231012 13:55:23.488"/>
</kw>
<status status="FAIL" starttime="20231012 13:55:23.397" endtime="20231012 13:55:23.488"/>
</kw>
<kw name="Close All Browsers" library="SeleniumLibrary">
<doc>Closes all open browsers and resets the browser cache.</doc>
<status status="NOT RUN" starttime="20231012 13:55:23.489" endtime="20231012 13:55:23.489"/>
</kw>
<kw name="Close Browser" library="SeleniumLibrary" type="TEARDOWN">
<doc>Closes the current browser.</doc>
<status status="PASS" starttime="20231012 13:55:23.489" endtime="20231012 13:55:23.556"/>
</kw>
<doc>Add-to-cart-from-product-page-from-problem_user</doc>
<status status="FAIL" starttime="20231012 13:55:16.227" endtime="20231012 13:55:23.557">Button with locator 'back-to-products' not found.</status>
</test>
<status status="FAIL" starttime="20231012 13:55:16.224" endtime="20231012 13:55:23.558"/>
</suite>
<suite id="s1-s6" name="Add-to-cart-from-product-page-from-secret performance glitch user" source="/home/tushars/PycharmProjects/assign/login-suite/Standard_user-suite/Add-to-cart-from-product-page-from-secret_performance_glitch_user.robot">
<test id="s1-s6-t1" name="Add-to-cart-from-product-page-from-secret_performance_glitch_user" line="9">
<kw name="Open Browser" library="SeleniumLibrary" type="SETUP">
<arg>browser=Chrome</arg>
<doc>Opens a new browser instance to the optional ``url``.</doc>
<msg timestamp="20231012 13:55:23.566" level="INFO">Opening browser 'Chrome' to base url 'None'.</msg>
<status status="PASS" starttime="20231012 13:55:23.566" endtime="20231012 13:55:24.862"/>
</kw>
<kw name="open login page" library="Keywords">
<kw name="Open Browser" library="SeleniumLibrary">
<arg>${URL}</arg>
<arg>${Browser}</arg>
<arg>${chromedriver}</arg>
<doc>Opens a new browser instance to the optional ``url``.</doc>
<msg timestamp="20231012 13:55:24.864" level="INFO">Opening browser 'Chrome' to base url 'https://www.saucedemo.com/'.</msg>
<status status="PASS" starttime="20231012 13:55:24.863" endtime="20231012 13:55:26.877"/>
</kw>
<status status="PASS" starttime="20231012 13:55:24.863" endtime="20231012 13:55:26.877"/>
</kw>
<kw name="sign in with performance_glitch_user" library="Keywords">
<kw name="Input Text" library="SeleniumLibrary">
<arg>${username}</arg>
<arg>performance_glitch_user</arg>
<doc>Types the given ``text`` into the text field identified by ``locator``.</doc>
<msg timestamp="20231012 13:55:26.881" level="INFO">Typing text 'performance_glitch_user' into text field '//*[@id="user-name"]'.</msg>
<status status="PASS" starttime="20231012 13:55:26.880" endtime="20231012 13:55:27.190"/>
</kw>
<kw name="Input Text" library="SeleniumLibrary">
<arg>${password}</arg>
<arg>secret_sauce</arg>
<doc>Types the given ``text`` into the text field identified by ``locator``.</doc>
<msg timestamp="20231012 13:55:27.191" level="INFO">Typing text 'secret_sauce' into text field '//*[@id="password"]'.</msg>
<status status="PASS" starttime="20231012 13:55:27.190" endtime="20231012 13:55:27.338"/>
</kw>
<kw name="Click Button" library="SeleniumLibrary">
<arg>login-button</arg>
<doc>Clicks the button identified by ``locator``.</doc>
<msg timestamp="20231012 13:55:27.338" level="INFO">Clicking button 'login-button'.</msg>
<status status="PASS" starttime="20231012 13:55:27.338" endtime="20231012 13:55:32.450"/>
</kw>
<status status="PASS" starttime="20231012 13:55:26.880" endtime="20231012 13:55:32.450"/>
</kw>
<kw name="Add to cart from Product page" library="add-to-cart">
<kw name="Click Element" library="SeleniumLibrary">
<arg>//*[@id="item_4_title_link"]</arg>
<doc>Click the element identified by ``locator``.</doc>
<msg timestamp="20231012 13:55:32.452" level="INFO">Clicking element '//*[@id="item_4_title_link"]'.</msg>
<status status="PASS" starttime="20231012 13:55:32.451" endtime="20231012 13:55:32.513"/>
</kw>
<kw name="Click Button" library="SeleniumLibrary">
<arg>add-to-cart-sauce-labs-backpack</arg>
<doc>Clicks the button identified by ``locator``.</doc>
<msg timestamp="20231012 13:55:32.513" level="INFO">Clicking button 'add-to-cart-sauce-labs-backpack'.</msg>
<status status="PASS" starttime="20231012 13:55:32.513" endtime="20231012 13:55:32.579"/>
</kw>
<kw name="Sleep" library="BuiltIn">
<arg>1s</arg>
<doc>Pauses the test executed for the given time.</doc>
<msg timestamp="20231012 13:55:33.580" level="INFO">Slept 1 second</msg>
<status status="PASS" starttime="20231012 13:55:32.579" endtime="20231012 13:55:33.580"/>
</kw>
<status status="PASS" starttime="20231012 13:55:32.451" endtime="20231012 13:55:33.580"/>
</kw>
<kw name="check cart" library="Keywords">
<kw name="Click Element" library="SeleniumLibrary">
<arg>${cart_button}</arg>
<doc>Click the element identified by ``locator``.</doc>
<msg timestamp="20231012 13:55:33.581" level="INFO">Clicking element '//*[@id="shopping_cart_container"]'.</msg>
<status status="PASS" starttime="20231012 13:55:33.581" endtime="20231012 13:55:33.637"/>
</kw>
<status status="PASS" starttime="20231012 13:55:33.580" endtime="20231012 13:55:33.638"/>
</kw>
<kw name="Product checkout" library="Keywords">
<kw name="Click Button" library="SeleniumLibrary">
<arg>checkout</arg>
<doc>Clicks the button identified by ``locator``.</doc>
<msg timestamp="20231012 13:55:33.641" level="INFO">Clicking button 'checkout'.</msg>
<status status="PASS" starttime="20231012 13:55:33.639" endtime="20231012 13:55:33.705"/>
</kw>
<status status="PASS" starttime="20231012 13:55:33.638" endtime="20231012 13:55:33.705"/>
</kw>
<kw name="Enter Delivery details" library="Keywords">
<kw name="Input Text" library="SeleniumLibrary">
<arg>firstName</arg>
<arg>Demo</arg>
<doc>Types the given ``text`` into the text field identified by ``locator``.</doc>
<msg timestamp="20231012 13:55:33.707" level="INFO">Typing text 'Demo' into text field 'firstName'.</msg>
<status status="PASS" starttime="20231012 13:55:33.706" endtime="20231012 13:55:33.785"/>
</kw>
<kw name="Input Text" library="SeleniumLibrary">
<arg>lastName</arg>
<arg>assignment</arg>
<doc>Types the given ``text`` into the text field identified by ``locator``.</doc>
<msg timestamp="20231012 13:55:33.786" level="INFO">Typing text 'assignment' into text field 'lastName'.</msg>
<status status="PASS" starttime="20231012 13:55:33.785" endtime="20231012 13:55:33.884"/>
</kw>
<kw name="Input Text" library="SeleniumLibrary">
<arg>postalCode</arg>
<arg>4000011</arg>
<doc>Types the given ``text`` into the text field identified by ``locator``.</doc>
<msg timestamp="20231012 13:55:33.884" level="INFO">Typing text '4000011' into text field 'postalCode'.</msg>
<status status="PASS" starttime="20231012 13:55:33.884" endtime="20231012 13:55:33.968"/>
</kw>
<kw name="Click Button" library="SeleniumLibrary">
<arg>continue</arg>
<doc>Clicks the button identified by ``locator``.</doc>
<msg timestamp="20231012 13:55:33.969" level="INFO">Clicking button 'continue'.</msg>
<status status="PASS" starttime="20231012 13:55:33.969" endtime="20231012 13:55:34.038"/>
</kw>
<kw name="Sleep" library="BuiltIn">
<arg>2s</arg>
<doc>Pauses the test executed for the given time.</doc>
<msg timestamp="20231012 13:55:36.039" level="INFO">Slept 2 seconds</msg>
<status status="PASS" starttime="20231012 13:55:34.039" endtime="20231012 13:55:36.039"/>
</kw>
<status status="PASS" starttime="20231012 13:55:33.705" endtime="20231012 13:55:36.039"/>
</kw>
<kw name="finish button" library="Keywords">
<kw name="Click Button" library="SeleniumLibrary">
<arg>finish</arg>
<doc>Clicks the button identified by ``locator``.</doc>
<msg timestamp="20231012 13:55:36.040" level="INFO">Clicking button 'finish'.</msg>
<status status="PASS" starttime="20231012 13:55:36.040" endtime="20231012 13:55:36.101"/>
</kw>
<status status="PASS" starttime="20231012 13:55:36.039" endtime="20231012 13:55:36.101"/>
</kw>
<kw name="Back to homepage" library="Keywords">
<kw name="Click Button" library="SeleniumLibrary">
<arg>back-to-products</arg>
<doc>Clicks the button identified by ``locator``.</doc>
<msg timestamp="20231012 13:55:36.105" level="INFO">Clicking button 'back-to-products'.</msg>
<status status="PASS" starttime="20231012 13:55:36.104" endtime="20231012 13:55:41.181"/>
</kw>
<status status="PASS" starttime="20231012 13:55:36.104" endtime="20231012 13:55:41.181"/>
</kw>
<kw name="Close All Browsers" library="SeleniumLibrary">
<doc>Closes all open browsers and resets the browser cache.</doc>
<status status="PASS" starttime="20231012 13:55:41.181" endtime="20231012 13:55:41.628"/>
</kw>
<kw name="Close Browser" library="SeleniumLibrary" type="TEARDOWN">
<doc>Closes the current browser.</doc>
<status status="PASS" starttime="20231012 13:55:41.628" endtime="20231012 13:55:41.629"/>
</kw>
<doc>Add-to-cart-from-product-page-from-secret_performance_glitch_user</doc>
<status status="PASS" starttime="20231012 13:55:23.565" endtime="20231012 13:55:41.629"/>
</test>
<status status="PASS" starttime="20231012 13:55:23.560" endtime="20231012 13:55:41.629"/>
</suite>
<suite id="s1-s7" name="Add-to-cart-from-product-page-from-Standard user" source="/home/tushars/PycharmProjects/assign/login-suite/Standard_user-suite/Add-to-cart-from-product-page-from-Standard_user.robot">
<test id="s1-s7-t1" name="Add to cart from product page from Standard_user" line="8">
<kw name="Open Browser" library="SeleniumLibrary" type="SETUP">
<arg>browser=Chrome</arg>
<doc>Opens a new browser instance to the optional ``url``.</doc>
<msg timestamp="20231012 13:55:41.637" level="INFO">Opening browser 'Chrome' to base url 'None'.</msg>
<status status="PASS" starttime="20231012 13:55:41.637" endtime="20231012 13:55:43.269"/>
</kw>
<kw name="open login page" library="Keywords">
<kw name="Open Browser" library="SeleniumLibrary">
<arg>${URL}</arg>
<arg>${Browser}</arg>
<arg>${chromedriver}</arg>
<doc>Opens a new browser instance to the optional ``url``.</doc>
<msg timestamp="20231012 13:55:43.275" level="INFO">Opening browser 'Chrome' to base url 'https://www.saucedemo.com/'.</msg>
<status status="PASS" starttime="20231012 13:55:43.273" endtime="20231012 13:55:44.953"/>
</kw>
<status status="PASS" starttime="20231012 13:55:43.272" endtime="20231012 13:55:44.954"/>
</kw>
<kw name="sign in by standard_user" library="Keywords">
<kw name="open login page" library="Keywords">
<kw name="Open Browser" library="SeleniumLibrary">
<arg>${URL}</arg>
<arg>${Browser}</arg>
<arg>${chromedriver}</arg>
<doc>Opens a new browser instance to the optional ``url``.</doc>
<msg timestamp="20231012 13:55:44.958" level="INFO">Using existing browser from index 2.</msg>
<msg timestamp="20231012 13:55:44.958" level="INFO">Opening url 'https://www.saucedemo.com/'</msg>
<status status="PASS" starttime="20231012 13:55:44.956" endtime="20231012 13:55:45.038"/>
</kw>
<status status="PASS" starttime="20231012 13:55:44.956" endtime="20231012 13:55:45.039"/>
</kw>
<kw name="Input Text" library="SeleniumLibrary">
<arg>${username}</arg>
<arg>standard_user</arg>
<doc>Types the given ``text`` into the text field identified by ``locator``.</doc>
<msg timestamp="20231012 13:55:45.040" level="INFO">Typing text 'standard_user' into text field '//*[@id="user-name"]'.</msg>
<status status="PASS" starttime="20231012 13:55:45.039" endtime="20231012 13:55:45.217"/>
</kw>
<kw name="Input Text" library="SeleniumLibrary">
<arg>${password}</arg>
<arg>secret_sauce</arg>
<doc>Types the given ``text`` into the text field identified by ``locator``.</doc>
<msg timestamp="20231012 13:55:45.218" level="INFO">Typing text 'secret_sauce' into text field '//*[@id="password"]'.</msg>
<status status="PASS" starttime="20231012 13:55:45.218" endtime="20231012 13:55:45.444"/>
</kw>
<kw name="Click Button" library="SeleniumLibrary">
<arg>login-button</arg>
<doc>Clicks the button identified by ``locator``.</doc>
<msg timestamp="20231012 13:55:45.446" level="INFO">Clicking button 'login-button'.</msg>
<status status="PASS" starttime="20231012 13:55:45.445" endtime="20231012 13:55:45.638"/>
</kw>
<status status="PASS" starttime="20231012 13:55:44.955" endtime="20231012 13:55:45.638"/>
</kw>
<kw name="Add to cart from Product page" library="add-to-cart">
<kw name="Click Element" library="SeleniumLibrary">
<arg>//*[@id="item_4_title_link"]</arg>
<doc>Click the element identified by ``locator``.</doc>
<msg timestamp="20231012 13:55:45.640" level="INFO">Clicking element '//*[@id="item_4_title_link"]'.</msg>
<status status="PASS" starttime="20231012 13:55:45.639" endtime="20231012 13:55:45.785"/>
</kw>
<kw name="Click Button" library="SeleniumLibrary">
<arg>add-to-cart-sauce-labs-backpack</arg>
<doc>Clicks the button identified by ``locator``.</doc>
<msg timestamp="20231012 13:55:45.785" level="INFO">Clicking button 'add-to-cart-sauce-labs-backpack'.</msg>
<status status="PASS" starttime="20231012 13:55:45.785" endtime="20231012 13:55:45.878"/>
</kw>
<kw name="Sleep" library="BuiltIn">
<arg>1s</arg>
<doc>Pauses the test executed for the given time.</doc>
<msg timestamp="20231012 13:55:46.878" level="INFO">Slept 1 second</msg>
<status status="PASS" starttime="20231012 13:55:45.878" endtime="20231012 13:55:46.879"/>
</kw>
<status status="PASS" starttime="20231012 13:55:45.639" endtime="20231012 13:55:46.879"/>
</kw>
<kw name="check cart" library="Keywords">
<kw name="Click Element" library="SeleniumLibrary">
<arg>${cart_button}</arg>
<doc>Click the element identified by ``locator``.</doc>
<msg timestamp="20231012 13:55:46.880" level="INFO">Clicking element '//*[@id="shopping_cart_container"]'.</msg>
<status status="PASS" starttime="20231012 13:55:46.879" endtime="20231012 13:55:46.930"/>
</kw>
<status status="PASS" starttime="20231012 13:55:46.879" endtime="20231012 13:55:46.930"/>
</kw>
<kw name="Product checkout" library="Keywords">
<kw name="Click Button" library="SeleniumLibrary">
<arg>checkout</arg>
<doc>Clicks the button identified by ``locator``.</doc>
<msg timestamp="20231012 13:55:46.932" level="INFO">Clicking button 'checkout'.</msg>
<status status="PASS" starttime="20231012 13:55:46.931" endtime="20231012 13:55:47.001"/>
</kw>
<status status="PASS" starttime="20231012 13:55:46.930" endtime="20231012 13:55:47.002"/>
</kw>
<kw name="Enter Delivery details" library="Keywords">
<kw name="Input Text" library="SeleniumLibrary">
<arg>firstName</arg>
<arg>Demo</arg>
<doc>Types the given ``text`` into the text field identified by ``locator``.</doc>
<msg timestamp="20231012 13:55:47.003" level="INFO">Typing text 'Demo' into text field 'firstName'.</msg>
<status status="PASS" starttime="20231012 13:55:47.003" endtime="20231012 13:55:47.083"/>
</kw>
<kw name="Input Text" library="SeleniumLibrary">
<arg>lastName</arg>
<arg>assignment</arg>
<doc>Types the given ``text`` into the text field identified by ``locator``.</doc>
<msg timestamp="20231012 13:55:47.084" level="INFO">Typing text 'assignment' into text field 'lastName'.</msg>
<status status="PASS" starttime="20231012 13:55:47.083" endtime="20231012 13:55:47.185"/>
</kw>
<kw name="Input Text" library="SeleniumLibrary">
<arg>postalCode</arg>
<arg>4000011</arg>
<doc>Types the given ``text`` into the text field identified by ``locator``.</doc>
<msg timestamp="20231012 13:55:47.186" level="INFO">Typing text '4000011' into text field 'postalCode'.</msg>
<status status="PASS" starttime="20231012 13:55:47.185" endtime="20231012 13:55:47.269"/>
</kw>
<kw name="Click Button" library="SeleniumLibrary">
<arg>continue</arg>
<doc>Clicks the button identified by ``locator``.</doc>
<msg timestamp="20231012 13:55:47.270" level="INFO">Clicking button 'continue'.</msg>
<status status="PASS" starttime="20231012 13:55:47.269" endtime="20231012 13:55:47.328"/>
</kw>
<kw name="Sleep" library="BuiltIn">
<arg>2s</arg>
<doc>Pauses the test executed for the given time.</doc>
<msg timestamp="20231012 13:55:49.329" level="INFO">Slept 2 seconds</msg>
<status status="PASS" starttime="20231012 13:55:47.329" endtime="20231012 13:55:49.329"/>
</kw>
<status status="PASS" starttime="20231012 13:55:47.002" endtime="20231012 13:55:49.329"/>
</kw>
<kw name="finish button" library="Keywords">
<kw name="Click Button" library="SeleniumLibrary">
<arg>finish</arg>
<doc>Clicks the button identified by ``locator``.</doc>
<msg timestamp="20231012 13:55:49.331" level="INFO">Clicking button 'finish'.</msg>
<status status="PASS" starttime="20231012 13:55:49.330" endtime="20231012 13:55:49.398"/>
</kw>
<status status="PASS" starttime="20231012 13:55:49.330" endtime="20231012 13:55:49.398"/>
</kw>
<kw name="Back to homepage" library="Keywords">
<kw name="Click Button" library="SeleniumLibrary">
<arg>back-to-products</arg>
<doc>Clicks the button identified by ``locator``.</doc>
<msg timestamp="20231012 13:55:49.400" level="INFO">Clicking button 'back-to-products'.</msg>
<status status="PASS" starttime="20231012 13:55:49.399" endtime="20231012 13:55:49.472"/>
</kw>
<status status="PASS" starttime="20231012 13:55:49.399" endtime="20231012 13:55:49.472"/>
</kw>
<kw name="Close All Browsers" library="SeleniumLibrary">
<doc>Closes all open browsers and resets the browser cache.</doc>
<status status="PASS" starttime="20231012 13:55:49.473" endtime="20231012 13:55:49.605"/>
</kw>
<kw name="Close Browser" library="SeleniumLibrary" type="TEARDOWN">
<doc>Closes the current browser.</doc>
<status status="PASS" starttime="20231012 13:55:49.606" endtime="20231012 13:55:49.606"/>
</kw>
<doc>Add to cart from product page from Standard_user</doc>
<status status="PASS" starttime="20231012 13:55:41.636" endtime="20231012 13:55:49.606"/>
</test>
<status status="PASS" starttime="20231012 13:55:41.630" endtime="20231012 13:55:49.607"/>
</suite>
<suite id="s1-s8" name="Add-to-cart-from-productpage-remove-from-Cart-page" source="/home/tushars/PycharmProjects/assign/login-suite/Standard_user-suite/Add-to-cart-from-productpage-remove-from-Cart-page.robot">
<test id="s1-s8-t1" name="Add-to-cart-from-productpage-remove-from-Cart-page" line="11">
<kw name="Open Browser" library="SeleniumLibrary" type="SETUP">
<arg>browser=Chrome</arg>
<doc>Opens a new browser instance to the optional ``url``.</doc>
<msg timestamp="20231012 13:55:49.612" level="INFO">Opening browser 'Chrome' to base url 'None'.</msg>
<status status="PASS" starttime="20231012 13:55:49.612" endtime="20231012 13:55:50.830"/>
</kw>
<kw name="sign in by standard_user" library="Keywords">
<kw name="open login page" library="Keywords">
<kw name="Open Browser" library="SeleniumLibrary">
<arg>${URL}</arg>
<arg>${Browser}</arg>
<arg>${chromedriver}</arg>
<doc>Opens a new browser instance to the optional ``url``.</doc>
<msg timestamp="20231012 13:55:50.831" level="INFO">Opening browser 'Chrome' to base url 'https://www.saucedemo.com/'.</msg>
<status status="PASS" starttime="20231012 13:55:50.830" endtime="20231012 13:55:52.540"/>
</kw>
<status status="PASS" starttime="20231012 13:55:50.830" endtime="20231012 13:55:52.540"/>
</kw>
<kw name="Input Text" library="SeleniumLibrary">
<arg>${username}</arg>
<arg>standard_user</arg>
<doc>Types the given ``text`` into the text field identified by ``locator``.</doc>
<msg timestamp="20231012 13:55:52.541" level="INFO">Typing text 'standard_user' into text field '//*[@id="user-name"]'.</msg>
<status status="PASS" starttime="20231012 13:55:52.540" endtime="20231012 13:55:52.708"/>
</kw>
<kw name="Input Text" library="SeleniumLibrary">
<arg>${password}</arg>
<arg>secret_sauce</arg>
<doc>Types the given ``text`` into the text field identified by ``locator``.</doc>
<msg timestamp="20231012 13:55:52.709" level="INFO">Typing text 'secret_sauce' into text field '//*[@id="password"]'.</msg>
<status status="PASS" starttime="20231012 13:55:52.708" endtime="20231012 13:55:52.869"/>
</kw>
<kw name="Click Button" library="SeleniumLibrary">
<arg>login-button</arg>
<doc>Clicks the button identified by ``locator``.</doc>
<msg timestamp="20231012 13:55:52.871" level="INFO">Clicking button 'login-button'.</msg>
<status status="PASS" starttime="20231012 13:55:52.870" endtime="20231012 13:55:53.027"/>
</kw>
<status status="PASS" starttime="20231012 13:55:50.830" endtime="20231012 13:55:53.027"/>
</kw>
<kw name="Add to cart from Product page" library="add-to-cart">
<kw name="Click Element" library="SeleniumLibrary">
<arg>//*[@id="item_4_title_link"]</arg>
<doc>Click the element identified by ``locator``.</doc>
<msg timestamp="20231012 13:55:53.029" level="INFO">Clicking element '//*[@id="item_4_title_link"]'.</msg>
<status status="PASS" starttime="20231012 13:55:53.028" endtime="20231012 13:55:53.174"/>
</kw>
<kw name="Click Button" library="SeleniumLibrary">
<arg>add-to-cart-sauce-labs-backpack</arg>
<doc>Clicks the button identified by ``locator``.</doc>
<msg timestamp="20231012 13:55:53.175" level="INFO">Clicking button 'add-to-cart-sauce-labs-backpack'.</msg>
<status status="PASS" starttime="20231012 13:55:53.174" endtime="20231012 13:55:53.282"/>
</kw>
<kw name="Sleep" library="BuiltIn">
<arg>1s</arg>
<doc>Pauses the test executed for the given time.</doc>
<msg timestamp="20231012 13:55:54.283" level="INFO">Slept 1 second</msg>
<status status="PASS" starttime="20231012 13:55:53.283" endtime="20231012 13:55:54.283"/>
</kw>
<status status="PASS" starttime="20231012 13:55:53.028" endtime="20231012 13:55:54.283"/>
</kw>
<kw name="check cart" library="Keywords">
<kw name="Click Element" library="SeleniumLibrary">
<arg>${cart_button}</arg>
<doc>Click the element identified by ``locator``.</doc>
<msg timestamp="20231012 13:55:54.285" level="INFO">Clicking element '//*[@id="shopping_cart_container"]'.</msg>
<status status="PASS" starttime="20231012 13:55:54.284" endtime="20231012 13:55:54.332"/>
</kw>
<status status="PASS" starttime="20231012 13:55:54.284" endtime="20231012 13:55:54.332"/>
</kw>
<kw name="Sleep" library="BuiltIn">
<arg>2s</arg>
<doc>Pauses the test executed for the given time.</doc>
<msg timestamp="20231012 13:55:56.333" level="INFO">Slept 2 seconds</msg>
<status status="PASS" starttime="20231012 13:55:54.332" endtime="20231012 13:55:56.333"/>
</kw>
<kw name="remove from cart" library="Keywords">
<kw name="Click Button" library="SeleniumLibrary">
<arg>Remove</arg>
<doc>Clicks the button identified by ``locator``.</doc>
<msg timestamp="20231012 13:55:56.335" level="INFO">Clicking button 'Remove'.</msg>
<status status="PASS" starttime="20231012 13:55:56.334" endtime="20231012 13:55:56.386"/>
</kw>
<status status="PASS" starttime="20231012 13:55:56.334" endtime="20231012 13:55:56.386"/>
</kw>
<kw name="Close Browser" library="SeleniumLibrary" type="TEARDOWN">
<doc>Closes the current browser.</doc>
<status status="PASS" starttime="20231012 13:55:56.386" endtime="20231012 13:55:56.451"/>
</kw>
<doc>Add-to-cart-from-productpage-remove-from-Cart-page</doc>
<status status="PASS" starttime="20231012 13:55:49.611" endtime="20231012 13:55:56.452"/>
</test>
<status status="PASS" starttime="20231012 13:55:49.608" endtime="20231012 13:55:56.452"/>
</suite>
<suite id="s1-s9" name="Add-to-cart-from-productpage-remove-from-homepage" source="/home/tushars/PycharmProjects/assign/login-suite/Standard_user-suite/Add-to-cart-from-productpage-remove-from-homepage.robot">
<test id="s1-s9-t1" name="Add-to-cart-from-productpage-remove-from-homepage" line="11">
<kw name="Open Browser" library="SeleniumLibrary" type="SETUP">
<arg>browser=Chrome</arg>
<doc>Opens a new browser instance to the optional ``url``.</doc>
<msg timestamp="20231012 13:55:56.458" level="INFO">Opening browser 'Chrome' to base url 'None'.</msg>
<status status="PASS" starttime="20231012 13:55:56.458" endtime="20231012 13:55:57.598"/>
</kw>
<kw name="sign in by standard_user" library="Keywords">
<kw name="open login page" library="Keywords">
<kw name="Open Browser" library="SeleniumLibrary">
<arg>${URL}</arg>
<arg>${Browser}</arg>
<arg>${chromedriver}</arg>
<doc>Opens a new browser instance to the optional ``url``.</doc>
<msg timestamp="20231012 13:55:57.601" level="INFO">Opening browser 'Chrome' to base url 'https://www.saucedemo.com/'.</msg>
<status status="PASS" starttime="20231012 13:55:57.600" endtime="20231012 13:55:59.201"/>
</kw>
<status status="PASS" starttime="20231012 13:55:57.599" endtime="20231012 13:55:59.201"/>
</kw>
<kw name="Input Text" library="SeleniumLibrary">
<arg>${username}</arg>
<arg>standard_user</arg>
<doc>Types the given ``text`` into the text field identified by ``locator``.</doc>
<msg timestamp="20231012 13:55:59.202" level="INFO">Typing text 'standard_user' into text field '//*[@id="user-name"]'.</msg>
<status status="PASS" starttime="20231012 13:55:59.202" endtime="20231012 13:55:59.443"/>
</kw>
<kw name="Input Text" library="SeleniumLibrary">
<arg>${password}</arg>
<arg>secret_sauce</arg>
<doc>Types the given ``text`` into the text field identified by ``locator``.</doc>
<msg timestamp="20231012 13:55:59.444" level="INFO">Typing text 'secret_sauce' into text field '//*[@id="password"]'.</msg>
<status status="PASS" starttime="20231012 13:55:59.443" endtime="20231012 13:55:59.639"/>
</kw>
<kw name="Click Button" library="SeleniumLibrary">
<arg>login-button</arg>
<doc>Clicks the button identified by ``locator``.</doc>
<msg timestamp="20231012 13:55:59.640" level="INFO">Clicking button 'login-button'.</msg>
<status status="PASS" starttime="20231012 13:55:59.639" endtime="20231012 13:55:59.856"/>
</kw>
<status status="PASS" starttime="20231012 13:55:57.599" endtime="20231012 13:55:59.856"/>
</kw>
<kw name="Add to cart from Product page" library="add-to-cart">
<kw name="Click Element" library="SeleniumLibrary">
<arg>//*[@id="item_4_title_link"]</arg>
<doc>Click the element identified by ``locator``.</doc>
<msg timestamp="20231012 13:55:59.858" level="INFO">Clicking element '//*[@id="item_4_title_link"]'.</msg>
<status status="PASS" starttime="20231012 13:55:59.857" endtime="20231012 13:56:00.003"/>
</kw>
<kw name="Click Button" library="SeleniumLibrary">
<arg>add-to-cart-sauce-labs-backpack</arg>
<doc>Clicks the button identified by ``locator``.</doc>
<msg timestamp="20231012 13:56:00.004" level="INFO">Clicking button 'add-to-cart-sauce-labs-backpack'.</msg>
<status status="PASS" starttime="20231012 13:56:00.003" endtime="20231012 13:56:00.087"/>
</kw>
<kw name="Sleep" library="BuiltIn">
<arg>1s</arg>
<doc>Pauses the test executed for the given time.</doc>
<msg timestamp="20231012 13:56:01.088" level="INFO">Slept 1 second</msg>
<status status="PASS" starttime="20231012 13:56:00.088" endtime="20231012 13:56:01.088"/>
</kw>
<status status="PASS" starttime="20231012 13:55:59.856" endtime="20231012 13:56:01.088"/>
</kw>
<kw name="Back to homepage" library="Keywords">
<kw name="Click Button" library="SeleniumLibrary">
<arg>back-to-products</arg>
<doc>Clicks the button identified by ``locator``.</doc>
<msg timestamp="20231012 13:56:01.090" level="INFO">Clicking button 'back-to-products'.</msg>
<status status="PASS" starttime="20231012 13:56:01.089" endtime="20231012 13:56:01.158"/>
</kw>
<status status="PASS" starttime="20231012 13:56:01.088" endtime="20231012 13:56:01.158"/>
</kw>
<kw name="Sleep" library="BuiltIn">
<arg>2s</arg>
<doc>Pauses the test executed for the given time.</doc>
<msg timestamp="20231012 13:56:03.159" level="INFO">Slept 2 seconds</msg>
<status status="PASS" starttime="20231012 13:56:01.158" endtime="20231012 13:56:03.159"/>
</kw>
<kw name="remove from cart" library="Keywords">
<kw name="Click Button" library="SeleniumLibrary">
<arg>Remove</arg>
<doc>Clicks the button identified by ``locator``.</doc>
<msg timestamp="20231012 13:56:03.161" level="INFO">Clicking button 'Remove'.</msg>
<status status="PASS" starttime="20231012 13:56:03.160" endtime="20231012 13:56:03.215"/>
</kw>
<status status="PASS" starttime="20231012 13:56:03.160" endtime="20231012 13:56:03.215"/>
</kw>
<kw name="Close Browser" library="SeleniumLibrary" type="TEARDOWN">
<doc>Closes the current browser.</doc>
<status status="PASS" starttime="20231012 13:56:03.215" endtime="20231012 13:56:03.284"/>
</kw>
<doc>Add-to-cart-from-productpage-remove-from-homepage</doc>
<status status="PASS" starttime="20231012 13:55:56.457" endtime="20231012 13:56:03.284"/>
</test>
<status status="PASS" starttime="20231012 13:55:56.454" endtime="20231012 13:56:03.285"/>
</suite>
<suite id="s1-s10" name="Add-to-cart-homepage-and-remove-from-product" source="/home/tushars/PycharmProjects/assign/login-suite/Standard_user-suite/Add-to-cart-homepage-and-remove-from-product.robot">
<test id="s1-s10-t1" name="Add-to-cart-homepage-and-remove-from-product" line="8">
<kw name="Open Browser" library="SeleniumLibrary" type="SETUP">
<arg>browser=Chrome</arg>
<doc>Opens a new browser instance to the optional ``url``.</doc>
<msg timestamp="20231012 13:56:03.291" level="INFO">Opening browser 'Chrome' to base url 'None'.</msg>
<status status="PASS" starttime="20231012 13:56:03.291" endtime="20231012 13:56:04.645"/>
</kw>
<kw name="sign in by standard_user" library="Keywords">
<kw name="open login page" library="Keywords">
<kw name="Open Browser" library="SeleniumLibrary">
<arg>${URL}</arg>
<arg>${Browser}</arg>
<arg>${chromedriver}</arg>
<doc>Opens a new browser instance to the optional ``url``.</doc>
<msg timestamp="20231012 13:56:04.647" level="INFO">Opening browser 'Chrome' to base url 'https://www.saucedemo.com/'.</msg>
<status status="PASS" starttime="20231012 13:56:04.646" endtime="20231012 13:56:06.195"/>
</kw>
<status status="PASS" starttime="20231012 13:56:04.646" endtime="20231012 13:56:06.195"/>
</kw>
<kw name="Input Text" library="SeleniumLibrary">
<arg>${username}</arg>
<arg>standard_user</arg>
<doc>Types the given ``text`` into the text field identified by ``locator``.</doc>
<msg timestamp="20231012 13:56:06.197" level="INFO">Typing text 'standard_user' into text field '//*[@id="user-name"]'.</msg>
<status status="PASS" starttime="20231012 13:56:06.196" endtime="20231012 13:56:06.462"/>
</kw>
<kw name="Input Text" library="SeleniumLibrary">
<arg>${password}</arg>
<arg>secret_sauce</arg>
<doc>Types the given ``text`` into the text field identified by ``locator``.</doc>
<msg timestamp="20231012 13:56:06.465" level="INFO">Typing text 'secret_sauce' into text field '//*[@id="password"]'.</msg>
<status status="PASS" starttime="20231012 13:56:06.463" endtime="20231012 13:56:06.686"/>
</kw>
<kw name="Click Button" library="SeleniumLibrary">
<arg>login-button</arg>
<doc>Clicks the button identified by ``locator``.</doc>
<msg timestamp="20231012 13:56:06.687" level="INFO">Clicking button 'login-button'.</msg>
<status status="PASS" starttime="20231012 13:56:06.687" endtime="20231012 13:56:06.886"/>
</kw>
<status status="PASS" starttime="20231012 13:56:04.646" endtime="20231012 13:56:06.886"/>
</kw>
<kw name="Add to cart from homepage" library="add-to-cart">
<kw name="Click Button" library="SeleniumLibrary">
<arg>add-to-cart-sauce-labs-backpack</arg>
<doc>Clicks the button identified by ``locator``.</doc>
<msg timestamp="20231012 13:56:06.887" level="INFO">Clicking button 'add-to-cart-sauce-labs-backpack'.</msg>
<status status="PASS" starttime="20231012 13:56:06.886" endtime="20231012 13:56:07.018"/>
</kw>
<kw name="Sleep" library="BuiltIn">
<arg>1s</arg>
<doc>Pauses the test executed for the given time.</doc>
<msg timestamp="20231012 13:56:08.018" level="INFO">Slept 1 second</msg>
<status status="PASS" starttime="20231012 13:56:07.018" endtime="20231012 13:56:08.018"/>
</kw>
<status status="PASS" starttime="20231012 13:56:06.886" endtime="20231012 13:56:08.018"/>
</kw>
<kw name="Sleep" library="BuiltIn">
<arg>1s</arg>
<doc>Pauses the test executed for the given time.</doc>
<msg timestamp="20231012 13:56:09.019" level="INFO">Slept 1 second</msg>
<status status="PASS" starttime="20231012 13:56:08.019" endtime="20231012 13:56:09.019"/>
</kw>
<kw name="open product" library="add-to-cart">
<kw name="Click Element" library="SeleniumLibrary">
<arg>//*[@id="item_4_title_link"]</arg>
<doc>Click the element identified by ``locator``.</doc>
<msg timestamp="20231012 13:56:09.021" level="INFO">Clicking element '//*[@id="item_4_title_link"]'.</msg>
<status status="PASS" starttime="20231012 13:56:09.020" endtime="20231012 13:56:09.069"/>
</kw>
<status status="PASS" starttime="20231012 13:56:09.020" endtime="20231012 13:56:09.070"/>
</kw>
<kw name="Sleep" library="BuiltIn">
<arg>1s</arg>
<doc>Pauses the test executed for the given time.</doc>
<msg timestamp="20231012 13:56:10.070" level="INFO">Slept 1 second</msg>
<status status="PASS" starttime="20231012 13:56:09.070" endtime="20231012 13:56:10.070"/>
</kw>
<kw name="remove from cart" library="Keywords">
<kw name="Click Button" library="SeleniumLibrary">
<arg>Remove</arg>
<doc>Clicks the button identified by ``locator``.</doc>
<msg timestamp="20231012 13:56:10.072" level="INFO">Clicking button 'Remove'.</msg>
<status status="PASS" starttime="20231012 13:56:10.071" endtime="20231012 13:56:10.153"/>
</kw>
<status status="PASS" starttime="20231012 13:56:10.071" endtime="20231012 13:56:10.153"/>
</kw>
<kw name="Close Browser" library="SeleniumLibrary" type="TEARDOWN">
<doc>Closes the current browser.</doc>
<status status="PASS" starttime="20231012 13:56:10.154" endtime="20231012 13:56:10.220"/>
</kw>
<doc>Add-to-cart-homepage-and-remove-from-product</doc>
<status status="PASS" starttime="20231012 13:56:03.290" endtime="20231012 13:56:10.221"/>
</test>
<status status="PASS" starttime="20231012 13:56:03.287" endtime="20231012 13:56:10.221"/>
</suite>
<suite id="s1-s11" name="Cancel-From-Checkout-Page" source="/home/tushars/PycharmProjects/assign/login-suite/Standard_user-suite/cancel-from-checkout-page.robot">
<test id="s1-s11-t1" name="cancel-from-checkout-page" line="8">
<kw name="Open Browser" library="SeleniumLibrary" type="SETUP">
<arg>browser=Chrome</arg>
<doc>Opens a new browser instance to the optional ``url``.</doc>
<msg timestamp="20231012 13:56:10.230" level="INFO">Opening browser 'Chrome' to base url 'None'.</msg>
<status status="PASS" starttime="20231012 13:56:10.229" endtime="20231012 13:56:11.572"/>
</kw>
<kw name="open login page" library="Keywords">
<kw name="Open Browser" library="SeleniumLibrary">
<arg>${URL}</arg>
<arg>${Browser}</arg>
<arg>${chromedriver}</arg>
<doc>Opens a new browser instance to the optional ``url``.</doc>
<msg timestamp="20231012 13:56:11.576" level="INFO">Opening browser 'Chrome' to base url 'https://www.saucedemo.com/'.</msg>
<status status="PASS" starttime="20231012 13:56:11.574" endtime="20231012 13:56:13.124"/>
</kw>
<status status="PASS" starttime="20231012 13:56:11.572" endtime="20231012 13:56:13.124"/>
</kw>
<kw name="sign in by standard_user" library="Keywords">
<kw name="open login page" library="Keywords">
<kw name="Open Browser" library="SeleniumLibrary">
<arg>${URL}</arg>
<arg>${Browser}</arg>
<arg>${chromedriver}</arg>
<doc>Opens a new browser instance to the optional ``url``.</doc>
<msg timestamp="20231012 13:56:13.131" level="INFO">Using existing browser from index 8.</msg>
<msg timestamp="20231012 13:56:13.131" level="INFO">Opening url 'https://www.saucedemo.com/'</msg>
<status status="PASS" starttime="20231012 13:56:13.130" endtime="20231012 13:56:13.261"/>
</kw>
<status status="PASS" starttime="20231012 13:56:13.129" endtime="20231012 13:56:13.262"/>
</kw>
<kw name="Input Text" library="SeleniumLibrary">
<arg>${username}</arg>
<arg>standard_user</arg>
<doc>Types the given ``text`` into the text field identified by ``locator``.</doc>
<msg timestamp="20231012 13:56:13.263" level="INFO">Typing text 'standard_user' into text field '//*[@id="user-name"]'.</msg>
<status status="PASS" starttime="20231012 13:56:13.262" endtime="20231012 13:56:13.506"/>
</kw>
<kw name="Input Text" library="SeleniumLibrary">
<arg>${password}</arg>
<arg>secret_sauce</arg>
<doc>Types the given ``text`` into the text field identified by ``locator``.</doc>
<msg timestamp="20231012 13:56:13.507" level="INFO">Typing text 'secret_sauce' into text field '//*[@id="password"]'.</msg>
<status status="PASS" starttime="20231012 13:56:13.506" endtime="20231012 13:56:13.685"/>
</kw>
<kw name="Click Button" library="SeleniumLibrary">
<arg>login-button</arg>
<doc>Clicks the button identified by ``locator``.</doc>
<msg timestamp="20231012 13:56:13.685" level="INFO">Clicking button 'login-button'.</msg>
<status status="PASS" starttime="20231012 13:56:13.685" endtime="20231012 13:56:13.892"/>
</kw>
<status status="PASS" starttime="20231012 13:56:13.125" endtime="20231012 13:56:13.892"/>
</kw>
<kw name="Add to cart from Product page" library="add-to-cart">
<kw name="Click Element" library="SeleniumLibrary">
<arg>//*[@id="item_4_title_link"]</arg>
<doc>Click the element identified by ``locator``.</doc>
<msg timestamp="20231012 13:56:13.893" level="INFO">Clicking element '//*[@id="item_4_title_link"]'.</msg>
<status status="PASS" starttime="20231012 13:56:13.892" endtime="20231012 13:56:14.003"/>
</kw>
<kw name="Click Button" library="SeleniumLibrary">
<arg>add-to-cart-sauce-labs-backpack</arg>
<doc>Clicks the button identified by ``locator``.</doc>
<msg timestamp="20231012 13:56:14.005" level="INFO">Clicking button 'add-to-cart-sauce-labs-backpack'.</msg>
<status status="PASS" starttime="20231012 13:56:14.004" endtime="20231012 13:56:14.100"/>
</kw>
<kw name="Sleep" library="BuiltIn">
<arg>1s</arg>
<doc>Pauses the test executed for the given time.</doc>
<msg timestamp="20231012 13:56:15.101" level="INFO">Slept 1 second</msg>
<status status="PASS" starttime="20231012 13:56:14.100" endtime="20231012 13:56:15.101"/>
</kw>
<status status="PASS" starttime="20231012 13:56:13.892" endtime="20231012 13:56:15.101"/>
</kw>
<kw name="check cart" library="Keywords">
<kw name="Click Element" library="SeleniumLibrary">
<arg>${cart_button}</arg>
<doc>Click the element identified by ``locator``.</doc>
<msg timestamp="20231012 13:56:15.102" level="INFO">Clicking element '//*[@id="shopping_cart_container"]'.</msg>
<status status="PASS" starttime="20231012 13:56:15.102" endtime="20231012 13:56:15.150"/>
</kw>
<status status="PASS" starttime="20231012 13:56:15.101" endtime="20231012 13:56:15.151"/>
</kw>
<kw name="Product checkout" library="Keywords">
<kw name="Click Button" library="SeleniumLibrary">
<arg>checkout</arg>
<doc>Clicks the button identified by ``locator``.</doc>
<msg timestamp="20231012 13:56:15.152" level="INFO">Clicking button 'checkout'.</msg>
<status status="PASS" starttime="20231012 13:56:15.151" endtime="20231012 13:56:15.214"/>
</kw>
<status status="PASS" starttime="20231012 13:56:15.151" endtime="20231012 13:56:15.214"/>
</kw>
<kw name="Enter Delivery details" library="Keywords">
<kw name="Input Text" library="SeleniumLibrary">
<arg>firstName</arg>
<arg>Demo</arg>
<doc>Types the given ``text`` into the text field identified by ``locator``.</doc>
<msg timestamp="20231012 13:56:15.215" level="INFO">Typing text 'Demo' into text field 'firstName'.</msg>
<status status="PASS" starttime="20231012 13:56:15.215" endtime="20231012 13:56:15.296"/>
</kw>
<kw name="Input Text" library="SeleniumLibrary">
<arg>lastName</arg>
<arg>assignment</arg>
<doc>Types the given ``text`` into the text field identified by ``locator``.</doc>
<msg timestamp="20231012 13:56:15.297" level="INFO">Typing text 'assignment' into text field 'lastName'.</msg>
<status status="PASS" starttime="20231012 13:56:15.296" endtime="20231012 13:56:15.396"/>
</kw>
<kw name="Input Text" library="SeleniumLibrary">
<arg>postalCode</arg>
<arg>4000011</arg>
<doc>Types the given ``text`` into the text field identified by ``locator``.</doc>
<msg timestamp="20231012 13:56:15.396" level="INFO">Typing text '4000011' into text field 'postalCode'.</msg>
<status status="PASS" starttime="20231012 13:56:15.396" endtime="20231012 13:56:15.482"/>
</kw>
<kw name="Click Button" library="SeleniumLibrary">
<arg>continue</arg>
<doc>Clicks the button identified by ``locator``.</doc>
<msg timestamp="20231012 13:56:15.482" level="INFO">Clicking button 'continue'.</msg>
<status status="PASS" starttime="20231012 13:56:15.482" endtime="20231012 13:56:15.543"/>
</kw>
<kw name="Sleep" library="BuiltIn">
<arg>2s</arg>
<doc>Pauses the test executed for the given time.</doc>
<msg timestamp="20231012 13:56:17.544" level="INFO">Slept 2 seconds</msg>
<status status="PASS" starttime="20231012 13:56:15.543" endtime="20231012 13:56:17.544"/>
</kw>
<status status="PASS" starttime="20231012 13:56:15.214" endtime="20231012 13:56:17.544"/>
</kw>
<kw name=" cancel button" library="Keywords">
<kw name="Click Button" library="SeleniumLibrary">
<arg>cancel</arg>
<doc>Clicks the button identified by ``locator``.</doc>
<msg timestamp="20231012 13:56:17.546" level="INFO">Clicking button 'cancel'.</msg>
<status status="PASS" starttime="20231012 13:56:17.545" endtime="20231012 13:56:17.613"/>
</kw>
<status status="PASS" starttime="20231012 13:56:17.545" endtime="20231012 13:56:17.614"/>
</kw>
<kw name="Close Browser" library="SeleniumLibrary" type="TEARDOWN">
<doc>Closes the current browser.</doc>
<status status="PASS" starttime="20231012 13:56:17.614" endtime="20231012 13:56:17.683"/>
</kw>
<doc>cancel-from-checkout-page</doc>
<status status="PASS" starttime="20231012 13:56:10.229" endtime="20231012 13:56:17.683"/>
</test>
<status status="PASS" starttime="20231012 13:56:10.224" endtime="20231012 13:56:17.683"/>
</suite>
<suite id="s1-s12" name="Delivery-Details-Firstname-Validation-Check" source="/home/tushars/PycharmProjects/assign/login-suite/Standard_user-suite/delivery-details-firstname-validation-check.robot">
<test id="s1-s12-t1" name="delivery-details-firstname-validation-check" line="8">
<kw name="Open Browser" library="SeleniumLibrary" type="SETUP">
<arg>browser=Chrome</arg>
<doc>Opens a new browser instance to the optional ``url``.</doc>
<msg timestamp="20231012 13:56:17.689" level="INFO">Opening browser 'Chrome' to base url 'None'.</msg>
<status status="PASS" starttime="20231012 13:56:17.688" endtime="20231012 13:56:18.931"/>
</kw>
<kw name="open login page" library="Keywords">
<kw name="Open Browser" library="SeleniumLibrary">
<arg>${URL}</arg>
<arg>${Browser}</arg>
<arg>${chromedriver}</arg>
<doc>Opens a new browser instance to the optional ``url``.</doc>
<msg timestamp="20231012 13:56:18.933" level="INFO">Opening browser 'Chrome' to base url 'https://www.saucedemo.com/'.</msg>
<status status="PASS" starttime="20231012 13:56:18.932" endtime="20231012 13:56:20.685"/>
</kw>
<status status="PASS" starttime="20231012 13:56:18.932" endtime="20231012 13:56:20.685"/>
</kw>
<kw name="sign in by standard_user" library="Keywords">
<kw name="open login page" library="Keywords">
<kw name="Open Browser" library="SeleniumLibrary">
<arg>${URL}</arg>
<arg>${Browser}</arg>
<arg>${chromedriver}</arg>
<doc>Opens a new browser instance to the optional ``url``.</doc>
<msg timestamp="20231012 13:56:20.688" level="INFO">Using existing browser from index 10.</msg>
<msg timestamp="20231012 13:56:20.688" level="INFO">Opening url 'https://www.saucedemo.com/'</msg>
<status status="PASS" starttime="20231012 13:56:20.686" endtime="20231012 13:56:20.782"/>
</kw>
<status status="PASS" starttime="20231012 13:56:20.686" endtime="20231012 13:56:20.782"/>
</kw>
<kw name="Input Text" library="SeleniumLibrary">
<arg>${username}</arg>
<arg>standard_user</arg>
<doc>Types the given ``text`` into the text field identified by ``locator``.</doc>
<msg timestamp="20231012 13:56:20.783" level="INFO">Typing text 'standard_user' into text field '//*[@id="user-name"]'.</msg>
<status status="PASS" starttime="20231012 13:56:20.782" endtime="20231012 13:56:20.996"/>
</kw>
<kw name="Input Text" library="SeleniumLibrary">
<arg>${password}</arg>
<arg>secret_sauce</arg>
<doc>Types the given ``text`` into the text field identified by ``locator``.</doc>
<msg timestamp="20231012 13:56:20.997" level="INFO">Typing text 'secret_sauce' into text field '//*[@id="password"]'.</msg>
<status status="PASS" starttime="20231012 13:56:20.996" endtime="20231012 13:56:21.177"/>
</kw>
<kw name="Click Button" library="SeleniumLibrary">
<arg>login-button</arg>
<doc>Clicks the button identified by ``locator``.</doc>
<msg timestamp="20231012 13:56:21.178" level="INFO">Clicking button 'login-button'.</msg>
<status status="PASS" starttime="20231012 13:56:21.177" endtime="20231012 13:56:21.363"/>
</kw>
<status status="PASS" starttime="20231012 13:56:20.685" endtime="20231012 13:56:21.363"/>
</kw>
<kw name="Add to cart from Product page" library="add-to-cart">
<kw name="Click Element" library="SeleniumLibrary">
<arg>//*[@id="item_4_title_link"]</arg>
<doc>Click the element identified by ``locator``.</doc>
<msg timestamp="20231012 13:56:21.366" level="INFO">Clicking element '//*[@id="item_4_title_link"]'.</msg>
<status status="PASS" starttime="20231012 13:56:21.365" endtime="20231012 13:56:21.483"/>
</kw>
<kw name="Click Button" library="SeleniumLibrary">
<arg>add-to-cart-sauce-labs-backpack</arg>
<doc>Clicks the button identified by ``locator``.</doc>
<msg timestamp="20231012 13:56:21.484" level="INFO">Clicking button 'add-to-cart-sauce-labs-backpack'.</msg>
<status status="PASS" starttime="20231012 13:56:21.483" endtime="20231012 13:56:21.569"/>
</kw>
<kw name="Sleep" library="BuiltIn">
<arg>1s</arg>
<doc>Pauses the test executed for the given time.</doc>
<msg timestamp="20231012 13:56:22.570" level="INFO">Slept 1 second</msg>
<status status="PASS" starttime="20231012 13:56:21.570" endtime="20231012 13:56:22.570"/>
</kw>
<status status="PASS" starttime="20231012 13:56:21.364" endtime="20231012 13:56:22.570"/>
</kw>
<kw name="check cart" library="Keywords">
<kw name="Click Element" library="SeleniumLibrary">
<arg>${cart_button}</arg>
<doc>Click the element identified by ``locator``.</doc>
<msg timestamp="20231012 13:56:22.572" level="INFO">Clicking element '//*[@id="shopping_cart_container"]'.</msg>
<status status="PASS" starttime="20231012 13:56:22.571" endtime="20231012 13:56:22.622"/>
</kw>
<status status="PASS" starttime="20231012 13:56:22.571" endtime="20231012 13:56:22.622"/>
</kw>
<kw name="Product checkout" library="Keywords">
<kw name="Click Button" library="SeleniumLibrary">
<arg>checkout</arg>
<doc>Clicks the button identified by ``locator``.</doc>
<msg timestamp="20231012 13:56:22.623" level="INFO">Clicking button 'checkout'.</msg>
<status status="PASS" starttime="20231012 13:56:22.623" endtime="20231012 13:56:22.683"/>
</kw>
<status status="PASS" starttime="20231012 13:56:22.622" endtime="20231012 13:56:22.683"/>
</kw>
<kw name=" Enter Delivery details without firstname" library="Keywords">
<kw name="Input Text" library="SeleniumLibrary">
<arg>lastName</arg>
<arg>assignment</arg>
<doc>Types the given ``text`` into the text field identified by ``locator``.</doc>
<msg timestamp="20231012 13:56:22.684" level="INFO">Typing text 'assignment' into text field 'lastName'.</msg>
<status status="PASS" starttime="20231012 13:56:22.684" endtime="20231012 13:56:22.797"/>
</kw>
<kw name="Input Text" library="SeleniumLibrary">
<arg>postalCode</arg>
<arg>4000011</arg>
<doc>Types the given ``text`` into the text field identified by ``locator``.</doc>
<msg timestamp="20231012 13:56:22.798" level="INFO">Typing text '4000011' into text field 'postalCode'.</msg>
<status status="PASS" starttime="20231012 13:56:22.797" endtime="20231012 13:56:22.884"/>
</kw>
<kw name="Click Button" library="SeleniumLibrary">
<arg>continue</arg>
<doc>Clicks the button identified by ``locator``.</doc>
<msg timestamp="20231012 13:56:22.885" level="INFO">Clicking button 'continue'.</msg>
<status status="PASS" starttime="20231012 13:56:22.884" endtime="20231012 13:56:22.944"/>
</kw>
<kw name="Sleep" library="BuiltIn">
<arg>2s</arg>
<doc>Pauses the test executed for the given time.</doc>
<msg timestamp="20231012 13:56:24.945" level="INFO">Slept 2 seconds</msg>
<status status="PASS" starttime="20231012 13:56:22.944" endtime="20231012 13:56:24.945"/>
</kw>
<kw name="Wait Until Element Is Enabled" library="SeleniumLibrary">
<arg>${validation_error}</arg>
<doc>Waits until the element ``locator`` is enabled.</doc>
<status status="PASS" starttime="20231012 13:56:24.945" endtime="20231012 13:56:24.976"/>
</kw>
<kw name="Log" library="BuiltIn">
<arg>Error: First Name is required</arg>
<doc>Logs the given message with the given level.</doc>
<msg timestamp="20231012 13:56:24.976" level="INFO">Error: First Name is required</msg>
<status status="PASS" starttime="20231012 13:56:24.976" endtime="20231012 13:56:24.976"/>
</kw>
<kw name="Capture Page Screenshot" library="SeleniumLibrary">
<doc>Takes a screenshot of the current page and embeds it into a log file.</doc>
<msg timestamp="20231012 13:56:25.058" level="INFO" html="true">&lt;/td&gt;&lt;/tr&gt;&lt;tr&gt;&lt;td colspan="3"&gt;&lt;a href="selenium-screenshot-15.png"&gt;&lt;img src="selenium-screenshot-15.png" width="800px"&gt;&lt;/a&gt;</msg>
<status status="PASS" starttime="20231012 13:56:24.976" endtime="20231012 13:56:25.058"/>
</kw>
<kw name="Sleep" library="BuiltIn">
<arg>2s</arg>
<doc>Pauses the test executed for the given time.</doc>
<msg timestamp="20231012 13:56:27.058" level="INFO">Slept 2 seconds</msg>
<status status="PASS" starttime="20231012 13:56:25.058" endtime="20231012 13:56:27.059"/>
</kw>
<status status="PASS" starttime="20231012 13:56:22.683" endtime="20231012 13:56:27.059"/>
</kw>
<kw name="Close Browser" library="SeleniumLibrary" type="TEARDOWN">
<doc>Closes the current browser.</doc>
<status status="PASS" starttime="20231012 13:56:27.059" endtime="20231012 13:56:27.127"/>
</kw>
<doc>delivery-details-firstname-validation-check</doc>
<status status="PASS" starttime="20231012 13:56:17.688" endtime="20231012 13:56:27.127"/>
</test>
<status status="PASS" starttime="20231012 13:56:17.685" endtime="20231012 13:56:27.128"/>
</suite>
<suite id="s1-s13" name="Delivery-Details-Lastname-Validation-Check" source="/home/tushars/PycharmProjects/assign/login-suite/Standard_user-suite/delivery-details-lastname-validation-check.robot">
<test id="s1-s13-t1" name="delivery-details-lastname-validation-check." line="8">
<kw name="Open Browser" library="SeleniumLibrary" type="SETUP">
<arg>browser=Chrome</arg>
[...]
<kw name="Open Browser" library="SeleniumLibrary" type="SETUP">
<arg>browser=Chrome</arg>
<doc>Opens a new browser instance to the optional ``url``.</doc>
<msg timestamp="20231012 13:56:59.623" level="INFO">Opening browser 'Chrome' to base url 'None'.</msg>
<status status="PASS" starttime="20231012 13:56:59.623" endtime="20231012 13:57:00.852"/>
</kw>
<kw name="sign in by standard_user" library="Keywords">
<kw name="open login page" library="Keywords">
<kw name="Open Browser" library="SeleniumLibrary">
<arg>${URL}</arg>
<arg>${Browser}</arg>
<arg>${chromedriver}</arg>
<doc>Opens a new browser instance to the optional ``url``.</doc>
<msg timestamp="20231012 13:57:00.853" level="INFO">Opening browser 'Chrome' to base url 'https://www.saucedemo.com/'.</msg>
<status status="PASS" starttime="20231012 13:57:00.852" endtime="20231012 13:57:02.393"/>
</kw>
<status status="PASS" starttime="20231012 13:57:00.852" endtime="20231012 13:57:02.393"/>
</kw>
<kw name="Input Text" library="SeleniumLibrary">
<arg>${username}</arg>
<arg>standard_user</arg>
<doc>Types the given ``text`` into the text field identified by ``locator``.</doc>
<msg timestamp="20231012 13:57:02.394" level="INFO">Typing text 'standard_user' into text field '//*[@id="user-name"]'.</msg>
<status status="PASS" starttime="20231012 13:57:02.393" endtime="20231012 13:57:02.661"/>
</kw>
<kw name="Input Text" library="SeleniumLibrary">
<arg>${password}</arg>
<arg>secret_sauce</arg>
<doc>Types the given ``text`` into the text field identified by ``locator``.</doc>
<msg timestamp="20231012 13:57:02.662" level="INFO">Typing text 'secret_sauce' into text field '//*[@id="password"]'.</msg>
<status status="PASS" starttime="20231012 13:57:02.661" endtime="20231012 13:57:02.873"/>
</kw>
<kw name="Click Button" library="SeleniumLibrary">
<arg>login-button</arg>
<doc>Clicks the button identified by ``locator``.</doc>
<msg timestamp="20231012 13:57:02.874" level="INFO">Clicking button 'login-button'.</msg>
<status status="PASS" starttime="20231012 13:57:02.874" endtime="20231012 13:57:03.082"/>
</kw>
<status status="PASS" starttime="20231012 13:57:00.852" endtime="20231012 13:57:03.082"/>
</kw>
<kw name="Add to cart from homepage" library="add-to-cart">
<kw name="Click Button" library="SeleniumLibrary">
<arg>add-to-cart-sauce-labs-backpack</arg>
<doc>Clicks the button identified by ``locator``.</doc>
<msg timestamp="20231012 13:57:03.083" level="INFO">Clicking button 'add-to-cart-sauce-labs-backpack'.</msg>
<status status="PASS" starttime="20231012 13:57:03.083" endtime="20231012 13:57:03.216"/>
</kw>
<kw name="Sleep" library="BuiltIn">
<arg>1s</arg>
<doc>Pauses the test executed for the given time.</doc>
<msg timestamp="20231012 13:57:04.217" level="INFO">Slept 1 second</msg>
<status status="PASS" starttime="20231012 13:57:03.217" endtime="20231012 13:57:04.217"/>
</kw>
<status status="PASS" starttime="20231012 13:57:03.082" endtime="20231012 13:57:04.217"/>
</kw>
<kw name="Sleep" library="BuiltIn">
<arg>1s</arg>
<doc>Pauses the test executed for the given time.</doc>
<msg timestamp="20231012 13:57:05.218" level="INFO">Slept 1 second</msg>
<status status="PASS" starttime="20231012 13:57:04.218" endtime="20231012 13:57:05.218"/>
</kw>
<kw name="open product" library="add-to-cart">
<kw name="Click Element" library="SeleniumLibrary">
<arg>//*[@id="item_4_title_link"]</arg>
<doc>Click the element identified by ``locator``.</doc>
<msg timestamp="20231012 13:57:05.219" level="INFO">Clicking element '//*[@id="item_4_title_link"]'.</msg>
<status status="PASS" starttime="20231012 13:57:05.219" endtime="20231012 13:57:05.268"/>
</kw>
<status status="PASS" starttime="20231012 13:57:05.219" endtime="20231012 13:57:05.268"/>
</kw>
<kw name="Sleep" library="BuiltIn">
<arg>1s</arg>
<doc>Pauses the test executed for the given time.</doc>
<msg timestamp="20231012 13:57:06.269" level="INFO">Slept 1 second</msg>
<status status="PASS" starttime="20231012 13:57:05.268" endtime="20231012 13:57:06.269"/>
</kw>
<kw name="option menu" library="Keywords">
<kw name="Click Button" library="SeleniumLibrary">
<arg>Open Menu</arg>
<doc>Clicks the button identified by ``locator``.</doc>
<msg timestamp="20231012 13:57:06.270" level="INFO">Clicking button 'Open Menu'.</msg>
<status status="PASS" starttime="20231012 13:57:06.270" endtime="20231012 13:57:06.346"/>
</kw>
<kw name="Wait Until Element Is Enabled" library="SeleniumLibrary">
<arg>${all_items}</arg>
<doc>Waits until the element ``locator`` is enabled.</doc>
<status status="PASS" starttime="20231012 13:57:06.346" endtime="20231012 13:57:06.378"/>
</kw>
<kw name="Click Element" library="SeleniumLibrary">
<arg>${all_items}</arg>
<doc>Click the element identified by ``locator``.</doc>
<msg timestamp="20231012 13:57:06.379" level="INFO">Clicking element '//*[@id="inventory_sidebar_link"]'.</msg>
<kw name="Capture Page Screenshot" library="SeleniumLibrary">
<doc>Takes a screenshot of the current page and embeds it into a log file.</doc>
<msg timestamp="20231012 13:57:06.496" level="INFO" html="true">&lt;/td&gt;&lt;/tr&gt;&lt;tr&gt;&lt;td colspan="3"&gt;&lt;a href="selenium-screenshot-18.png"&gt;&lt;img src="selenium-screenshot-18.png" width="800px"&gt;&lt;/a&gt;</msg>
<status status="PASS" starttime="20231012 13:57:06.408" endtime="20231012 13:57:06.496"/>
</kw>
<msg timestamp="20231012 13:57:06.496" level="FAIL">ElementNotInteractableException: Message: element not interactable
  (Session info: chrome=118.0.5993.70)
Stacktrace:
#0 0x5617eaca2fb3 &lt;unknown&gt;
#1 0x5617ea9762f6 &lt;unknown&gt;
#2 0x5617ea9bef26 &lt;unknown&gt;
#3 0x5617ea9b3d59 &lt;unknown&gt;
#4 0x5617ea9df942 &lt;unknown&gt;
#5 0x5617ea9b3776 &lt;unknown&gt;
#6 0x5617ea9dfb0e &lt;unknown&gt;
#7 0x5617ea9f8c02 &lt;unknown&gt;
#8 0x5617ea9df713 &lt;unknown&gt;
#9 0x5617ea9b218b &lt;unknown&gt;
#10 0x5617ea9b2f7e &lt;unknown&gt;
#11 0x5617eac688d8 &lt;unknown&gt;
#12 0x5617eac6c800 &lt;unknown&gt;
#13 0x5617eac76cfc &lt;unknown&gt;
#14 0x5617eac6d418 &lt;unknown&gt;
#15 0x5617eac3a42f &lt;unknown&gt;
#16 0x5617eac914e8 &lt;unknown&gt;
#17 0x5617eac916b4 &lt;unknown&gt;
#18 0x5617eaca2143 &lt;unknown&gt;
#19 0x7fe493a94ac3 &lt;unknown&gt;
</msg>
<status status="FAIL" starttime="20231012 13:57:06.378" endtime="20231012 13:57:06.519"/>
</kw>
<status status="FAIL" starttime="20231012 13:57:06.269" endtime="20231012 13:57:06.519"/>
</kw>
<kw name="Sleep" library="BuiltIn">
<arg>3s</arg>
<doc>Pauses the test executed for the given time.</doc>
<status status="NOT RUN" starttime="20231012 13:57:06.519" endtime="20231012 13:57:06.519"/>
</kw>
<kw name="Close Browser" library="SeleniumLibrary" type="TEARDOWN">
<doc>Closes the current browser.</doc>
<status status="PASS" starttime="20231012 13:57:06.519" endtime="20231012 13:57:06.587"/>
</kw>
<doc>return to homepage from product page from leftside Menu All Items option</doc>
<status status="FAIL" starttime="20231012 13:56:59.622" endtime="20231012 13:57:06.588">ElementNotInteractableException: Message: element not interactable
  (Session info: chrome=118.0.5993.70)
Stacktrace:
#0 0x5617eaca2fb3 &lt;unknown&gt;
#1 0x5617ea9762f6 &lt;unknown&gt;
#2 0x5617ea9bef26 &lt;unknown&gt;
#3 0x5617ea9b3d59 &lt;unknown&gt;
#4 0x5617ea9df942 &lt;unknown&gt;
#5 0x5617ea9b3776 &lt;unknown&gt;
#6 0x5617ea9dfb0e &lt;unknown&gt;
#7 0x5617ea9f8c02 &lt;unknown&gt;
#8 0x5617ea9df713 &lt;unknown&gt;
#9 0x5617ea9b218b &lt;unknown&gt;
#10 0x5617ea9b2f7e &lt;unknown&gt;
#11 0x5617eac688d8 &lt;unknown&gt;
#12 0x5617eac6c800 &lt;unknown&gt;
#13 0x5617eac76cfc &lt;unknown&gt;
#14 0x5617eac6d418 &lt;unknown&gt;
#15 0x5617eac3a42f &lt;unknown&gt;
#16 0x5617eac914e8 &lt;unknown&gt;
#17 0x5617eac916b4 &lt;unknown&gt;
#18 0x5617eaca2143 &lt;unknown&gt;
#19 0x7fe493a94ac3 &lt;unknown&gt;
</status>
</test>
<status status="FAIL" starttime="20231012 13:56:59.619" endtime="20231012 13:57:06.588"/>
</suite>
<suite id="s1-s18" name="Sorting-Products" source="/home/tushars/PycharmProjects/assign/login-suite/Standard_user-suite/sorting-products.robot">
<test id="s1-s18-t1" name="sorting Product page" line="9">
<kw name="Open Browser" library="SeleniumLibrary" type="SETUP">
<arg>browser=Chrome</arg>
<doc>Opens a new browser instance to the optional ``url``.</doc>
<msg timestamp="20231012 13:57:06.598" level="INFO">Opening browser 'Chrome' to base url 'None'.</msg>
<status status="PASS" starttime="20231012 13:57:06.597" endtime="20231012 13:57:07.985"/>
</kw>
<kw name="sign in by standard_user" library="Keywords">
<kw name="open login page" library="Keywords">
<kw name="Open Browser" library="SeleniumLibrary">
<arg>${URL}</arg>
<arg>${Browser}</arg>
<arg>${chromedriver}</arg>
<doc>Opens a new browser instance to the optional ``url``.</doc>
<msg timestamp="20231012 13:57:07.987" level="INFO">Opening browser 'Chrome' to base url 'https://www.saucedemo.com/'.</msg>
<status status="PASS" starttime="20231012 13:57:07.986" endtime="20231012 13:57:09.701"/>
</kw>
<status status="PASS" starttime="20231012 13:57:07.986" endtime="20231012 13:57:09.701"/>
</kw>
<kw name="Input Text" library="SeleniumLibrary">
<arg>${username}</arg>
<arg>standard_user</arg>
<doc>Types the given ``text`` into the text field identified by ``locator``.</doc>
<msg timestamp="20231012 13:57:09.702" level="INFO">Typing text 'standard_user' into text field '//*[@id="user-name"]'.</msg>
<status status="PASS" starttime="20231012 13:57:09.701" endtime="20231012 13:57:09.850"/>
</kw>
<kw name="Input Text" library="SeleniumLibrary">
<arg>${password}</arg>
<arg>secret_sauce</arg>
<doc>Types the given ``text`` into the text field identified by ``locator``.</doc>
<msg timestamp="20231012 13:57:09.851" level="INFO">Typing text 'secret_sauce' into text field '//*[@id="password"]'.</msg>
<status status="PASS" starttime="20231012 13:57:09.851" endtime="20231012 13:57:10.051"/>
</kw>
<kw name="Click Button" library="SeleniumLibrary">
<arg>login-button</arg>
<doc>Clicks the button identified by ``locator``.</doc>
<msg timestamp="20231012 13:57:10.053" level="INFO">Clicking button 'login-button'.</msg>
<status status="PASS" starttime="20231012 13:57:10.052" endtime="20231012 13:57:10.202"/>
</kw>
<status status="PASS" starttime="20231012 13:57:07.985" endtime="20231012 13:57:10.202"/>
</kw>
<kw name="sorting-name-A-to-Z" library="Keywords">
<kw name="sort" library="Keywords">
<arg>az</arg>
<kw name="Click Element" library="SeleniumLibrary">
<arg>//*[@class="select_container"]</arg>
<doc>Click the element identified by ``locator``.</doc>
<msg timestamp="20231012 13:57:10.205" level="INFO">Clicking element '//*[@class="select_container"]'.</msg>
<status status="PASS" starttime="20231012 13:57:10.204" endtime="20231012 13:57:10.314"/>
</kw>
<kw name="Select From List By Value" library="SeleniumLibrary">
<arg>//*[@class="product_sort_container"]</arg>
<arg>${value}</arg>
<doc>Selects options from selection list ``locator`` by ``values``.</doc>
<msg timestamp="20231012 13:57:10.316" level="INFO">Selecting options from selection list '//*[@class="product_sort_container"]' by value az.</msg>
<status status="PASS" starttime="20231012 13:57:10.315" endtime="20231012 13:57:10.388"/>
</kw>
<status status="PASS" starttime="20231012 13:57:10.203" endtime="20231012 13:57:10.388"/>
</kw>
<kw name="Sleep" library="BuiltIn">
<arg>2s</arg>
<doc>Pauses the test executed for the given time.</doc>
<msg timestamp="20231012 13:57:12.389" level="INFO">Slept 2 seconds</msg>
<status status="PASS" starttime="20231012 13:57:10.389" endtime="20231012 13:57:12.389"/>
</kw>
<status status="PASS" starttime="20231012 13:57:10.203" endtime="20231012 13:57:12.390"/>
</kw>
<kw name="sorting-name-Z-to-A" library="Keywords">
<kw name="Sleep" library="BuiltIn">
<arg>1s</arg>
<doc>Pauses the test executed for the given time.</doc>
<msg timestamp="20231012 13:57:13.391" level="INFO">Slept 1 second</msg>
<status status="PASS" starttime="20231012 13:57:12.390" endtime="20231012 13:57:13.391"/>
</kw>
<kw name="sort" library="Keywords">
<arg>za</arg>
<kw name="Click Element" library="SeleniumLibrary">
<arg>//*[@class="select_container"]</arg>
<doc>Click the element identified by ``locator``.</doc>
<msg timestamp="20231012 13:57:13.392" level="INFO">Clicking element '//*[@class="select_container"]'.</msg>
<status status="PASS" starttime="20231012 13:57:13.391" endtime="20231012 13:57:13.443"/>
</kw>
<kw name="Select From List By Value" library="SeleniumLibrary">
<arg>//*[@class="product_sort_container"]</arg>
<arg>${value}</arg>
<doc>Selects options from selection list ``locator`` by ``values``.</doc>
<msg timestamp="20231012 13:57:13.444" level="INFO">Selecting options from selection list '//*[@class="product_sort_container"]' by value za.</msg>
<status status="PASS" starttime="20231012 13:57:13.443" endtime="20231012 13:57:13.517"/>
</kw>
<status status="PASS" starttime="20231012 13:57:13.391" endtime="20231012 13:57:13.517"/>
</kw>
<kw name="Sleep" library="BuiltIn">
<arg>2s</arg>
<doc>Pauses the test executed for the given time.</doc>
<msg timestamp="20231012 13:57:15.518" level="INFO">Slept 2 seconds</msg>
<status status="PASS" starttime="20231012 13:57:13.517" endtime="20231012 13:57:15.518"/>
</kw>
<status status="PASS" starttime="20231012 13:57:12.390" endtime="20231012 13:57:15.518"/>
</kw>
<kw name="Sort Price high-low" library="Keywords">
<kw name="sort" library="Keywords">
<arg>hilo</arg>
<kw name="Click Element" library="SeleniumLibrary">
<arg>//*[@class="select_container"]</arg>
<doc>Click the element identified by ``locator``.</doc>
<msg timestamp="20231012 13:57:15.519" level="INFO">Clicking element '//*[@class="select_container"]'.</msg>
<status status="PASS" starttime="20231012 13:57:15.519" endtime="20231012 13:57:15.560"/>
</kw>
<kw name="Select From List By Value" library="SeleniumLibrary">
<arg>//*[@class="product_sort_container"]</arg>
<arg>${value}</arg>
<doc>Selects options from selection list ``locator`` by ``values``.</doc>
<msg timestamp="20231012 13:57:15.561" level="INFO">Selecting options from selection list '//*[@class="product_sort_container"]' by value hilo.</msg>
<status status="PASS" starttime="20231012 13:57:15.560" endtime="20231012 13:57:15.649"/>
</kw>
<status status="PASS" starttime="20231012 13:57:15.519" endtime="20231012 13:57:15.649"/>
</kw>
<kw name="Sleep" library="BuiltIn">
<arg>2s</arg>
<doc>Pauses the test executed for the given time.</doc>
<msg timestamp="20231012 13:57:17.650" level="INFO">Slept 2 seconds</msg>
<status status="PASS" starttime="20231012 13:57:15.649" endtime="20231012 13:57:17.650"/>
</kw>
<status status="PASS" starttime="20231012 13:57:15.518" endtime="20231012 13:57:17.650"/>
</kw>
<kw name="Sort Price Low-high" library="Keywords">
<kw name="sort" library="Keywords">
<arg>lohi</arg>
<kw name="Click Element" library="SeleniumLibrary">
<arg>//*[@class="select_container"]</arg>
<doc>Click the element identified by ``locator``.</doc>
<msg timestamp="20231012 13:57:17.651" level="INFO">Clicking element '//*[@class="select_container"]'.</msg>
<status status="PASS" starttime="20231012 13:57:17.651" endtime="20231012 13:57:17.695"/>
</kw>
<kw name="Select From List By Value" library="SeleniumLibrary">
<arg>//*[@class="product_sort_container"]</arg>
<arg>${value}</arg>
<doc>Selects options from selection list ``locator`` by ``values``.</doc>
<msg timestamp="20231012 13:57:17.696" level="INFO">Selecting options from selection list '//*[@class="product_sort_container"]' by value lohi.</msg>
<status status="PASS" starttime="20231012 13:57:17.695" endtime="20231012 13:57:17.781"/>
</kw>
<status status="PASS" starttime="20231012 13:57:17.651" endtime="20231012 13:57:17.781"/>
</kw>
<kw name="Sleep" library="BuiltIn">
<arg>2s</arg>
<doc>Pauses the test executed for the given time.</doc>
<msg timestamp="20231012 13:57:19.781" level="INFO">Slept 2 seconds</msg>
<status status="PASS" starttime="20231012 13:57:17.781" endtime="20231012 13:57:19.782"/>
</kw>
<status status="PASS" starttime="20231012 13:57:17.650" endtime="20231012 13:57:19.782"/>
</kw>
<kw name="Close Browser" library="SeleniumLibrary" type="TEARDOWN">
<doc>Closes the current browser.</doc>
<status status="PASS" starttime="20231012 13:57:19.782" endtime="20231012 13:57:20.849"/>
</kw>
<status status="PASS" starttime="20231012 13:57:06.597" endtime="20231012 13:57:20.849"/>
</test>
<status status="PASS" starttime="20231012 13:57:06.590" endtime="20231012 13:57:20.849"/>
</suite>
<status status="FAIL" starttime="20231012 13:54:44.670" endtime="20231012 13:57:20.851"/>
</suite>
<statistics>
<total>
<stat pass="16" fail="2" skip="0">All Tests</stat>
</total>
<tag>
</tag>
<suite>
<stat pass="16" fail="2" skip="0" id="s1" name="Standard user-suite">Standard user-suite</stat>
<stat pass="1" fail="0" skip="0" id="s1-s1" name="About-Page">Standard user-suite.About-Page</stat>
<stat pass="1" fail="0" skip="0" id="s1-s2" name="Add-to-cart-and-remove-from-homepage">Standard user-suite.Add-to-cart-and-remove-from-homepage</stat>
<stat pass="1" fail="0" skip="0" id="s1-s3" name="Add-to-cart-from-homepage-remove-from-Cart-page">Standard user-suite.Add-to-cart-from-homepage-remove-from-Cart-page</stat>
<stat pass="1" fail="0" skip="0" id="s1-s4" name="Add-to-cart-from-homepage-standard-user">Standard user-suite.Add-to-cart-from-homepage-standard-user</stat>
<stat pass="0" fail="1" skip="0" id="s1-s5" name="Add-to-cart-from-product-page-from-error user">Standard user-suite.Add-to-cart-from-product-page-from-error user</stat>
<stat pass="1" fail="0" skip="0" id="s1-s6" name="Add-to-cart-from-product-page-from-secret performance glitch user">Standard user-suite.Add-to-cart-from-product-page-from-secret performance glitch user</stat>
<stat pass="1" fail="0" skip="0" id="s1-s7" name="Add-to-cart-from-product-page-from-Standard user">Standard user-suite.Add-to-cart-from-product-page-from-Standard user</stat>
<stat pass="1" fail="0" skip="0" id="s1-s8" name="Add-to-cart-from-productpage-remove-from-Cart-page">Standard user-suite.Add-to-cart-from-productpage-remove-from-Cart-page</stat>
<stat pass="1" fail="0" skip="0" id="s1-s9" name="Add-to-cart-from-productpage-remove-from-homepage">Standard user-suite.Add-to-cart-from-productpage-remove-from-homepage</stat>
<stat pass="1" fail="0" skip="0" id="s1-s10" name="Add-to-cart-homepage-and-remove-from-product">Standard user-suite.Add-to-cart-homepage-and-remove-from-product</stat>
<stat pass="1" fail="0" skip="0" id="s1-s11" name="Cancel-From-Checkout-Page">Standard user-suite.Cancel-From-Checkout-Page</stat>
<stat pass="1" fail="0" skip="0" id="s1-s12" name="Delivery-Details-Firstname-Validation-Check">Standard user-suite.Delivery-Details-Firstname-Validation-Check</stat>
<stat pass="1" fail="0" skip="0" id="s1-s13" name="Delivery-Details-Lastname-Validation-Check">Standard user-suite.Delivery-Details-Lastname-Validation-Check</stat>
<stat pass="1" fail="0" skip="0" id="s1-s14" name="Delivery-Details-Postalcode-Validation-Check">Standard user-suite.Delivery-Details-Postalcode-Validation-Check</stat>
<stat pass="1" fail="0" skip="0" id="s1-s15" name="Multiple-add-tocart-from-homepage-std-user">Standard user-suite.Multiple-add-tocart-from-homepage-std-user</stat>
<stat pass="1" fail="0" skip="0" id="s1-s16" name="Return-to-homepage-from-cartpage-continue-shop">Standard user-suite.Return-to-homepage-from-cartpage-continue-shop</stat>
<stat pass="0" fail="1" skip="0" id="s1-s17" name="return-to-homepage-from-product-page-from-leftside-Menu-All-Items-option">Standard user-suite.return-to-homepage-from-product-page-from-leftside-Menu-All-Items-option</stat>
<stat pass="1" fail="0" skip="0" id="s1-s18" name="Sorting-Products">Standard user-suite.Sorting-Products</stat>
</suite>
</statistics>
<errors>
<msg timestamp="20231012 13:57:06.595" level="ERROR">Error in file '/home/tushars/PycharmProjects/assign/login-suite/Standard_user-suite/sorting-products.robot' on line 4: Resource file 'Keywords.robot' does not exist.</msg>
</errors>
</robot>
