<?xml version="1.0" encoding="UTF-8"?>
<robot generator="Robot 6.1.1 (Python 3.10.12 on linux)" generated="20231012 13:47:30.188" rpa="false" schemaversion="4">
<suite id="s1" name="Add-to-cart-from-product-page-from-secret performance glitch user" source="/home/tushars/PycharmProjects/assign/login-suite/Standard_user-suite/Add-to-cart-from-product-page-from-secret_performance_glitch_user.robot">
<test id="s1-t1" name="Add-to-cart-from-product-page-from-secret_performance_glitch_user" line="9">
<kw name="Open Browser" library="SeleniumLibrary" type="SETUP">
<arg>browser=Chrome</arg>
<doc>Opens a new browser instance to the optional ``url``.</doc>
<msg timestamp="20231012 13:47:30.342" level="INFO">Opening browser 'Chrome' to base url 'None'.</msg>
<status status="PASS" starttime="20231012 13:47:30.342" endtime="20231012 13:47:31.607"/>
</kw>
<kw name="open login page" library="Keywords">
<kw name="Open Browser" library="SeleniumLibrary">
<arg>${URL}</arg>
<arg>${Browser}</arg>
<arg>${chromedriver}</arg>
<doc>Opens a new browser instance to the optional ``url``.</doc>
<msg timestamp="20231012 13:47:31.609" level="INFO">Opening browser 'Chrome' to base url 'https://www.saucedemo.com/'.</msg>
<status status="PASS" starttime="20231012 13:47:31.608" endtime="20231012 13:47:33.231"/>
</kw>
<status status="PASS" starttime="20231012 13:47:31.607" endtime="20231012 13:47:33.231"/>
</kw>
<kw name="sign in with performance_glitch_user" library="Keywords">
<kw name="Input Text" library="SeleniumLibrary">
<arg>${username}</arg>
<arg>performance_glitch_user</arg>
<doc>Types the given ``text`` into the text field identified by ``locator``.</doc>
<msg timestamp="20231012 13:47:33.233" level="INFO">Typing text 'performance_glitch_user' into text field '//*[@id="user-name"]'.</msg>
<status status="PASS" starttime="20231012 13:47:33.232" endtime="20231012 13:47:33.475"/>
</kw>
<kw name="Input Text" library="SeleniumLibrary">
<arg>${password}</arg>
<arg>secret_sauce</arg>
<doc>Types the given ``text`` into the text field identified by ``locator``.</doc>
<msg timestamp="20231012 13:47:33.476" level="INFO">Typing text 'secret_sauce' into text field '//*[@id="password"]'.</msg>
<status status="PASS" starttime="20231012 13:47:33.476" endtime="20231012 13:47:33.626"/>
</kw>
<kw name="Click Button" library="SeleniumLibrary">
<arg>login-button</arg>
<doc>Clicks the button identified by ``locator``.</doc>
<msg timestamp="20231012 13:47:33.627" level="INFO">Clicking button 'login-button'.</msg>
<status status="PASS" starttime="20231012 13:47:33.626" endtime="20231012 13:47:38.786"/>
</kw>
<status status="PASS" starttime="20231012 13:47:33.232" endtime="20231012 13:47:38.786"/>
</kw>
<kw name="Add to cart from Product page" library="add-to-cart">
<kw name="Click Element" library="SeleniumLibrary">
<arg>//*[@id="item_4_title_link"]</arg>
<doc>Click the element identified by ``locator``.</doc>
<msg timestamp="20231012 13:47:38.788" level="INFO">Clicking element '//*[@id="item_4_title_link"]'.</msg>
<status status="PASS" starttime="20231012 13:47:38.787" endtime="20231012 13:47:38.847"/>
</kw>
<kw name="Click Button" library="SeleniumLibrary">
<arg>add-to-cart-sauce-labs-backpack</arg>
<doc>Clicks the button identified by ``locator``.</doc>
<msg timestamp="20231012 13:47:38.847" level="INFO">Clicking button 'add-to-cart-sauce-labs-backpack'.</msg>
<status status="PASS" starttime="20231012 13:47:38.847" endtime="20231012 13:47:38.928"/>
</kw>
<kw name="Sleep" library="BuiltIn">
<arg>1s</arg>
<doc>Pauses the test executed for the given time.</doc>
<msg timestamp="20231012 13:47:39.929" level="INFO">Slept 1 second</msg>
<status status="PASS" starttime="20231012 13:47:38.928" endtime="20231012 13:47:39.929"/>
</kw>
<status status="PASS" starttime="20231012 13:47:38.787" endtime="20231012 13:47:39.929"/>
</kw>
<kw name="check cart" library="Keywords">
<kw name="Click Element" library="SeleniumLibrary">
<arg>${cart_button}</arg>
<doc>Click the element identified by ``locator``.</doc>
<msg timestamp="20231012 13:47:39.931" level="INFO">Clicking element '//*[@id="shopping_cart_container"]'.</msg>
<status status="PASS" starttime="20231012 13:47:39.930" endtime="20231012 13:47:39.974"/>
</kw>
<status status="PASS" starttime="20231012 13:47:39.930" endtime="20231012 13:47:39.974"/>
</kw>
<kw name="Product checkout" library="Keywords">
<kw name="Click Button" library="SeleniumLibrary">
<arg>checkout</arg>
<doc>Clicks the button identified by ``locator``.</doc>
<msg timestamp="20231012 13:47:39.975" level="INFO">Clicking button 'checkout'.</msg>
<status status="PASS" starttime="20231012 13:47:39.974" endtime="20231012 13:47:40.045"/>
</kw>
<status status="PASS" starttime="20231012 13:47:39.974" endtime="20231012 13:47:40.045"/>
</kw>
<kw name="Enter Delivery details" library="Keywords">
<kw name="Input Text" library="SeleniumLibrary">
<arg>firstName</arg>
<arg>Demo</arg>
<doc>Types the given ``text`` into the text field identified by ``locator``.</doc>
<msg timestamp="20231012 13:47:40.046" level="INFO">Typing text 'Demo' into text field 'firstName'.</msg>
<status status="PASS" starttime="20231012 13:47:40.046" endtime="20231012 13:47:40.122"/>
</kw>
<kw name="Input Text" library="SeleniumLibrary">
<arg>lastName</arg>
<arg>assignment</arg>
<doc>Types the given ``text`` into the text field identified by ``locator``.</doc>
<msg timestamp="20231012 13:47:40.123" level="INFO">Typing text 'assignment' into text field 'lastName'.</msg>
<status status="PASS" starttime="20231012 13:47:40.122" endtime="20231012 13:47:40.219"/>
</kw>
<kw name="Input Text" library="SeleniumLibrary">
<arg>postalCode</arg>
<arg>4000011</arg>
<doc>Types the given ``text`` into the text field identified by ``locator``.</doc>
<msg timestamp="20231012 13:47:40.219" level="INFO">Typing text '4000011' into text field 'postalCode'.</msg>
<status status="PASS" starttime="20231012 13:47:40.219" endtime="20231012 13:47:40.296"/>
</kw>
<kw name="Click Button" library="SeleniumLibrary">
<arg>continue</arg>
<doc>Clicks the button identified by ``locator``.</doc>
<msg timestamp="20231012 13:47:40.297" level="INFO">Clicking button 'continue'.</msg>
<status status="PASS" starttime="20231012 13:47:40.297" endtime="20231012 13:47:40.357"/>
</kw>
<kw name="Sleep" library="BuiltIn">
<arg>2s</arg>
<doc>Pauses the test executed for the given time.</doc>
<msg timestamp="20231012 13:47:42.358" level="INFO">Slept 2 seconds</msg>
<status status="PASS" starttime="20231012 13:47:40.357" endtime="20231012 13:47:42.358"/>
</kw>
<status status="PASS" starttime="20231012 13:47:40.045" endtime="20231012 13:47:42.358"/>
</kw>
<kw name="finish button" library="Keywords">
<kw name="Click Button" library="SeleniumLibrary">
<arg>finish</arg>
<doc>Clicks the button identified by ``locator``.</doc>
<msg timestamp="20231012 13:47:42.359" level="INFO">Clicking button 'finish'.</msg>
<status status="PASS" starttime="20231012 13:47:42.359" endtime="20231012 13:47:42.416"/>
</kw>
<status status="PASS" starttime="20231012 13:47:42.358" endtime="20231012 13:47:42.416"/>
</kw>
<kw name="Back to homepage" library="Keywords">
<kw name="Click Button" library="SeleniumLibrary">
<arg>back-to-products</arg>
<doc>Clicks the button identified by ``locator``.</doc>
<msg timestamp="20231012 13:47:42.418" level="INFO">Clicking button 'back-to-products'.</msg>
<status status="PASS" starttime="20231012 13:47:42.417" endtime="20231012 13:47:47.502"/>
</kw>
<status status="PASS" starttime="20231012 13:47:42.416" endtime="20231012 13:47:47.503"/>
</kw>
<kw name="Close All Browsers" library="SeleniumLibrary">
<doc>Closes all open browsers and resets the browser cache.</doc>
<status status="PASS" starttime="20231012 13:47:47.503" endtime="20231012 13:47:47.655"/>
</kw>
<kw name="Close Browser" library="SeleniumLibrary" type="TEARDOWN">
<doc>Closes the current browser.</doc>
<status status="PASS" starttime="20231012 13:47:47.655" endtime="20231012 13:47:47.655"/>
</kw>
<doc>Add-to-cart-from-product-page-from-secret_performance_glitch_user</doc>
<status status="PASS" starttime="20231012 13:47:30.341" endtime="20231012 13:47:47.655"/>
</test>
<status status="PASS" starttime="20231012 13:47:30.189" endtime="20231012 13:47:47.656"/>
</suite>
<statistics>
<total>
<stat pass="1" fail="0" skip="0">All Tests</stat>
</total>
<tag>
</tag>
<suite>
<stat pass="1" fail="0" skip="0" id="s1" name="Add-to-cart-from-product-page-from-secret performance glitch user">Add-to-cart-from-product-page-from-secret performance glitch user</stat>
</suite>
</statistics>
<errors>
</errors>
</robot>
